13:55:46 [info] Furnace version 0.6.
13:55:46 [debug] opening config for read: /home/lucas/.config/furnace/furnace.cfg
13:55:46 [trace] trying: /home/lucas/.config/furnace/furnace.cfg
13:55:46 [info] loading config.
13:55:46 [debug] end of file (No such file or directory)
13:55:46 [debug] setting default preset
13:55:46 [debug] trying to load old preset
13:55:46 [debug] preset size 0
13:55:46 [info] initializing audio.
13:55:46 [trace] listing audio devices
13:55:46 [trace] setting callback
13:55:46 [trace] calling init
13:55:46 [debug] SDL audio driver: pulseaudio
13:55:46 [trace] opening audio device...
13:55:46 [trace] got info: 2 channels, 1024 bufsize
13:55:46 [trace] allocating oscBuf...
13:55:46 [info] initializing MIDI.
13:55:46 [debug] listing devices.
13:55:46 [debug] got port count.
13:55:46 [trace] no MIDI input device selected.
13:55:46 [trace] no MIDI output device selected.
13:55:46 [trace] initAudioBackend done
13:55:46 [trace] creating blip_buf
13:55:46 [trace] setting blip rate of samp_bb (44100.000000)
13:55:46 [trace] initializing dispatch...
13:55:46 [debug] rendering samples...
13:55:46 [info] initializing GUI.
13:55:46 [trace] setting window type to NORMAL.
13:55:46 [debug] initializing video...
13:55:46 [trace] video backend: x11
13:55:46 [trace] scaling managed by application.
13:55:46 [debug] auto-detecting UI scale factor.
13:55:46 [debug] scale factor: 1.000000
13:55:46 [trace] loading image 0 to pool.
13:55:46 [trace] 256x256
13:55:46 [trace] portrait: 0 (1920x1080)
13:55:46 [debug] bounds check: display 0 is at 25x25x1895x1055: xy
13:55:46 [trace] window size: 1920x1080
13:55:46 [info] render backend: OpenGL
13:55:46 [debug] creating window...
13:55:46 [debug] maximizing as it doesn't fit (1920x1080+0+0).
13:55:46 [trace] available render drivers:
13:55:46 [trace] - opengl
13:55:46 [trace] - opengles2
13:55:46 [trace] - software
13:55:46 [debug] starting render backend...
13:55:46 [trace] render backend started
13:55:46 [trace] canvas size: 1920x1080
13:55:46 [debug] preparing user interface...
13:55:46 [debug] auto-detecting UI scale factor.
13:55:46 [debug] scale factor: 1.000000
13:55:46 [debug] building font...
13:55:46 [debug] preparing layout...
13:55:46 [info] done!
13:55:46 [debug] key input: event filter
13:55:46 [trace] window exposed
13:55:46 [trace] window moved to 0x-219
13:55:46 [trace] updateWindow is true
13:55:46 [trace] updating scrConf
13:55:47 [debug] initializing small sinc integral table.
13:55:47 [trace] window moved to 0x-153
13:55:47 [trace] updateWindow is true
13:55:47 [trace] updating scrConf
13:55:47 [trace] window moved to 0x-98
13:55:47 [trace] updateWindow is true
13:55:47 [trace] updating scrConf
13:55:47 [trace] window moved to 0x-61
13:55:47 [trace] updateWindow is true
13:55:47 [trace] updating scrConf
13:55:47 [trace] window moved to 0x-34
13:55:47 [trace] updateWindow is true
13:55:47 [trace] updating scrConf
13:55:47 [trace] window moved to 0x-12
13:55:47 [trace] updateWindow is true
13:55:47 [trace] updating scrConf
13:55:47 [trace] window moved to 0x3
13:55:47 [trace] updateWindow is true
13:55:47 [trace] updating scrConf
13:55:47 [trace] window moved to 0x14
13:55:47 [trace] updateWindow is true
13:55:47 [trace] updating scrConf
13:55:47 [trace] window moved to 0x22
13:55:47 [trace] updateWindow is true
13:55:47 [trace] updating scrConf
13:55:47 [trace] window moved to 0x27
13:55:47 [trace] updateWindow is true
13:55:47 [trace] updating scrConf
13:55:47 [trace] window moved to 0x31
13:55:47 [trace] updateWindow is true
13:55:47 [trace] updating scrConf
13:55:47 [trace] window moved to 0x32
13:55:47 [trace] updateWindow is true
13:55:47 [trace] updating scrConf
13:55:47 [trace] window moved to 0x31
13:55:47 [trace] updateWindow is true
13:55:47 [trace] updating scrConf
13:55:47 [trace] window moved to 0x30
13:55:47 [trace] updateWindow is true
13:55:47 [trace] updating scrConf
13:55:47 [trace] window moved to 0x27
13:55:47 [trace] updateWindow is true
13:55:47 [trace] updating scrConf
13:55:47 [trace] window moved to 0x23
13:55:47 [trace] updateWindow is true
13:55:47 [trace] updating scrConf
13:55:47 [trace] window moved to 0x19
13:55:47 [trace] updateWindow is true
13:55:47 [trace] updating scrConf
13:55:47 [trace] window moved to 0x13
13:55:47 [trace] updateWindow is true
13:55:47 [trace] updating scrConf
13:55:47 [trace] window moved to 0x7
13:55:47 [trace] updateWindow is true
13:55:47 [trace] updating scrConf
13:55:47 [trace] window moved to 0x1
13:55:47 [trace] updateWindow is true
13:55:47 [trace] updating scrConf
13:55:47 [trace] window moved to 0x0
13:55:47 [trace] updateWindow is true
13:55:47 [trace] updating scrConf
13:56:06 [trace] finish selection: 0.1,0 - 0.1,0
13:56:06 [trace] finish selection: 0.0,0 - 0.0,0
13:56:10 [trace] finish selection: 0.0,0 - 0.0,0
13:56:12 [trace] finish selection: 0.0,1 - 0.0,1
13:56:12 [trace] finish selection: 0.0,2 - 0.0,2
13:56:12 [trace] finish selection: 0.0,1 - 0.0,1
13:56:13 [trace] finish selection: 0.0,2 - 0.0,2
13:56:14 [trace] finish selection: 0.0,3 - 0.0,3
13:56:16 [trace] finish selection: 0.0,2 - 0.0,2
13:56:16 [trace] finish selection: 0.0,1 - 0.0,1
13:56:17 [trace] finish selection: 0.0,0 - 0.0,0
13:56:21 [trace] window size changed to 1912x1038
13:56:21 [trace] portrait: 0 (1912x1038)
13:56:21 [debug] window resized to 1912x1038
13:56:21 [trace] window exposed
13:56:21 [trace] window moved to 0x8
13:56:21 [trace] updateWindow is true
13:56:21 [trace] updating scrConf
13:56:21 [trace] window moved to 1x16
13:56:21 [trace] updateWindow is true
13:56:21 [trace] updating scrConf
13:56:21 [trace] window moved to 2x26
13:56:21 [trace] updateWindow is true
13:56:21 [trace] updating scrConf
13:56:21 [trace] window moved to 3x30
13:56:21 [trace] updateWindow is true
13:56:21 [trace] updating scrConf
13:56:21 [trace] window moved to 3x32
13:56:21 [trace] updateWindow is true
13:56:21 [trace] updating scrConf
13:56:21 [trace] window moved to 3x34
13:56:21 [trace] updateWindow is true
13:56:21 [trace] updating scrConf
13:56:21 [trace] window moved to 3x35
13:56:21 [trace] updateWindow is true
13:56:21 [trace] updating scrConf
13:56:21 [trace] window moved to 3x36
13:56:21 [trace] updateWindow is true
13:56:21 [trace] updating scrConf
13:56:21 [trace] window moved to 3x37
13:56:21 [trace] updateWindow is true
13:56:21 [trace] updating scrConf
13:56:21 [trace] window moved to 4x38
13:56:21 [trace] updateWindow is true
13:56:21 [trace] updating scrConf
13:56:21 [trace] window moved to 4x39
13:56:21 [trace] updateWindow is true
13:56:21 [trace] updating scrConf
13:56:21 [trace] window moved to 4x38
13:56:21 [trace] updateWindow is true
13:56:21 [trace] updating scrConf
13:56:25 [trace] backupPath: /home/lucas/.config/furnace/backups
13:56:25 [trace] curFileName: 
13:56:25 [debug] saving backup...
13:56:25 [trace] writing file...
13:56:25 [debug] backup saved.
13:56:28 [trace] finish selection: 0.0,0 - 0.0,0
13:56:29 [trace] finish selection: 0.0,1 - 0.0,1
13:56:30 [trace] finish selection: 0.0,2 - 0.0,2
13:56:30 [trace] finish selection: 0.0,3 - 0.0,3
13:56:31 [trace] finish selection: 0.0,4 - 0.0,4
13:56:31 [trace] finish selection: 0.0,5 - 0.0,5
13:56:32 [trace] finish selection: 0.0,6 - 0.0,6
13:56:34 [trace] playSub() called
13:56:34 [trace] goal: 0 goalRow: 0
13:56:34 [trace] playSub() took 118µs
13:56:36 [trace] finish selection: 0.0,17 - 0.0,17
13:56:37 [trace] finish selection: 0.0,16 - 0.0,16
13:56:37 [trace] finish selection: 0.0,15 - 0.0,15
13:56:38 [trace] finish selection: 0.0,14 - 0.0,14
13:56:38 [trace] finish selection: 0.0,15 - 0.0,15
13:56:38 [trace] finish selection: 0.0,16 - 0.0,16
13:56:39 [trace] finish selection: 0.0,17 - 0.0,17
13:56:39 [trace] playSub() called
13:56:39 [trace] goal: 0 goalRow: 0
13:56:39 [trace] playSub() took 86µs
13:56:55 [trace] backupPath: /home/lucas/.config/furnace/backups
13:56:55 [trace] curFileName: 
13:56:55 [debug] saving backup...
13:56:55 [trace] writing file...
13:56:55 [debug] backup saved.
13:57:25 [trace] backupPath: /home/lucas/.config/furnace/backups
13:57:25 [trace] curFileName: 
13:57:25 [debug] saving backup...
13:57:25 [trace] writing file...
13:57:25 [debug] backup saved.
13:57:55 [trace] backupPath: /home/lucas/.config/furnace/backups
13:57:55 [trace] curFileName: 
13:57:55 [debug] saving backup...
13:57:55 [trace] writing file...
13:57:55 [debug] backup saved.
13:58:26 [trace] backupPath: /home/lucas/.config/furnace/backups
13:58:26 [trace] curFileName: 
13:58:26 [debug] saving backup...
13:58:26 [trace] writing file...
13:58:26 [debug] backup saved.
13:58:56 [trace] backupPath: /home/lucas/.config/furnace/backups
13:58:56 [trace] curFileName: 
13:58:56 [debug] saving backup...
13:58:56 [trace] writing file...
13:58:56 [debug] backup saved.
13:59:26 [trace] backupPath: /home/lucas/.config/furnace/backups
13:59:26 [trace] curFileName: 
13:59:26 [debug] saving backup...
13:59:26 [trace] writing file...
13:59:26 [debug] backup saved.
13:59:56 [trace] backupPath: /home/lucas/.config/furnace/backups
13:59:56 [trace] curFileName: 
13:59:56 [debug] saving backup...
13:59:56 [trace] writing file...
13:59:56 [debug] backup saved.
14:00:26 [trace] backupPath: /home/lucas/.config/furnace/backups
14:00:26 [trace] curFileName: 
14:00:26 [debug] saving backup...
14:00:26 [trace] writing file...
14:00:26 [debug] backup saved.
14:00:56 [trace] backupPath: /home/lucas/.config/furnace/backups
14:00:56 [trace] curFileName: 
14:00:56 [debug] saving backup...
14:00:56 [trace] writing file...
14:00:56 [debug] backup saved.
14:01:26 [trace] backupPath: /home/lucas/.config/furnace/backups
14:01:26 [trace] curFileName: 
14:01:26 [debug] saving backup...
14:01:26 [trace] writing file...
14:01:26 [debug] backup saved.
14:01:56 [trace] backupPath: /home/lucas/.config/furnace/backups
14:01:56 [trace] curFileName: 
14:01:56 [debug] saving backup...
14:01:56 [trace] writing file...
14:01:56 [debug] backup saved.
14:02:06 [info] closing GUI.
14:02:06 [info] stopping engine.
14:02:06 [info] closing audio output.
14:02:06 [trace] terminating dispatch...
14:02:06 [info] saving config.
14:02:06 [debug] rotating config files...
14:02:06 [trace] remove /home/lucas/.config/furnace/furnace.cfg.4
14:02:06 [trace] move /home/lucas/.config/furnace/furnace.cfg.3 to /home/lucas/.config/furnace/furnace.cfg.4
14:02:06 [trace] move /home/lucas/.config/furnace/furnace.cfg.2 to /home/lucas/.config/furnace/furnace.cfg.3
14:02:06 [trace] move /home/lucas/.config/furnace/furnace.cfg.1 to /home/lucas/.config/furnace/furnace.cfg.2
14:02:06 [trace] move /home/lucas/.config/furnace/furnace.cfg to /home/lucas/.config/furnace/furnace.cfg.1
14:02:06 [debug] opening config for write: /home/lucas/.config/furnace/furnace.cfg
14:02:06 [debug] config file written successfully.
