[2024-02-22 08:02:33.615] [info]  [ConfigurationServiceImpl] Current env: release
[2024-02-22 08:02:33.617] [info]  [EleriumCommunicationLayer] setCfCoreHost called with https://api.curseforge.com
[2024-02-22 08:02:33.623] [info]  [BackgroundController] App version: 0.244.4.16117
[2024-02-22 08:02:33.623] [info]  [BackgroundController] OS: linux
[2024-02-22 08:02:33.624] [info]  [BackgroundController] OS version: 6.7.4-arch1-1
[2024-02-22 08:02:33.624] [info]  [BackgroundController] App startup args: /tmp/.mount_CurseFbmoxQq/curseforge
[2024-02-22 08:02:33.653] [info]  [BackgroundController] Failed subscribing app protocol
[2024-02-22 08:02:33.869] [info]  [BackgroundController] Electron App Ready. Continuing Initialization...
[2024-02-22 08:02:34.629] [info]  [AutoUpdaterServiceImpl] Starting Auto Updater Service
[2024-02-22 08:02:34.631] [info]  [ClientOverridesImpl] Fetching https://curseforge.overwolf.com/downloads/client-overrides-v2.json ...
[2024-02-22 08:02:34.743] [info]  [AutoUpdaterServiceImpl] Auto updater is disabled by configuration
[2024-02-22 08:02:34.744] [info]  [MarketingVideosServiceImpl] Fetching https://mrkt.forgecdn.net/app-vids/marketing_videos.json ...
[2024-02-22 08:02:34.748] [info]  [AppUpdatePeriodicChecker] Running periodic app update check
[2024-02-22 08:02:34.748] [info]  [AppUpdateServiceImpl] Checking for available application updates. Current app version is 0.244.4-16117
[2024-02-22 08:02:34.749] [info]  Checking for update
[2024-02-22 08:02:34.749] [info]  Electron Updater - Checking for application update
[2024-02-22 08:02:34.750] [info]  Generated new staging user ID: 9e5d4dfb-a0f2-52e0-ae8c-7c1ef6b9d84d
[2024-02-22 08:02:34.887] [info]  Update for version 0.244.4-16117 is not available (latest version: 0.244.4-16117, downgrade is disallowed).
[2024-02-22 08:02:34.888] [info]  Electron Updater - App update is not available. Latest Version: 0.244.4-16117. Release Date: 2024-02-01T13:34:16.599Z
[2024-02-22 08:02:34.889] [info]  [AppUpdateServiceImpl] No updates are available for the app.
[2024-02-22 08:02:34.889] [info]  [AppUpdatePeriodicChecker] No app update. Scheduling the next update check in 900000 milliseconds
[2024-02-22 08:02:35.112] [info]  [MarketingVideosServiceImpl] Fetching https://mrkt.forgecdn.net/app-vids/onboarding_videos.json ...
[2024-02-22 08:02:35.207] [info]  [ClientOverridesImpl] Fetching https://curseforge.overwolf.com/downloads/client-overrides-v2.json ...
[2024-02-22 08:02:35.347] [info]  [BannerConfigApi] Fetching https://content.overwolf.com/curseforge/app/config/banner-config-v1.json ...
[2024-02-22 08:02:35.633] [info]  [PluginProcessHost] Starting Mods Agent with ports range 65227-65247
[2024-02-22 08:02:35.634] [info]  [PluginProcessHost] Launching Mods Agent process /tmp/.mount_CurseFbmoxQq/resources/app.asar.unpacked/plugins/curse/linux/Curse.Agent.Host with args: --port=65227,--to-port=65247,--pid=361408,--appDataPath=/home/lucas/.config/CurseForge,--clientId=Overwolf
[2024-02-22 08:02:35.641] [info]  [PluginProcessHost] Mods Agent started. pid: 361552
[2024-02-22 08:02:36.143] [info]  [PluginProcessHost] Mods Agent process started
[2024-02-22 08:02:36.145] [info]  [PluginWebSocket] Connecting to Mods Agent CurseForge on ports range 65227-65247
[2024-02-22 08:02:36.148] [info]  [PluginWebSocket] Websocket connection error: Error: connect ECONNREFUSED 127.0.0.1:65227
[2024-02-22 08:02:36.159] [info]  [PluginWebSocket] An error occurred while connecting to the agent plugin.
[2024-02-22 08:02:37.235] [info]  [PluginWebSocket] Connected to mods agent
[2024-02-22 08:02:37.235] [info]  [PluginWebSocket] Connected to Mods Agent on port 65227
[2024-02-22 08:02:38.162] [info]  [GamesScanStartedEventHandler] Games scan started. Comprehensive: false
[2024-02-22 08:02:38.454] [info]  [GamesScanCompletedEventHandler] Games scan completed. Comprehensive: false. Canceled: false
[2024-02-22 08:02:38.476] [info]  [CoreServiceImpl] Mods agent was initialized successfully
[2024-02-22 08:02:38.525] [info]  [MinecraftInstallationServiceImpl] Minecraft install state: false
[2024-02-22 08:02:38.528] [info]  [AppConnectivityService] Reporting app connectivity
[2024-02-22 08:02:38.823] [info]  [AnalyticsService] Sent a Grafana event to https://tracking.overwolf.com/tracking/InsertStats?Stats=true. Status code is 200
[2024-02-22 08:02:38.980] [info]  [MinecraftInstallationServiceImpl] Minecraft install state: false
[2024-02-22 08:02:41.458] [info]  [ReleaseNotesApiImpl] Fetching /0.244.4.16117/release-notes/1 ...
[2024-02-22 08:02:52.293] [info]  [EleriumCommunicationLayer] Request - GET /categories - params: {"gameId":432,"classId":4471}
[2024-02-22 08:02:52.296] [info]  [EleriumCommunicationLayer] Request - GET /categories - params: {"gameId":432,"classesOnly":true}
[2024-02-22 08:02:52.298] [info]  [MeasurementServiceImpl] starting measurement game-dau
[2024-02-22 08:02:52.396] [info]  [MinecraftInstallationServiceImpl] Minecraft install state: false
[2024-02-22 08:02:52.490] [info]  [MinecraftInstallationServiceImpl] Minecraft install state: false
[2024-02-22 08:02:52.934] [info]  [EleriumCommunicationLayer] Request - GET /categories - params: {"gameId":432,"classId":6}
[2024-02-22 08:02:53.133] [info]  [EleriumCommunicationLayer] Request - GET /categories - params: {"gameId":432,"classId":12}
[2024-02-22 08:02:53.309] [info]  [EleriumCommunicationLayer] Request - GET /categories - params: {"gameId":432,"classId":6552}
[2024-02-22 08:02:53.444] [info]  [EleriumCommunicationLayer] Request - GET /categories - params: {"gameId":432,"classId":17}
[2024-02-22 08:02:55.200] [info]  [MinecraftInstallationServiceImpl] Changing location to: /home/lucas/Documents/curseforge/minecraft
[2024-02-22 08:02:57.533] [info]  [MinecraftInstallationServiceImpl] Minecraft install state: true
[2024-02-22 08:03:02.380] [info]  [AnalyticsService] trackDailyUnique is unique: true
[2024-02-22 08:03:09.655] [info]  [EleriumCommunicationLayer] Request - GET /games/432/versions - params: None
[2024-02-22 08:03:09.715] [info]  [EleriumCommunicationLayer] Request - GET /mods/search?classId=4471&gameId=432&pageSize=20&sortField=1&sortOrder=desc&index=0&clientCompatible=false - params: None
[2024-02-22 08:03:09.803] [info]  [EleriumCommunicationLayer] Request - GET /minecraft/modloader?includeAll=true - params: None
[2024-02-22 08:03:10.187] [info]  [WebAddonsServiceImpl] Got 20 search results for game 432. Page 1
[2024-02-22 08:04:20.645] [info]  [EleriumCommunicationLayer] Request - GET /mods/466901 - params: None
[2024-02-22 08:04:20.873] [info]  [EleriumCommunicationLayer] Request - GET /mods/466901/description - params: None
[2024-02-22 08:06:28.592] [info]  [EleriumCommunicationLayer] Request - GET /mods/466901/files/5126739/changelog - params: None
[2024-02-22 08:06:29.769] [info]  [EleriumCommunicationLayer] Request - GET /mods/466901/files?index=0&pageSize=20 - params: None
[2024-02-22 08:07:53.057] [info]  [EleriumCommunicationLayer] Request - GET /mods/search?classId=4471&gameId=432&pageSize=20&sortField=1&sortOrder=desc&index=0&clientCompatible=false - params: None
[2024-02-22 08:07:53.267] [info]  [WebAddonsServiceImpl] Got 20 search results for game 432. Page 1
[2024-02-22 08:08:01.942] [info]  [SessionsService] session ended
[2024-02-22 08:13:23.055] [info]  [NetworkStatusChangedEventHandler] Network Status Changed, Status:Offline
[2024-02-22 08:25:19.825] [info]  [NetworkStatusChangedEventHandler] Network Status Changed, Status:Online
[2024-02-22 08:29:25.952] [info]  [AppUpdatePeriodicChecker] Running periodic app update check
[2024-02-22 08:29:25.953] [info]  [AppUpdateServiceImpl] Checking for available application updates. Current app version is 0.244.4-16117
[2024-02-22 08:29:25.954] [info]  Checking for update
[2024-02-22 08:29:25.954] [info]  Electron Updater - Checking for application update
[2024-02-22 08:29:26.211] [info]  Update for version 0.244.4-16117 is not available (latest version: 0.244.4-16117, downgrade is disallowed).
[2024-02-22 08:29:26.212] [info]  Electron Updater - App update is not available. Latest Version: 0.244.4-16117. Release Date: 2024-02-01T13:34:16.599Z
[2024-02-22 08:29:26.212] [info]  [AppUpdateServiceImpl] No updates are available for the app.
[2024-02-22 08:29:26.213] [info]  [AppUpdatePeriodicChecker] No app update. Scheduling the next update check in 900000 milliseconds
[2024-02-22 08:42:04.494] [info]  [NetworkStatusChangedEventHandler] Network Status Changed, Status:Offline
[2024-02-22 08:57:26.846] [info]  [NetworkStatusChangedEventHandler] Network Status Changed, Status:Online
[2024-02-22 08:57:51.428] [info]  [NetworkStatusChangedEventHandler] Network Status Changed, Status:Offline
[2024-02-22 08:58:34.548] [info]  [NetworkStatusChangedEventHandler] Network Status Changed, Status:Online
[2024-02-22 09:00:20.247] [info]  [AppUpdatePeriodicChecker] Running periodic app update check
[2024-02-22 09:00:20.248] [info]  [AppUpdateServiceImpl] Checking for available application updates. Current app version is 0.244.4-16117
[2024-02-22 09:00:20.248] [info]  Checking for update
[2024-02-22 09:00:20.248] [info]  Electron Updater - Checking for application update
[2024-02-22 09:00:20.427] [info]  Update for version 0.244.4-16117 is not available (latest version: 0.244.4-16117, downgrade is disallowed).
[2024-02-22 09:00:20.428] [info]  Electron Updater - App update is not available. Latest Version: 0.244.4-16117. Release Date: 2024-02-01T13:34:16.599Z
[2024-02-22 09:00:20.428] [info]  [AppUpdateServiceImpl] No updates are available for the app.
[2024-02-22 09:00:20.428] [info]  [AppUpdatePeriodicChecker] No app update. Scheduling the next update check in 900000 milliseconds
[2024-02-22 09:15:20.505] [info]  [AppUpdatePeriodicChecker] Running periodic app update check
[2024-02-22 09:15:20.506] [info]  [AppUpdateServiceImpl] Checking for available application updates. Current app version is 0.244.4-16117
[2024-02-22 09:15:20.507] [info]  Checking for update
[2024-02-22 09:15:20.507] [info]  Electron Updater - Checking for application update
[2024-02-22 09:15:20.680] [info]  Update for version 0.244.4-16117 is not available (latest version: 0.244.4-16117, downgrade is disallowed).
[2024-02-22 09:15:20.681] [info]  Electron Updater - App update is not available. Latest Version: 0.244.4-16117. Release Date: 2024-02-01T13:34:16.599Z
[2024-02-22 09:15:20.681] [info]  [AppUpdateServiceImpl] No updates are available for the app.
[2024-02-22 09:15:20.682] [info]  [AppUpdatePeriodicChecker] No app update. Scheduling the next update check in 900000 milliseconds
[2024-02-22 09:30:20.788] [info]  [AppUpdatePeriodicChecker] Running periodic app update check
[2024-02-22 09:30:20.789] [info]  [AppUpdateServiceImpl] Checking for available application updates. Current app version is 0.244.4-16117
[2024-02-22 09:30:20.822] [info]  Checking for update
[2024-02-22 09:30:20.823] [info]  Electron Updater - Checking for application update
[2024-02-22 09:30:20.996] [info]  Update for version 0.244.4-16117 is not available (latest version: 0.244.4-16117, downgrade is disallowed).
[2024-02-22 09:30:20.996] [info]  Electron Updater - App update is not available. Latest Version: 0.244.4-16117. Release Date: 2024-02-01T13:34:16.599Z
[2024-02-22 09:30:20.997] [info]  [AppUpdateServiceImpl] No updates are available for the app.
[2024-02-22 09:30:20.997] [info]  [AppUpdatePeriodicChecker] No app update. Scheduling the next update check in 900000 milliseconds
[2024-02-22 09:36:04.375] [info]  [NetworkStatusChangedEventHandler] Network Status Changed, Status:Offline
[2024-02-23 08:20:40.066] [info]  [NetworkStatusChangedEventHandler] Network Status Changed, Status:Online
[2024-02-23 08:21:04.617] [info]  [NetworkStatusChangedEventHandler] Network Status Changed, Status:Offline
[2024-02-24 11:52:35.879] [info]  [NetworkStatusChangedEventHandler] Network Status Changed, Status:Offline
[2024-02-24 11:52:36.249] [info]  [NetworkStatusChangedEventHandler] Network Status Changed, Status:Online
[2024-02-24 12:01:15.769] [info]  [AppUpdatePeriodicChecker] Running periodic app update check
[2024-02-24 12:01:15.770] [info]  [AppUpdateServiceImpl] Checking for available application updates. Current app version is 0.244.4-16117
[2024-02-24 12:01:15.771] [info]  Checking for update
[2024-02-24 12:01:15.771] [info]  Electron Updater - Checking for application update
[2024-02-24 12:01:16.024] [info]  Update for version 0.244.4-16117 is not available (latest version: 0.244.4-16117, downgrade is disallowed).
[2024-02-24 12:01:16.024] [info]  Electron Updater - App update is not available. Latest Version: 0.244.4-16117. Release Date: 2024-02-01T13:34:16.599Z
[2024-02-24 12:01:16.024] [info]  [AppUpdateServiceImpl] No updates are available for the app.
[2024-02-24 12:01:16.025] [info]  [AppUpdatePeriodicChecker] No app update. Scheduling the next update check in 900000 milliseconds
[2024-02-24 12:16:16.050] [info]  [AppUpdatePeriodicChecker] Running periodic app update check
[2024-02-24 12:16:16.051] [info]  [AppUpdateServiceImpl] Checking for available application updates. Current app version is 0.244.4-16117
[2024-02-24 12:16:16.052] [info]  Checking for update
[2024-02-24 12:16:16.052] [info]  Electron Updater - Checking for application update
[2024-02-24 12:16:16.218] [info]  Update for version 0.244.4-16117 is not available (latest version: 0.244.4-16117, downgrade is disallowed).
[2024-02-24 12:16:16.218] [info]  Electron Updater - App update is not available. Latest Version: 0.244.4-16117. Release Date: 2024-02-01T13:34:16.599Z
[2024-02-24 12:16:16.219] [info]  [AppUpdateServiceImpl] No updates are available for the app.
[2024-02-24 12:16:16.219] [info]  [AppUpdatePeriodicChecker] No app update. Scheduling the next update check in 900000 milliseconds
[2024-02-24 12:16:18.162] [info]  [AppConnectivityService] Reporting app connectivity
[2024-02-24 12:16:18.399] [info]  [AnalyticsService] Sent a Grafana event to https://tracking.overwolf.com/tracking/InsertStats?Stats=true. Status code is 200
[2024-02-24 12:31:16.326] [info]  [AppUpdatePeriodicChecker] Running periodic app update check
[2024-02-24 12:31:16.327] [info]  [AppUpdateServiceImpl] Checking for available application updates. Current app version is 0.244.4-16117
[2024-02-24 12:31:16.328] [info]  Checking for update
[2024-02-24 12:31:16.328] [info]  Electron Updater - Checking for application update
[2024-02-24 12:31:16.491] [info]  Update for version 0.244.4-16117 is not available (latest version: 0.244.4-16117, downgrade is disallowed).
[2024-02-24 12:31:16.492] [info]  Electron Updater - App update is not available. Latest Version: 0.244.4-16117. Release Date: 2024-02-01T13:34:16.599Z
[2024-02-24 12:31:16.493] [info]  [AppUpdateServiceImpl] No updates are available for the app.
[2024-02-24 12:31:16.493] [info]  [AppUpdatePeriodicChecker] No app update. Scheduling the next update check in 900000 milliseconds
[2024-02-24 12:46:16.523] [info]  [AppUpdatePeriodicChecker] Running periodic app update check
[2024-02-24 12:46:16.524] [info]  [AppUpdateServiceImpl] Checking for available application updates. Current app version is 0.244.4-16117
[2024-02-24 12:46:16.525] [info]  Checking for update
[2024-02-24 12:46:16.526] [info]  Electron Updater - Checking for application update
[2024-02-24 12:46:16.681] [info]  Update for version 0.244.4-16117 is not available (latest version: 0.244.4-16117, downgrade is disallowed).
[2024-02-24 12:46:16.682] [info]  Electron Updater - App update is not available. Latest Version: 0.244.4-16117. Release Date: 2024-02-01T13:34:16.599Z
[2024-02-24 12:46:16.683] [info]  [AppUpdateServiceImpl] No updates are available for the app.
[2024-02-24 12:46:16.683] [info]  [AppUpdatePeriodicChecker] No app update. Scheduling the next update check in 900000 milliseconds
[2024-02-24 13:01:16.774] [info]  [AppUpdatePeriodicChecker] Running periodic app update check
[2024-02-24 13:01:16.775] [info]  [AppUpdateServiceImpl] Checking for available application updates. Current app version is 0.244.4-16117
[2024-02-24 13:01:16.775] [info]  Checking for update
[2024-02-24 13:01:16.776] [info]  Electron Updater - Checking for application update
[2024-02-24 13:01:16.936] [info]  Update for version 0.244.4-16117 is not available (latest version: 0.244.4-16117, downgrade is disallowed).
[2024-02-24 13:01:16.937] [info]  Electron Updater - App update is not available. Latest Version: 0.244.4-16117. Release Date: 2024-02-01T13:34:16.599Z
[2024-02-24 13:01:16.937] [info]  [AppUpdateServiceImpl] No updates are available for the app.
[2024-02-24 13:01:16.937] [info]  [AppUpdatePeriodicChecker] No app update. Scheduling the next update check in 900000 milliseconds
[2024-02-24 13:16:16.948] [info]  [AppUpdatePeriodicChecker] Running periodic app update check
[2024-02-24 13:16:16.950] [info]  [AppUpdateServiceImpl] Checking for available application updates. Current app version is 0.244.4-16117
[2024-02-24 13:16:16.951] [info]  Checking for update
[2024-02-24 13:16:16.952] [info]  Electron Updater - Checking for application update
[2024-02-24 13:16:17.094] [info]  Update for version 0.244.4-16117 is not available (latest version: 0.244.4-16117, downgrade is disallowed).
[2024-02-24 13:16:17.094] [info]  Electron Updater - App update is not available. Latest Version: 0.244.4-16117. Release Date: 2024-02-01T13:34:16.599Z
[2024-02-24 13:16:17.095] [info]  [AppUpdateServiceImpl] No updates are available for the app.
[2024-02-24 13:16:17.095] [info]  [AppUpdatePeriodicChecker] No app update. Scheduling the next update check in 900000 milliseconds
[2024-02-24 13:31:13.839] [info]  [PluginWebSocket] Websocket connection to agent was closed. Reason: , Code: 1006, Type: close. WasClean: false
[2024-02-24 13:31:13.839] [info]  [PluginWebSocket] Websocket connection error. Error: undefined, Message: undefined, Type: undefined
[2024-02-24 13:31:13.839] [info]  [PluginProcessHost] Mods Agent process closed, connected: false (d:false)
[2024-02-24 13:31:13.840] [info]  [PluginProcessHost] Agent process exited with exit code null
[2024-02-24 13:31:13.840] [info]  [CoreServiceImpl] Disconnected: null
[2024-02-24 13:31:15.287] [info]  [AnalyticsService] Sent a Grafana event to https://tracking.overwolf.com/tracking/InsertStats?Stats=true. Status code is 200
[2024-02-24 13:31:17.104] [info]  [AppUpdatePeriodicChecker] Running periodic app update check
[2024-02-24 13:31:17.106] [info]  [AppUpdateServiceImpl] Checking for available application updates. Current app version is 0.244.4-16117
[2024-02-24 13:31:17.107] [info]  Checking for update
[2024-02-24 13:31:17.107] [info]  Electron Updater - Checking for application update
[2024-02-24 13:31:17.267] [info]  Update for version 0.244.4-16117 is not available (latest version: 0.244.4-16117, downgrade is disallowed).
[2024-02-24 13:31:17.267] [info]  Electron Updater - App update is not available. Latest Version: 0.244.4-16117. Release Date: 2024-02-01T13:34:16.599Z
[2024-02-24 13:31:17.268] [info]  [AppUpdateServiceImpl] No updates are available for the app.
[2024-02-24 13:31:17.268] [info]  [AppUpdatePeriodicChecker] No app update. Scheduling the next update check in 900000 milliseconds
