2023-02-08 02:00:44 Loading main app package /usr/lib/obsidian/obsidian.asar
2023-02-08 02:00:44 Checking for update using Github
2023-02-08 02:00:45 Success.
2023-02-08 02:00:45 Latest version is 1.1.9
2023-02-08 02:00:45 App is up to date.
2023-02-11 01:28:29 Loading main app package /usr/lib/obsidian/obsidian.asar
2023-02-11 01:28:29 Checking for update using Github
2023-02-11 01:28:30 Success.
2023-02-11 01:28:30 Latest version is 1.1.9
2023-02-11 01:28:30 App is up to date.
2023-02-11 19:50:37 Loading main app package /usr/lib/obsidian/obsidian.asar
2023-02-11 19:50:37 Checking for update using Github
2023-02-11 19:50:37 Success.
2023-02-11 19:50:37 Latest version is 1.1.9
2023-02-11 19:50:37 App is up to date.
2023-02-11 22:06:37 Loading main app package /usr/lib/obsidian/obsidian.asar
2023-02-11 22:06:38 Checking for update using Github
2023-02-11 22:06:38 Success.
2023-02-11 22:06:38 Latest version is 1.1.9
2023-02-11 22:06:38 App is up to date.
2023-02-12 15:11:08 Loading main app package /usr/lib/obsidian/obsidian.asar
2023-02-12 15:11:09 Checking for update using Github
2023-02-12 15:11:09 Success.
2023-02-12 15:11:09 Latest version is 1.1.9
2023-02-12 15:11:09 App is up to date.
2023-02-12 16:11:09 Checking for update using Github
2023-02-12 16:11:09 Success.
2023-02-12 16:11:09 Latest version is 1.1.9
2023-02-12 16:11:09 App is up to date.
2023-02-12 18:58:52 Checking for update using Github
2023-02-12 18:58:52 Success.
2023-02-12 18:58:52 Latest version is 1.1.9
2023-02-12 18:58:52 App is up to date.
2023-02-17 19:47:11 Loading main app package /usr/lib/obsidian/obsidian.asar
2023-02-17 19:47:12 Checking for update using Github
2023-02-17 19:47:12 Success.
2023-02-17 19:47:12 Latest version is 1.1.9
2023-02-17 19:47:12 App is up to date.
2023-02-17 19:58:43 Loading main app package /usr/lib/obsidian/obsidian.asar
2023-02-17 19:58:43 Checking for update using Github
2023-02-17 19:58:43 Success.
2023-02-17 19:58:43 Latest version is 1.1.9
2023-02-17 19:58:43 App is up to date.
2023-02-17 20:58:43 Checking for update using Github
2023-02-17 20:58:43 Success.
2023-02-17 20:58:43 Latest version is 1.1.9
2023-02-17 20:58:43 App is up to date.
2023-02-17 21:58:43 Checking for update using Github
2023-02-17 21:58:43 Success.
2023-02-17 21:58:43 Latest version is 1.1.9
2023-02-17 21:58:43 App is up to date.
2023-02-17 22:58:43 Checking for update using Github
2023-02-17 22:58:43 Success.
2023-02-17 22:58:43 Latest version is 1.1.9
2023-02-17 22:58:43 App is up to date.
2023-02-17 23:58:43 Checking for update using Github
2023-02-17 23:58:43 Success.
2023-02-17 23:58:43 Latest version is 1.1.9
2023-02-17 23:58:43 App is up to date.
2023-02-18 00:58:43 Checking for update using Github
2023-02-18 00:58:43 Success.
2023-02-18 00:58:43 Latest version is 1.1.9
2023-02-18 00:58:43 App is up to date.
2023-02-18 01:58:43 Checking for update using Github
2023-02-18 01:58:44 Success.
2023-02-18 01:58:44 Latest version is 1.1.9
2023-02-18 01:58:44 App is up to date.
2023-02-19 19:01:20 Loading main app package /usr/lib/obsidian/obsidian.asar
2023-02-19 19:01:20 Checking for update using Github
2023-02-19 19:01:21 Success.
2023-02-19 19:01:21 Latest version is 1.1.9
2023-02-19 19:01:21 App is up to date.
2023-02-19 20:01:21 Checking for update using Github
2023-02-19 20:01:22 Success.
2023-02-19 20:01:22 Latest version is 1.1.9
2023-02-19 20:01:22 App is up to date.
2023-02-19 21:01:21 Checking for update using Github
2023-02-19 21:01:22 Success.
2023-02-19 21:01:22 Latest version is 1.1.9
2023-02-19 21:01:22 App is up to date.
2023-02-19 22:01:21 Checking for update using Github
2023-02-19 22:01:22 Success.
2023-02-19 22:01:22 Latest version is 1.1.9
2023-02-19 22:01:22 App is up to date.
2023-02-19 23:01:21 Checking for update using Github
2023-02-19 23:01:22 Success.
2023-02-19 23:01:22 Latest version is 1.1.9
2023-02-19 23:01:22 App is up to date.
2023-02-20 19:14:57 Loading main app package /usr/lib/obsidian/obsidian.asar
2023-02-20 19:14:57 Checking for update using Github
2023-02-20 19:14:58 Success.
2023-02-20 19:14:58 Latest version is 1.1.9
2023-02-20 19:14:58 App is up to date.
2023-02-26 06:41:20 Loading main app package /usr/lib/obsidian/obsidian.asar
2023-02-26 06:41:20 Checking for update using Github
2023-02-26 06:41:48 Failed to check for update using Github (net::ERR_NAME_NOT_RESOLVED)
2023-02-26 06:41:48 Checking for update using obsidian.md
2023-02-26 06:42:16 Failed to check for update using obsidian.md (net::ERR_NAME_NOT_RESOLVED)
2023-02-26 07:41:20 Checking for update using Github
2023-02-26 07:41:20 Failed to check for update using Github (net::ERR_NAME_NOT_RESOLVED)
2023-02-26 07:41:20 Checking for update using obsidian.md
2023-02-26 07:41:20 Failed to check for update using obsidian.md (net::ERR_NAME_NOT_RESOLVED)
2023-02-26 08:41:20 Checking for update using Github
2023-02-26 08:41:20 Failed to check for update using Github (net::ERR_NAME_NOT_RESOLVED)
2023-02-26 08:41:20 Checking for update using obsidian.md
2023-02-26 08:41:20 Failed to check for update using obsidian.md (net::ERR_NAME_NOT_RESOLVED)
2023-02-26 09:41:20 Checking for update using Github
2023-02-26 09:41:20 Failed to check for update using Github (net::ERR_NAME_NOT_RESOLVED)
2023-02-26 09:41:20 Checking for update using obsidian.md
2023-02-26 09:41:20 Failed to check for update using obsidian.md (net::ERR_NAME_NOT_RESOLVED)
2023-02-26 10:41:20 Checking for update using Github
2023-02-26 10:41:20 Failed to check for update using Github (net::ERR_NAME_NOT_RESOLVED)
2023-02-26 10:41:20 Checking for update using obsidian.md
2023-02-26 10:41:20 Failed to check for update using obsidian.md (net::ERR_NAME_NOT_RESOLVED)
2023-02-26 14:15:51 Loading main app package /usr/lib/obsidian/obsidian.asar
2023-02-26 14:15:51 Checking for update using Github
2023-02-26 14:15:51 Failed to check for update using Github (net::ERR_NAME_NOT_RESOLVED)
2023-02-26 14:15:51 Checking for update using obsidian.md
2023-02-26 14:15:51 Failed to check for update using obsidian.md (net::ERR_NAME_NOT_RESOLVED)
2023-02-27 05:35:55 Loading main app package /usr/lib/obsidian/obsidian.asar
2023-02-27 05:35:56 Checking for update using Github
2023-02-27 05:35:56 Failed to check for update using Github (net::ERR_NAME_NOT_RESOLVED)
2023-02-27 05:35:56 Checking for update using obsidian.md
2023-02-27 05:35:56 Failed to check for update using obsidian.md (net::ERR_NAME_NOT_RESOLVED)
2023-02-27 06:35:55 Checking for update using Github
2023-02-27 06:35:56 Failed to check for update using Github (net::ERR_NAME_NOT_RESOLVED)
2023-02-27 06:35:56 Checking for update using obsidian.md
2023-02-27 06:35:56 Failed to check for update using obsidian.md (net::ERR_NAME_NOT_RESOLVED)
2023-02-27 07:35:56 Checking for update using Github
2023-02-27 07:35:56 Failed to check for update using Github (net::ERR_NAME_NOT_RESOLVED)
2023-02-27 07:35:56 Checking for update using obsidian.md
2023-02-27 07:35:56 Failed to check for update using obsidian.md (net::ERR_NAME_NOT_RESOLVED)
2023-02-27 08:35:56 Checking for update using Github
2023-02-27 08:35:56 Failed to check for update using Github (net::ERR_NAME_NOT_RESOLVED)
2023-02-27 08:35:56 Checking for update using obsidian.md
2023-02-27 08:35:56 Failed to check for update using obsidian.md (net::ERR_NAME_NOT_RESOLVED)
2023-02-27 09:35:56 Checking for update using Github
2023-02-27 09:35:56 Failed to check for update using Github (net::ERR_NAME_NOT_RESOLVED)
2023-02-27 09:35:56 Checking for update using obsidian.md
2023-02-27 09:35:56 Failed to check for update using obsidian.md (net::ERR_NAME_NOT_RESOLVED)
2023-02-27 10:35:56 Checking for update using Github
2023-02-27 10:35:56 Failed to check for update using Github (net::ERR_NAME_NOT_RESOLVED)
2023-02-27 10:35:56 Checking for update using obsidian.md
2023-02-27 10:35:56 Failed to check for update using obsidian.md (net::ERR_NAME_NOT_RESOLVED)
2023-02-27 11:35:56 Checking for update using Github
2023-02-27 11:35:56 Failed to check for update using Github (net::ERR_NAME_NOT_RESOLVED)
2023-02-27 11:35:56 Checking for update using obsidian.md
2023-02-27 11:35:56 Failed to check for update using obsidian.md (net::ERR_NAME_NOT_RESOLVED)
2023-02-27 12:35:56 Checking for update using Github
2023-02-27 12:35:56 Failed to check for update using Github (net::ERR_NAME_NOT_RESOLVED)
2023-02-27 12:35:56 Checking for update using obsidian.md
2023-02-27 12:35:56 Failed to check for update using obsidian.md (net::ERR_NAME_NOT_RESOLVED)
2023-02-27 21:23:17 Checking for update using Github
2023-02-27 21:23:17 Failed to check for update using Github (net::ERR_NAME_NOT_RESOLVED)
2023-02-27 21:23:17 Checking for update using obsidian.md
2023-02-27 21:23:17 Failed to check for update using obsidian.md (net::ERR_NAME_NOT_RESOLVED)
2023-03-02 23:02:35 Loading main app package /usr/lib/obsidian/obsidian.asar
2023-03-02 23:02:35 Checking for update using Github
2023-03-02 23:02:35 Failed to check for update using Github (net::ERR_NAME_NOT_RESOLVED)
2023-03-02 23:02:35 Checking for update using obsidian.md
2023-03-02 23:02:35 Failed to check for update using obsidian.md (net::ERR_NAME_NOT_RESOLVED)
2023-03-03 00:02:35 Checking for update using Github
2023-03-03 00:02:35 Failed to check for update using Github (net::ERR_INTERNET_DISCONNECTED)
2023-03-03 00:02:35 Checking for update using obsidian.md
2023-03-03 00:02:35 Failed to check for update using obsidian.md (net::ERR_INTERNET_DISCONNECTED)
2023-03-03 01:02:36 Checking for update using Github
2023-03-03 01:02:36 Success.
2023-03-03 01:02:36 Latest version is 1.1.16
2023-03-03 01:02:36 Downloading update from https://github.com/obsidianmd/obsidian-releases/releases/download/v1.1.16/obsidian-1.1.16.asar.gz
2023-03-03 01:02:37 Verifying hash & signature. Size= 5766915
2023-03-03 01:02:37 Saving file
2023-03-03 01:02:37 Update complete.
2023-03-03 02:02:36 Checking for update using Github
2023-03-03 02:02:36 Success.
2023-03-03 02:02:36 Latest version is 1.1.16
2023-03-03 02:02:36 An update is already downloaded.
2023-03-04 14:59:08 Loading updated app package /home/lucas/.config/obsidian/obsidian-1.1.16.asar
2023-03-04 14:59:08 Checking for update using Github
2023-03-04 14:59:08 Success.
2023-03-04 14:59:08 Latest version is 1.1.16
2023-03-04 14:59:08 App is up to date.
2023-03-04 17:07:09 Loading updated app package /home/lucas/.config/obsidian/obsidian-1.1.16.asar
2023-03-04 17:07:09 Checking for update using Github
2023-03-04 17:07:09 Success.
2023-03-04 17:07:09 Latest version is 1.1.16
2023-03-04 17:07:09 App is up to date.
2023-03-06 22:03:43 Loading updated app package /home/lucas/.config/obsidian/obsidian-1.1.16.asar
2023-03-06 22:03:44 Checking for update using Github
2023-03-06 22:03:44 Success.
2023-03-06 22:03:44 Latest version is 1.1.16
2023-03-06 22:03:44 App is up to date.
2023-03-08 20:40:22 Loading main app package /usr/lib/obsidian/obsidian.asar
2023-03-08 20:40:22 Checking for update using Github
2023-03-08 20:40:22 Success.
2023-03-08 20:40:22 Latest version is 1.1.16
2023-03-08 20:40:22 App is up to date.
2023-03-09 00:03:35 Loading main app package /usr/lib/obsidian/obsidian.asar
2023-03-09 00:03:35 Checking for update using Github
2023-03-09 00:03:35 Success.
2023-03-09 00:03:35 Latest version is 1.1.16
2023-03-09 00:03:35 App is up to date.
2023-03-09 00:08:10 Loading main app package /usr/lib/obsidian/obsidian.asar
2023-03-09 00:08:10 Checking for update using Github
2023-03-09 00:08:10 Success.
2023-03-09 00:08:10 Latest version is 1.1.16
2023-03-09 00:08:10 App is up to date.
2023-03-11 22:57:49 Loading main app package /usr/lib/obsidian/obsidian.asar
2023-03-11 22:57:49 Checking for update using Github
2023-03-11 22:57:49 Success.
2023-03-11 22:57:49 Latest version is 1.1.16
2023-03-11 22:57:49 App is up to date.
2023-03-11 23:57:50 Checking for update using Github
2023-03-11 23:57:50 Success.
2023-03-11 23:57:50 Latest version is 1.1.16
2023-03-11 23:57:50 App is up to date.
2023-03-12 02:02:18 Checking for update using Github
2023-03-12 02:02:19 Success.
2023-03-12 02:02:19 Latest version is 1.1.16
2023-03-12 02:02:19 App is up to date.
2023-03-12 03:02:18 Checking for update using Github
2023-03-12 03:02:19 Success.
2023-03-12 03:02:19 Latest version is 1.1.16
2023-03-12 03:02:19 App is up to date.
2023-03-12 13:04:49 Checking for update using Github
2023-03-12 13:04:49 Success.
2023-03-12 13:04:49 Latest version is 1.1.16
2023-03-12 13:04:49 App is up to date.
2023-03-12 14:04:49 Checking for update using Github
2023-03-12 14:04:49 Success.
2023-03-12 14:04:49 Latest version is 1.1.16
2023-03-12 14:04:49 App is up to date.
2023-03-12 21:06:53 Loading main app package /usr/lib/obsidian/obsidian.asar
2023-03-12 21:06:53 Checking for update using Github
2023-03-12 21:06:54 Success.
2023-03-12 21:06:54 Latest version is 1.1.16
2023-03-12 21:06:54 App is up to date.
2023-03-12 22:06:53 Checking for update using Github
2023-03-12 22:06:55 Success.
2023-03-12 22:06:55 Latest version is 1.1.16
2023-03-12 22:06:55 App is up to date.
2023-03-12 23:06:54 Checking for update using Github
2023-03-12 23:06:56 Success.
2023-03-12 23:06:56 Latest version is 1.1.16
2023-03-12 23:06:56 App is up to date.
2023-03-13 22:35:58 Loading main app package /usr/lib/obsidian/obsidian.asar
2023-03-13 22:35:59 Checking for update using Github
2023-03-13 22:35:59 Success.
2023-03-13 22:35:59 Latest version is 1.1.16
2023-03-13 22:35:59 App is up to date.
2023-03-13 22:52:51 Loading main app package /usr/lib/obsidian/obsidian.asar
2023-03-13 22:52:51 Checking for update using Github
2023-03-13 22:52:52 Success.
2023-03-13 22:52:52 Latest version is 1.1.16
2023-03-13 22:52:52 App is up to date.
2023-03-13 23:52:51 Checking for update using Github
2023-03-13 23:52:52 Success.
2023-03-13 23:52:52 Latest version is 1.1.16
2023-03-13 23:52:52 App is up to date.
2023-03-14 01:33:34 Checking for update using Github
2023-03-14 01:33:34 Success.
2023-03-14 01:33:34 Latest version is 1.1.16
2023-03-14 01:33:34 App is up to date.
2023-03-14 23:39:34 Loading main app package /usr/lib/obsidian/obsidian.asar
2023-03-14 23:39:34 Checking for update using Github
2023-03-14 23:39:35 Success.
2023-03-14 23:39:35 Latest version is 1.1.16
2023-03-14 23:39:35 App is up to date.
2023-03-15 00:39:34 Checking for update using Github
2023-03-15 00:39:34 Success.
2023-03-15 00:39:34 Latest version is 1.1.16
2023-03-15 00:39:34 App is up to date.
2023-03-15 01:39:34 Checking for update using Github
2023-03-15 01:39:34 Success.
2023-03-15 01:39:34 Latest version is 1.1.16
2023-03-15 01:39:34 App is up to date.
2023-03-16 13:04:53 Loading main app package /usr/lib/obsidian/obsidian.asar
2023-03-16 13:04:53 Checking for update using Github
2023-03-16 13:04:53 Success.
2023-03-16 13:04:53 Latest version is 1.1.16
2023-03-16 13:04:53 App is up to date.
2023-03-16 23:30:03 Loading main app package /usr/lib/obsidian/obsidian.asar
2023-03-16 23:30:04 Checking for update using Github
2023-03-16 23:30:04 Success.
2023-03-16 23:30:04 Latest version is 1.1.16
2023-03-16 23:30:04 App is up to date.
2023-03-17 00:30:04 Checking for update using Github
2023-03-17 00:30:04 Success.
2023-03-17 00:30:04 Latest version is 1.1.16
2023-03-17 00:30:04 App is up to date.
2023-03-17 13:12:24 Loading main app package /usr/lib/obsidian/obsidian.asar
2023-03-17 13:12:24 Checking for update using Github
2023-03-17 13:12:24 Success.
2023-03-17 13:12:24 Latest version is 1.1.16
2023-03-17 13:12:24 App is up to date.
2023-03-18 00:25:55 Loading main app package /usr/lib/obsidian/obsidian.asar
2023-03-18 00:25:55 Checking for update using Github
2023-03-18 00:25:55 Success.
2023-03-18 00:25:55 Latest version is 1.1.16
2023-03-18 00:25:55 App is up to date.
2023-03-18 01:53:55 Checking for update using Github
2023-03-18 01:53:55 Success.
2023-03-18 01:53:55 Latest version is 1.1.16
2023-03-18 01:53:55 App is up to date.
2023-03-18 16:09:13 Loading main app package /usr/lib/obsidian/obsidian.asar
2023-03-18 16:09:14 Checking for update using Github
2023-03-18 16:09:14 Success.
2023-03-18 16:09:14 Latest version is 1.1.16
2023-03-18 16:09:14 App is up to date.
2023-03-18 18:19:07 Checking for update using Github
2023-03-18 18:19:07 Success.
2023-03-18 18:19:07 Latest version is 1.1.16
2023-03-18 18:19:07 App is up to date.
2023-03-18 19:19:07 Checking for update using Github
2023-03-18 19:19:07 Success.
2023-03-18 19:19:07 Latest version is 1.1.16
2023-03-18 19:19:07 App is up to date.
2023-03-18 20:19:07 Checking for update using Github
2023-03-18 20:19:08 Success.
2023-03-18 20:19:08 Latest version is 1.1.16
2023-03-18 20:19:08 App is up to date.
2023-03-19 02:50:00 Checking for update using Github
2023-03-19 15:58:54 Loading main app package /usr/lib/obsidian/obsidian.asar
2023-03-19 15:58:54 Checking for update using Github
2023-03-19 15:58:54 Success.
2023-03-19 15:58:54 Latest version is 1.1.16
2023-03-19 15:58:54 App is up to date.
2023-03-19 16:58:54 Checking for update using Github
2023-03-19 16:58:54 Success.
2023-03-19 16:58:54 Latest version is 1.1.16
2023-03-19 16:58:54 App is up to date.
2023-03-19 17:58:54 Checking for update using Github
2023-03-19 17:58:54 Success.
2023-03-19 17:58:54 Latest version is 1.1.16
2023-03-19 17:58:54 App is up to date.
2023-03-25 14:34:23 Loading main app package /usr/lib/obsidian/obsidian.asar
2023-03-25 14:34:24 Checking for update using Github
2023-03-25 14:34:24 Success.
2023-03-25 14:34:24 Latest version is 1.1.16
2023-03-25 14:34:24 App is up to date.
2023-03-25 14:35:27 Loading main app package /usr/lib/obsidian/obsidian.asar
2023-03-25 14:35:27 Checking for update using Github
2023-03-25 14:35:27 Success.
2023-03-25 14:35:27 Latest version is 1.1.16
2023-03-25 14:35:27 App is up to date.
2023-03-25 16:04:16 Checking for update using Github
2023-03-25 16:04:17 Success.
2023-03-25 16:04:17 Latest version is 1.1.16
2023-03-25 16:04:17 App is up to date.
2023-03-26 15:58:43 Loading main app package /usr/lib/obsidian/obsidian.asar
2023-03-26 15:58:43 Checking for update using Github
2023-03-26 15:58:44 Success.
2023-03-26 15:58:44 Latest version is 1.1.16
2023-03-26 15:58:44 App is up to date.
2023-03-26 16:58:43 Checking for update using Github
2023-03-26 16:58:43 Success.
2023-03-26 16:58:43 Latest version is 1.1.16
2023-03-26 16:58:43 App is up to date.
2023-03-26 17:58:43 Checking for update using Github
2023-03-26 17:58:43 Success.
2023-03-26 17:58:43 Latest version is 1.1.16
2023-03-26 17:58:43 App is up to date.
2023-03-26 18:58:43 Checking for update using Github
2023-03-26 18:58:44 Success.
2023-03-26 18:58:44 Latest version is 1.1.16
2023-03-26 18:58:44 App is up to date.
2023-03-26 19:58:44 Checking for update using Github
2023-03-26 19:58:44 Success.
2023-03-26 19:58:44 Latest version is 1.1.16
2023-03-26 19:58:44 App is up to date.
2023-03-26 20:58:44 Checking for update using Github
2023-03-26 20:58:44 Success.
2023-03-26 20:58:44 Latest version is 1.1.16
2023-03-26 20:58:44 App is up to date.
2023-03-26 21:58:44 Checking for update using Github
2023-03-26 21:58:44 Success.
2023-03-26 21:58:44 Latest version is 1.1.16
2023-03-26 21:58:44 App is up to date.
2023-03-26 22:58:44 Checking for update using Github
2023-03-26 22:58:44 Success.
2023-03-26 22:58:44 Latest version is 1.1.16
2023-03-26 22:58:44 App is up to date.
2023-03-26 23:58:44 Checking for update using Github
2023-03-26 23:58:44 Success.
2023-03-26 23:58:44 Latest version is 1.1.16
2023-03-26 23:58:44 App is up to date.
2023-03-27 19:56:42 Loading main app package /usr/lib/obsidian/obsidian.asar
2023-03-27 19:56:42 Checking for update using Github
2023-03-27 19:56:42 Success.
2023-03-27 19:56:42 Latest version is 1.1.16
2023-03-27 19:56:42 App is up to date.
2023-03-29 21:04:26 Loading main app package /usr/lib/obsidian/obsidian.asar
2023-03-29 21:04:27 Checking for update using Github
2023-03-29 21:04:27 Success.
2023-03-29 21:04:27 Latest version is 1.1.16
2023-03-29 21:04:27 App is up to date.
2023-03-29 21:08:29 Loading main app package /usr/lib/obsidian/obsidian.asar
2023-03-29 21:08:29 Checking for update using Github
2023-03-31 18:34:32 Loading main app package /usr/lib/obsidian/obsidian.asar
2023-03-31 18:34:32 Checking for update using Github
2023-03-31 18:34:33 Success.
2023-03-31 18:34:33 Latest version is 1.1.16
2023-03-31 18:34:33 App is up to date.
2023-03-31 19:34:32 Checking for update using Github
2023-03-31 19:34:32 Success.
2023-03-31 19:34:32 Latest version is 1.1.16
2023-03-31 19:34:32 App is up to date.
2023-03-31 22:30:39 Checking for update using Github
2023-03-31 22:30:39 Success.
2023-03-31 22:30:39 Latest version is 1.1.16
2023-03-31 22:30:39 App is up to date.
2023-03-31 22:41:48 Loading main app package /usr/lib/obsidian/obsidian.asar
2023-03-31 22:41:48 Checking for update using Github
2023-03-31 23:30:40 Checking for update using Github
2023-03-31 23:30:41 Success.
2023-03-31 23:30:41 Latest version is 1.1.16
2023-03-31 23:30:41 App is up to date.
2023-04-01 00:30:41 Checking for update using Github
2023-04-01 00:30:41 Success.
2023-04-01 00:30:41 Latest version is 1.1.16
2023-04-01 00:30:41 App is up to date.
2023-04-02 22:38:09 Loading main app package /usr/lib/obsidian/obsidian.asar
2023-04-02 22:38:10 Checking for update using Github
2023-04-02 22:38:15 Success.
2023-04-02 22:38:15 Latest version is 1.1.16
2023-04-02 22:38:15 App is up to date.
2023-04-02 23:38:09 Checking for update using Github
2023-04-02 23:38:09 Success.
2023-04-02 23:38:09 Latest version is 1.1.16
2023-04-02 23:38:09 App is up to date.
2023-04-07 16:53:32 Loading main app package /usr/lib/obsidian/obsidian.asar
2023-04-07 16:53:32 Checking for update using Github
2023-04-07 16:53:33 Success.
2023-04-07 16:53:33 Latest version is 1.1.16
2023-04-07 16:53:33 App is up to date.
2023-04-07 23:17:34 Checking for update using Github
2023-04-07 23:17:35 Success.
2023-04-07 23:17:35 Latest version is 1.1.16
2023-04-07 23:17:35 App is up to date.
2023-04-08 01:00:49 Checking for update using Github
2023-04-08 01:00:51 Success.
2023-04-08 01:00:51 Latest version is 1.1.16
2023-04-08 01:00:51 App is up to date.
2023-04-08 02:08:17 Checking for update using Github
2023-04-08 02:08:17 Success.
2023-04-08 02:08:17 Latest version is 1.1.16
2023-04-08 02:08:17 App is up to date.
2023-04-08 16:00:33 Checking for update using Github
2023-04-08 16:00:33 Success.
2023-04-08 16:00:33 Latest version is 1.1.16
2023-04-08 16:00:33 App is up to date.
2023-04-08 23:56:01 Loading main app package /usr/lib/obsidian/obsidian.asar
2023-04-08 23:56:01 Checking for update using Github
2023-04-08 23:56:01 Success.
2023-04-08 23:56:01 Latest version is 1.1.16
2023-04-08 23:56:01 App is up to date.
2023-04-12 23:47:45 Loading main app package /usr/lib/obsidian/obsidian.asar
2023-04-12 23:47:45 Checking for update using Github
2023-04-12 23:47:46 Success.
2023-04-12 23:47:46 Latest version is 1.1.16
2023-04-12 23:47:46 App is up to date.
2023-04-15 20:56:42 Loading main app package /usr/lib/obsidian/obsidian.asar
2023-04-15 20:56:43 Checking for update using Github
2023-04-15 20:56:43 Failed to check for update using Github (net::ERR_NETWORK_CHANGED)
2023-04-15 20:56:43 Checking for update using obsidian.md
2023-04-15 20:56:43 Success.
2023-04-15 20:56:43 Latest version is 1.1.16
2023-04-15 20:56:43 App is up to date.
2023-04-16 00:54:12 Checking for update using Github
2023-04-16 00:54:12 Success.
2023-04-16 00:54:12 Latest version is 1.1.16
2023-04-16 00:54:12 App is up to date.
2023-04-19 12:32:41 Loading main app package /usr/lib/obsidian/obsidian.asar
2023-04-19 12:32:42 Checking for update using Github
2023-04-19 12:32:42 Success.
2023-04-19 12:32:42 Latest version is 1.1.16
2023-04-19 12:32:42 App is up to date.
2023-04-20 13:10:19 Loading main app package /usr/lib/obsidian/obsidian.asar
2023-04-20 13:10:19 Checking for update using Github
2023-04-20 13:10:19 Success.
2023-04-20 13:10:19 Latest version is 1.1.16
2023-04-20 13:10:19 App is up to date.
2023-04-20 14:15:08 Checking for update using Github
2023-04-20 14:15:09 Success.
2023-04-20 14:15:09 Latest version is 1.1.16
2023-04-20 14:15:09 App is up to date.
2023-04-22 12:16:26 Loading main app package /usr/lib/obsidian/obsidian.asar
2023-04-22 12:16:26 Checking for update using Github
2023-04-22 12:16:26 Success.
2023-04-22 12:16:26 Latest version is 1.1.16
2023-04-22 12:16:26 App is up to date.
2023-04-22 14:36:40 Checking for update using Github
2023-04-22 14:36:41 Success.
2023-04-22 14:36:41 Latest version is 1.1.16
2023-04-22 14:36:41 App is up to date.
2023-04-24 00:01:41 Loading main app package /usr/lib/obsidian/obsidian.asar
2023-04-24 00:01:42 Checking for update using Github
2023-04-24 00:01:42 Failed to check for update using Github (net::ERR_INTERNET_DISCONNECTED)
2023-04-24 00:01:42 Checking for update using obsidian.md
2023-04-24 00:01:42 Failed to check for update using obsidian.md (net::ERR_INTERNET_DISCONNECTED)
2023-04-24 21:26:32 Loading main app package /usr/lib/obsidian/obsidian.asar
2023-04-24 21:26:32 Checking for update using Github
2023-04-24 21:26:32 Success.
2023-04-24 21:26:32 Latest version is 1.1.16
2023-04-24 21:26:32 App is up to date.
2023-04-24 22:26:32 Checking for update using Github
2023-04-24 22:26:32 Success.
2023-04-24 22:26:32 Latest version is 1.1.16
2023-04-24 22:26:32 App is up to date.
2023-04-25 12:36:04 Checking for update using Github
2023-04-25 12:36:04 Success.
2023-04-25 12:36:04 Latest version is 1.1.16
2023-04-25 12:36:04 App is up to date.
2023-04-25 21:06:15 Loading main app package /usr/lib/obsidian/obsidian.asar
2023-04-25 21:06:15 Checking for update using Github
2023-04-25 21:06:15 Success.
2023-04-25 21:06:15 Latest version is 1.1.16
2023-04-25 21:06:15 App is up to date.
2023-04-25 22:06:15 Checking for update using Github
2023-04-25 22:06:15 Success.
2023-04-25 22:06:15 Latest version is 1.1.16
2023-04-25 22:06:15 App is up to date.
2023-04-26 11:51:08 Loading main app package /usr/lib/obsidian/obsidian.asar
2023-04-26 11:51:09 Checking for update using Github
2023-04-26 11:51:09 Success.
2023-04-26 11:51:09 Latest version is 1.1.16
2023-04-26 11:51:09 App is up to date.
2023-04-26 12:55:47 Checking for update using Github
2023-04-26 12:55:47 Success.
2023-04-26 12:55:47 Latest version is 1.1.16
2023-04-26 12:55:47 App is up to date.
2023-04-26 18:03:13 Loading main app package /usr/lib/obsidian/obsidian.asar
2023-04-26 18:03:13 Checking for update using Github
2023-04-26 18:03:14 Success.
2023-04-26 18:03:14 Latest version is 1.1.16
2023-04-26 18:03:14 App is up to date.
2023-04-26 21:58:06 Checking for update using Github
2023-04-26 21:58:06 Success.
2023-04-26 21:58:06 Latest version is 1.1.16
2023-04-26 21:58:06 App is up to date.
2023-04-27 01:30:56 Loading main app package /usr/lib/obsidian/obsidian.asar
2023-04-27 01:30:56 Checking for update using Github
2023-04-27 01:30:56 Success.
2023-04-27 01:30:56 Latest version is 1.1.16
2023-04-27 01:30:56 App is up to date.
2023-04-27 02:30:56 Checking for update using Github
2023-04-27 02:30:56 Success.
2023-04-27 02:30:56 Latest version is 1.1.16
2023-04-27 02:30:56 App is up to date.
2023-04-28 12:11:21 Loading main app package /usr/lib/obsidian/obsidian.asar
2023-04-28 12:11:21 Checking for update using Github
2023-04-28 12:11:21 Success.
2023-04-28 12:11:21 Latest version is 1.1.16
2023-04-28 12:11:21 App is up to date.
2023-04-29 13:47:10 Loading main app package /usr/lib/obsidian/obsidian.asar
2023-04-29 13:47:11 Checking for update using Github
2023-04-29 13:47:11 Success.
2023-04-29 13:47:11 Latest version is 1.1.16
2023-04-29 13:47:11 App is up to date.
2023-04-29 14:47:12 Checking for update using Github
2023-04-29 14:47:12 Success.
2023-04-29 14:47:12 Latest version is 1.1.16
2023-04-29 14:47:12 App is up to date.
2023-04-29 21:39:08 Checking for update using Github
2023-04-29 21:39:08 Success.
2023-04-29 21:39:08 Latest version is 1.1.16
2023-04-29 21:39:08 App is up to date.
2023-04-29 22:39:08 Checking for update using Github
2023-04-29 22:39:08 Success.
2023-04-29 22:39:08 Latest version is 1.1.16
2023-04-29 22:39:08 App is up to date.
2023-04-29 23:39:08 Checking for update using Github
2023-04-29 23:39:08 Success.
2023-04-29 23:39:08 Latest version is 1.1.16
2023-04-29 23:39:08 App is up to date.
2023-05-08 17:01:14 Loading main app package /usr/lib/obsidian/obsidian.asar
2023-05-08 17:01:14 Checking for update using Github
2023-05-08 17:01:14 Success.
2023-05-08 17:01:14 Latest version is 1.2.7
2023-05-08 17:01:14 Downloading update from https://github.com/obsidianmd/obsidian-releases/releases/download/v1.2.7/obsidian-1.2.7.asar.gz
2023-05-08 17:01:15 Verifying hash & signature. Size= 6032857
2023-05-08 17:01:15 Saving file
2023-05-08 17:01:16 Update complete.
2023-05-09 13:34:22 Checking for update using Github
2023-05-09 13:34:22 Success.
2023-05-09 13:34:22 Latest version is 1.2.7
2023-05-09 13:34:22 An update is already downloaded.
2023-05-09 21:41:44 Checking for update using Github
2023-05-09 21:41:44 Success.
2023-05-09 21:41:44 Latest version is 1.2.8
2023-05-09 21:41:44 Downloading update from https://github.com/obsidianmd/obsidian-releases/releases/download/v1.2.8/obsidian-1.2.8.asar.gz
2023-05-09 21:41:45 Verifying hash & signature. Size= 6033374
2023-05-09 21:41:45 Saving file
2023-05-09 21:41:45 Update complete.
2023-05-10 11:41:48 Checking for update using Github
2023-05-13 20:36:40 Loading main app package /usr/lib/obsidian/obsidian.asar
2023-05-13 20:36:40 Checking for update using Github
2023-05-13 20:36:40 Success.
2023-05-13 20:36:40 Latest version is 1.2.8
2023-05-13 20:36:40 App is up to date.
2023-05-13 21:36:40 Checking for update using Github
2023-05-13 21:36:40 Success.
2023-05-13 21:36:40 Latest version is 1.2.8
2023-05-13 21:36:40 App is up to date.
2023-05-13 22:36:40 Checking for update using Github
2023-05-13 22:36:40 Success.
2023-05-13 22:36:40 Latest version is 1.2.8
2023-05-13 22:36:40 App is up to date.
2023-05-15 01:08:13 Checking for update using Github
2023-05-15 01:08:13 Success.
2023-05-15 01:08:13 Latest version is 1.2.8
2023-05-15 01:08:13 App is up to date.
2023-05-15 02:08:14 Checking for update using Github
2023-05-15 02:08:14 Success.
2023-05-15 02:08:14 Latest version is 1.2.8
2023-05-15 02:08:14 App is up to date.
2023-05-15 03:08:14 Checking for update using Github
2023-05-15 03:08:14 Success.
2023-05-15 03:08:14 Latest version is 1.2.8
2023-05-15 03:08:14 App is up to date.
2023-05-15 12:35:34 Loading main app package /usr/lib/obsidian/obsidian.asar
2023-05-15 12:35:34 Checking for update using Github
2023-05-15 12:35:34 Success.
2023-05-15 12:35:34 Latest version is 1.2.8
2023-05-15 12:35:34 App is up to date.
2023-05-15 13:40:21 Checking for update using Github
2023-05-15 13:40:21 Success.
2023-05-15 13:40:21 Latest version is 1.2.8
2023-05-15 13:40:21 App is up to date.
2023-05-15 15:10:55 Checking for update using Github
2023-05-15 15:10:55 Success.
2023-05-15 15:10:55 Latest version is 1.2.8
2023-05-15 15:10:55 App is up to date.
2023-05-25 12:43:22 Loading main app package /usr/lib/obsidian/obsidian.asar
2023-05-25 12:43:22 Checking for update using Github
2023-05-25 12:43:22 Success.
2023-05-25 12:43:22 Latest version is 1.3.4
2023-05-25 12:43:22 Downloading update from https://github.com/obsidianmd/obsidian-releases/releases/download/v1.3.4/obsidian-1.3.4.asar.gz
2023-05-25 12:43:23 Verifying hash & signature. Size= 7579467
2023-05-25 12:43:23 Saving file
2023-05-25 12:43:23 Update complete.
2023-07-02 19:11:30 Loading updated app package /home/lucas/.config/obsidian/obsidian-1.3.4.asar
2023-07-02 19:11:31 Checking for update using Github
2023-07-02 19:11:31 Success.
2023-07-02 19:11:31 Latest version is 1.3.5
2023-07-02 19:11:31 Downloading update from https://github.com/obsidianmd/obsidian-releases/releases/download/v1.3.5/obsidian-1.3.5.asar.gz
2023-07-02 19:11:32 Verifying hash & signature. Size= 7610287
2023-07-02 19:11:32 Saving file
2023-07-02 19:11:32 Update complete.
2023-07-02 20:11:31 Checking for update using Github
2023-07-02 20:11:31 Success.
2023-07-02 20:11:31 Latest version is 1.3.5
2023-07-02 20:11:31 An update is already downloaded.
2023-07-03 23:57:54 Loading updated app package /home/lucas/.config/obsidian/obsidian-1.3.5.asar
2023-07-03 23:57:54 Checking for update using Github
2023-07-03 23:57:54 Success.
2023-07-03 23:57:54 Latest version is 1.3.5
2023-07-03 23:57:54 App is up to date.
2023-07-18 23:04:49 Loading main app package /usr/lib/obsidian/obsidian.asar
2023-07-18 23:04:49 Checking for update using Github
2023-07-18 23:04:50 Success.
2023-07-18 23:04:50 Latest version is 1.3.5
2023-07-18 23:04:50 App is up to date.
2023-07-18 23:07:08 Loading main app package /usr/lib/obsidian/obsidian.asar
2023-07-18 23:07:08 Checking for update using Github
2023-07-18 23:07:08 Success.
2023-07-18 23:07:08 Latest version is 1.3.5
2023-07-18 23:07:08 App is up to date.
2023-07-18 23:20:48 Loading main app package /usr/lib/obsidian/obsidian.asar
2023-07-18 23:20:48 Checking for update using Github
2023-07-18 23:20:48 Success.
2023-07-18 23:20:48 Latest version is 1.3.5
2023-07-18 23:20:48 App is up to date.
2023-07-19 00:21:19 Checking for update using Github
2023-07-19 00:21:19 Success.
2023-07-19 00:21:19 Latest version is 1.3.5
2023-07-19 00:21:19 App is up to date.
2023-07-19 01:21:20 Checking for update using Github
2023-07-19 01:21:20 Success.
2023-07-19 01:21:20 Latest version is 1.3.5
2023-07-19 01:21:20 App is up to date.
2023-07-19 02:21:20 Checking for update using Github
2023-07-19 02:21:20 Success.
2023-07-19 02:21:20 Latest version is 1.3.5
2023-07-19 02:21:20 App is up to date.
2023-07-19 03:21:20 Checking for update using Github
2023-07-19 03:21:20 Success.
2023-07-19 03:21:20 Latest version is 1.3.5
2023-07-19 03:21:20 App is up to date.
2023-07-20 15:49:01 Loading main app package /usr/lib/obsidian/obsidian.asar
2023-07-20 15:49:01 Checking for update using Github
2023-07-20 15:49:01 Success.
2023-07-20 15:49:01 Latest version is 1.3.5
2023-07-20 15:49:01 App is up to date.
2023-07-20 16:49:01 Checking for update using Github
2023-07-20 16:49:02 Success.
2023-07-20 16:49:02 Latest version is 1.3.5
2023-07-20 16:49:02 App is up to date.
2023-07-20 19:26:08 Checking for update using Github
2023-07-20 19:26:08 Success.
2023-07-20 19:26:08 Latest version is 1.3.5
2023-07-20 19:26:08 App is up to date.
2023-07-21 02:32:59 Checking for update using Github
2023-07-21 02:32:59 Success.
2023-07-21 02:32:59 Latest version is 1.3.5
2023-07-21 02:32:59 App is up to date.
2023-07-26 00:08:18 Loading main app package /usr/lib/obsidian/obsidian.asar
2023-07-26 00:08:19 Checking for update using Github
2023-07-26 00:08:19 Success.
2023-07-26 00:08:19 Latest version is 1.3.5
2023-07-26 00:08:19 App is up to date.
2023-07-26 01:08:18 Checking for update using Github
2023-07-26 01:08:19 Success.
2023-07-26 01:08:19 Latest version is 1.3.5
2023-07-26 01:08:19 App is up to date.
2023-07-26 02:08:19 Checking for update using Github
2023-07-26 02:08:19 Success.
2023-07-26 02:08:19 Latest version is 1.3.5
2023-07-26 02:08:19 App is up to date.
2023-07-29 23:38:13 Loading main app package /usr/lib/obsidian/obsidian.asar
2023-07-29 23:38:13 Checking for update using Github
2023-07-29 23:38:14 Success.
2023-07-29 23:38:14 Latest version is 1.3.5
2023-07-29 23:38:14 App is up to date.
2023-08-29 13:20:48 Loading main app package /usr/lib/obsidian/obsidian.asar
2023-08-29 13:20:48 Checking for update using Github
2023-08-29 13:20:48 Success.
2023-08-29 13:20:48 Latest version is 1.3.7
2023-08-29 13:20:48 App is up to date.
2023-08-30 13:00:05 Loading main app package /usr/lib/obsidian/obsidian.asar
2023-08-30 13:00:05 Checking for update using Github
2023-08-30 13:00:06 Failed to check for update using Github (net::ERR_NETWORK_CHANGED)
2023-08-30 13:00:06 Checking for update using obsidian.md
2023-08-30 13:00:13 Success.
2023-08-30 13:00:13 Latest version is 1.3.7
2023-08-30 13:00:13 App is up to date.
2023-08-30 17:22:41 Loading main app package /usr/lib/obsidian/obsidian.asar
2023-08-30 17:22:41 Checking for update using Github
2023-08-30 17:22:41 Success.
2023-08-30 17:22:41 Latest version is 1.3.7
2023-08-30 17:22:41 App is up to date.
2023-08-30 18:22:40 Checking for update using Github
2023-08-30 18:22:45 Success.
2023-08-30 18:22:45 Latest version is 1.3.7
2023-08-30 18:22:45 App is up to date.
2023-08-30 23:04:26 Checking for update using Github
2023-08-30 23:04:26 Success.
2023-08-30 23:04:26 Latest version is 1.3.7
2023-08-30 23:04:26 App is up to date.
2023-08-31 11:06:59 Loading main app package /usr/lib/obsidian/obsidian.asar
2023-08-31 11:06:59 Checking for update using Github
2023-08-31 11:07:00 Success.
2023-08-31 11:07:00 Latest version is 1.3.7
2023-08-31 11:07:00 App is up to date.
2023-08-31 12:32:52 Loading main app package /usr/lib/obsidian/obsidian.asar
2023-08-31 12:32:53 Checking for update using Github
2023-08-31 12:32:53 Success.
2023-08-31 12:32:53 Latest version is 1.3.7
2023-08-31 12:32:53 App is up to date.
2023-08-31 12:40:18 Loading main app package /usr/lib/obsidian/obsidian.asar
2023-08-31 12:40:18 Checking for update using Github
2023-08-31 12:40:18 Success.
2023-08-31 12:40:18 Latest version is 1.3.7
2023-08-31 12:40:18 App is up to date.
2023-09-01 13:55:33 Checking for update using Github
2023-09-01 13:55:33 Success.
2023-09-01 13:55:33 Latest version is 1.4.5
2023-09-01 13:55:33 Downloading update from https://github.com/obsidianmd/obsidian-releases/releases/download/v1.4.5/obsidian-1.4.5.asar.gz
2023-09-01 13:55:34 Verifying hash & signature. Size= 8267902
2023-09-01 13:55:34 Saving file
2023-09-01 13:55:34 Update complete.
2023-09-01 14:55:33 Checking for update using Github
2023-09-01 14:55:33 Success.
2023-09-01 14:55:33 Latest version is 1.4.5
2023-09-01 14:55:33 An update is already downloaded.
2023-09-01 17:16:19 Checking for update using Github
2023-09-04 18:17:07 Loading updated app package /home/lucas/.config/obsidian/obsidian-1.4.5.asar
2023-09-04 18:17:08 Checking for update using Github
2023-09-04 18:17:08 Success.
2023-09-04 18:17:08 Latest version is 1.4.5
2023-09-04 18:17:08 App is up to date.
2023-09-04 20:27:00 Checking for update using Github
2023-09-04 20:27:00 Success.
2023-09-04 20:27:00 Latest version is 1.4.5
2023-09-04 20:27:00 App is up to date.
2023-09-06 17:51:49 Loading updated app package /home/lucas/.config/obsidian/obsidian-1.4.5.asar
2023-09-06 17:51:50 Checking for update using Github
2023-09-06 17:51:50 Success.
2023-09-06 17:51:50 Latest version is 1.4.5
2023-09-06 17:51:50 App is up to date.
2023-09-06 18:02:05 Loading updated app package /home/lucas/.config/obsidian/obsidian-1.4.5.asar
2023-09-06 18:02:05 Checking for update using Github
2023-09-06 18:02:05 Success.
2023-09-06 18:02:05 Latest version is 1.4.5
2023-09-06 18:02:05 App is up to date.
2023-09-11 12:22:41 Loading main app package /usr/lib/obsidian/obsidian.asar
2023-09-11 12:22:41 Checking for update using Github
2023-09-11 12:22:41 Success.
2023-09-11 12:22:41 Latest version is 1.4.5
2023-09-11 12:22:41 App is up to date.
2023-09-11 14:51:13 Loading main app package /usr/lib/obsidian/obsidian.asar
2023-09-11 14:51:13 Checking for update using Github
2023-09-11 14:51:13 Success.
2023-09-11 14:51:13 Latest version is 1.4.5
2023-09-11 14:51:13 App is up to date.
2023-09-11 20:11:23 Checking for update using Github
2023-09-12 11:28:03 Loading main app package /usr/lib/obsidian/obsidian.asar
2023-09-12 11:28:03 Checking for update using Github
2023-09-12 11:28:03 Success.
2023-09-12 11:28:03 Latest version is 1.4.11
2023-09-12 11:28:03 Downloading update from https://github.com/obsidianmd/obsidian-releases/releases/download/v1.4.11/obsidian-1.4.11.asar.gz
2023-09-12 11:28:05 Verifying hash & signature. Size= 8394463
2023-09-12 11:28:05 Saving file
2023-09-12 11:28:05 Update complete.
2023-09-13 12:03:20 Checking for update using Github
2023-09-15 12:48:47 Loading main app package /usr/lib/obsidian/obsidian.asar
2023-09-15 12:48:47 Checking for update using Github
2023-09-15 12:48:47 Success.
2023-09-15 12:48:47 Latest version is 1.4.12
2023-09-15 12:48:47 Downloading update from https://github.com/obsidianmd/obsidian-releases/releases/download/v1.4.12/obsidian-1.4.12.asar.gz
2023-09-15 12:49:45 Verifying hash & signature. Size= 8394475
2023-09-15 12:49:45 Saving file
2023-09-15 12:49:46 Update complete.
2023-09-15 13:07:25 Loading updated app package /home/lucas/.config/obsidian/obsidian-1.4.12.asar
2023-09-15 13:07:25 Checking for update using Github
2023-09-15 13:07:26 Success.
2023-09-15 13:07:26 Latest version is 1.4.12
2023-09-15 13:07:26 App is up to date.
2023-09-15 13:07:39 Loading updated app package /home/lucas/.config/obsidian/obsidian-1.4.12.asar
2023-09-15 13:07:39 Checking for update using Github
2023-09-15 13:07:39 Success.
2023-09-15 13:07:39 Latest version is 1.4.12
2023-09-15 13:07:39 App is up to date.
2023-09-15 13:12:32 Loading updated app package /home/lucas/.config/obsidian/obsidian-1.4.12.asar
2023-09-15 13:12:32 Checking for update using Github
2023-09-15 13:12:32 Success.
2023-09-15 13:12:32 Latest version is 1.4.12
2023-09-15 13:12:32 App is up to date.
2023-09-15 13:12:37 Loading updated app package /home/lucas/.config/obsidian/obsidian-1.4.12.asar
2023-09-15 13:12:37 Checking for update using Github
2023-09-15 13:12:37 Success.
2023-09-15 13:12:37 Latest version is 1.4.12
2023-09-15 13:12:37 App is up to date.
2023-09-15 13:12:48 Loading updated app package /home/lucas/.config/obsidian/obsidian-1.4.12.asar
2023-09-15 13:12:48 Checking for update using Github
2023-09-15 13:12:48 Success.
2023-09-15 13:12:48 Latest version is 1.4.12
2023-09-15 13:12:48 App is up to date.
2023-09-15 13:14:56 Loading updated app package /home/lucas/.config/obsidian/obsidian-1.4.12.asar
2023-09-15 13:14:56 Checking for update using Github
2023-09-15 13:14:56 Success.
2023-09-15 13:14:56 Latest version is 1.4.12
2023-09-15 13:14:56 App is up to date.
2023-09-16 17:01:53 Loading updated app package /home/lucas/.config/obsidian/obsidian-1.4.12.asar
2023-09-16 17:01:54 Checking for update using Github
2023-09-16 17:01:54 Success.
2023-09-16 17:01:54 Latest version is 1.4.13
2023-09-16 17:01:54 Downloading update from https://github.com/obsidianmd/obsidian-releases/releases/download/v1.4.13/obsidian-1.4.13.asar.gz
2023-09-16 17:01:55 Verifying hash & signature. Size= 8394487
2023-09-16 17:01:55 Saving file
2023-09-16 17:01:55 Update complete.
2023-09-16 18:01:54 Checking for update using Github
2023-09-16 18:01:55 Success.
2023-09-16 18:01:55 Latest version is 1.4.13
2023-09-16 18:01:55 An update is already downloaded.
2023-09-17 01:11:19 Checking for update using Github
2023-09-17 01:11:19 Success.
2023-09-17 01:11:19 Latest version is 1.4.13
2023-09-17 01:11:19 An update is already downloaded.
2023-09-17 02:11:19 Checking for update using Github
2023-09-17 02:11:20 Success.
2023-09-17 02:11:20 Latest version is 1.4.13
2023-09-17 02:11:20 An update is already downloaded.
2023-09-17 03:11:20 Checking for update using Github
2023-09-17 03:11:20 Success.
2023-09-17 03:11:20 Latest version is 1.4.13
2023-09-17 03:11:20 An update is already downloaded.
2023-09-18 12:28:35 Loading updated app package /home/lucas/.config/obsidian/obsidian-1.4.13.asar
2023-09-18 12:28:35 Checking for update using Github
2023-09-18 12:28:35 Success.
2023-09-18 12:28:35 Latest version is 1.4.13
2023-09-18 12:28:35 App is up to date.
2023-09-18 13:32:19 Checking for update using Github
2023-09-18 13:32:19 Success.
2023-09-18 13:32:19 Latest version is 1.4.13
2023-09-18 13:32:19 App is up to date.
2023-09-21 12:58:33 Loading updated app package /home/lucas/.config/obsidian/obsidian-1.4.13.asar
2023-09-21 12:58:34 Checking for update using Github
2023-09-21 12:58:34 Success.
2023-09-21 12:58:34 Latest version is 1.4.13
2023-09-21 12:58:34 App is up to date.
2023-09-21 14:55:59 Checking for update using Github
2023-09-21 14:55:59 Success.
2023-09-21 14:55:59 Latest version is 1.4.13
2023-09-21 14:55:59 App is up to date.
2023-09-21 22:41:08 Checking for update using Github
2023-09-21 22:41:08 Success.
2023-09-21 22:41:08 Latest version is 1.4.13
2023-09-21 22:41:08 App is up to date.
2023-09-22 12:54:52 Loading updated app package /home/lucas/.config/obsidian/obsidian-1.4.13.asar
2023-09-22 12:54:53 Checking for update using Github
2023-09-22 12:54:53 Success.
2023-09-22 12:54:53 Latest version is 1.4.13
2023-09-22 12:54:53 App is up to date.
2023-09-22 19:28:28 Checking for update using Github
2023-09-22 19:28:28 Success.
2023-09-22 19:28:28 Latest version is 1.4.13
2023-09-22 19:28:28 App is up to date.
2023-09-22 20:28:28 Checking for update using Github
2023-09-22 20:28:29 Success.
2023-09-22 20:28:29 Latest version is 1.4.13
2023-09-22 20:28:29 App is up to date.
2023-09-22 21:28:28 Checking for update using Github
2023-09-22 21:28:29 Success.
2023-09-22 21:28:29 Latest version is 1.4.13
2023-09-22 21:28:29 App is up to date.
2023-09-22 22:28:29 Checking for update using Github
2023-09-22 22:28:29 Success.
2023-09-22 22:28:29 Latest version is 1.4.13
2023-09-22 22:28:29 App is up to date.
2023-09-22 23:28:29 Checking for update using Github
2023-09-22 23:28:29 Success.
2023-09-22 23:28:29 Latest version is 1.4.13
2023-09-22 23:28:29 App is up to date.
2023-09-23 00:28:29 Checking for update using Github
2023-09-23 00:28:29 Success.
2023-09-23 00:28:29 Latest version is 1.4.13
2023-09-23 00:28:29 App is up to date.
2023-09-23 01:28:29 Checking for update using Github
2023-09-23 01:28:29 Success.
2023-09-23 01:28:29 Latest version is 1.4.13
2023-09-23 01:28:29 App is up to date.
2023-09-23 12:47:31 Checking for update using Github
2023-09-23 12:47:31 Success.
2023-09-23 12:47:31 Latest version is 1.4.13
2023-09-23 12:47:31 App is up to date.
2023-09-23 13:47:31 Checking for update using Github
2023-09-23 13:47:31 Success.
2023-09-23 13:47:31 Latest version is 1.4.13
2023-09-23 13:47:31 App is up to date.
2023-09-25 17:15:01 Loading updated app package /home/lucas/.config/obsidian/obsidian-1.4.13.asar
2023-09-25 17:15:01 Checking for update using Github
2023-09-25 17:15:02 Success.
2023-09-25 17:15:02 Latest version is 1.4.13
2023-09-25 17:15:02 App is up to date.
2023-09-25 18:15:03 Checking for update using Github
2023-09-25 18:15:03 Failed to check for update using Github (net::ERR_INTERNET_DISCONNECTED)
2023-09-25 18:15:03 Checking for update using obsidian.md
2023-09-25 18:15:03 Failed to check for update using obsidian.md (net::ERR_INTERNET_DISCONNECTED)
2023-09-27 12:57:37 Loading main app package /usr/lib/obsidian/obsidian.asar
2023-09-27 12:57:37 Checking for update using Github
2023-09-27 12:57:37 Success.
2023-09-27 12:57:37 Latest version is 1.4.14
2023-09-27 12:57:37 Downloading update from https://github.com/obsidianmd/obsidian-releases/releases/download/v1.4.14/obsidian-1.4.14.asar.gz
2023-09-27 12:57:38 Verifying hash & signature. Size= 8393737
2023-09-27 12:57:38 Saving file
2023-09-27 12:57:38 Update complete.
2023-09-27 17:58:20 Checking for update using Github
2023-09-27 17:58:20 Success.
2023-09-27 17:58:20 Latest version is 1.4.14
2023-09-27 17:58:20 An update is already downloaded.
2023-09-27 20:07:04 Checking for update using Github
2023-09-27 20:07:05 Success.
2023-09-27 20:07:05 Latest version is 1.4.14
2023-09-27 20:07:05 An update is already downloaded.
2023-09-27 21:07:04 Checking for update using Github
2023-09-27 21:07:05 Success.
2023-09-27 21:07:05 Latest version is 1.4.14
2023-09-27 21:07:05 An update is already downloaded.
2023-10-01 18:42:16 Loading updated app package /home/lucas/.config/obsidian/obsidian-1.4.14.asar
2023-10-01 18:42:16 Checking for update using Github
2023-10-01 18:42:16 Success.
2023-10-01 18:42:16 Latest version is 1.4.14
2023-10-01 18:42:16 App is up to date.
2023-10-01 20:46:26 Checking for update using Github
2023-10-01 20:46:26 Success.
2023-10-01 20:46:26 Latest version is 1.4.14
2023-10-01 20:46:26 App is up to date.
2023-10-01 21:46:28 Checking for update using Github
2023-10-01 21:46:28 Success.
2023-10-01 21:46:28 Latest version is 1.4.14
2023-10-01 21:46:28 App is up to date.
2023-10-01 22:46:28 Checking for update using Github
2023-10-01 22:46:28 Success.
2023-10-01 22:46:28 Latest version is 1.4.14
2023-10-01 22:46:28 App is up to date.
2023-10-01 23:46:28 Checking for update using Github
2023-10-01 23:46:28 Success.
2023-10-01 23:46:28 Latest version is 1.4.14
2023-10-01 23:46:28 App is up to date.
2023-10-08 20:52:14 Loading updated app package /home/lucas/.config/obsidian/obsidian-1.4.14.asar
2023-10-08 20:52:14 Checking for update using Github
2023-10-08 20:52:15 Success.
2023-10-08 20:52:15 Latest version is 1.4.14
2023-10-08 20:52:15 App is up to date.
2023-10-08 21:52:15 Checking for update using Github
2023-10-08 21:52:15 Success.
2023-10-08 21:52:15 Latest version is 1.4.14
2023-10-08 21:52:15 App is up to date.
2023-10-08 22:52:15 Checking for update using Github
2023-10-08 22:52:16 Success.
2023-10-08 22:52:16 Latest version is 1.4.14
2023-10-08 22:52:16 App is up to date.
2023-10-08 23:52:16 Checking for update using Github
2023-10-08 23:52:16 Success.
2023-10-08 23:52:16 Latest version is 1.4.14
2023-10-08 23:52:16 App is up to date.
2023-10-10 12:51:51 Loading updated app package /home/lucas/.config/obsidian/obsidian-1.4.14.asar
2023-10-10 12:51:51 Checking for update using Github
2023-10-10 12:51:51 Success.
2023-10-10 12:51:51 Latest version is 1.4.14
2023-10-10 12:51:51 App is up to date.
2023-10-10 12:51:59 Loading updated app package /home/lucas/.config/obsidian/obsidian-1.4.14.asar
2023-10-10 12:51:59 Checking for update using Github
2023-10-10 12:51:59 Success.
2023-10-10 12:51:59 Latest version is 1.4.14
2023-10-10 12:51:59 App is up to date.
2023-10-14 20:21:14 Loading updated app package /home/lucas/.config/obsidian/obsidian-1.4.14.asar
2023-10-14 20:21:14 Checking for update using Github
2023-10-14 20:21:15 Success.
2023-10-14 20:21:15 Latest version is 1.4.16
2023-10-14 20:21:15 Downloading update from https://github.com/obsidianmd/obsidian-releases/releases/download/v1.4.16/obsidian-1.4.16.asar.gz
2023-10-14 20:21:16 Verifying hash & signature. Size= 8394471
2023-10-14 20:21:16 Saving file
2023-10-14 20:21:16 Update complete.
2023-10-16 12:56:32 Loading updated app package /home/lucas/.config/obsidian/obsidian-1.4.16.asar
2023-10-16 12:56:32 Checking for update using Github
2023-10-16 12:56:33 Success.
2023-10-16 12:56:33 Latest version is 1.4.16
2023-10-16 12:56:33 App is up to date.
2023-10-16 21:12:58 Checking for update using Github
2023-10-16 21:12:58 Success.
2023-10-16 21:12:58 Latest version is 1.4.16
2023-10-16 21:12:58 App is up to date.
2023-10-16 22:12:58 Checking for update using Github
2023-10-16 22:12:58 Success.
2023-10-16 22:12:58 Latest version is 1.4.16
2023-10-16 22:12:58 App is up to date.
2023-10-16 23:47:29 Checking for update using Github
2023-10-16 23:47:29 Success.
2023-10-16 23:47:29 Latest version is 1.4.16
2023-10-16 23:47:29 App is up to date.
2023-10-17 00:47:29 Checking for update using Github
2023-10-17 00:47:29 Success.
2023-10-17 00:47:29 Latest version is 1.4.16
2023-10-17 00:47:29 App is up to date.
2023-10-17 01:47:29 Checking for update using Github
2023-10-17 01:47:29 Success.
2023-10-17 01:47:29 Latest version is 1.4.16
2023-10-17 01:47:29 App is up to date.
2023-10-17 12:52:53 Loading updated app package /home/lucas/.config/obsidian/obsidian-1.4.16.asar
2023-10-17 12:52:53 Checking for update using Github
2023-10-17 12:52:54 Success.
2023-10-17 12:52:54 Latest version is 1.4.16
2023-10-17 12:52:54 App is up to date.
2023-10-17 19:32:36 Checking for update using Github
2023-10-17 19:32:36 Success.
2023-10-17 19:32:36 Latest version is 1.4.16
2023-10-17 19:32:36 App is up to date.
2023-10-17 20:32:36 Checking for update using Github
2023-10-17 20:32:36 Success.
2023-10-17 20:32:36 Latest version is 1.4.16
2023-10-17 20:32:36 App is up to date.
2023-10-19 14:48:29 Loading updated app package /home/lucas/.config/obsidian/obsidian-1.4.16.asar
2023-10-19 14:48:29 Checking for update using Github
2023-10-19 14:48:29 Success.
2023-10-19 14:48:29 Latest version is 1.4.16
2023-10-19 14:48:29 App is up to date.
2023-10-19 14:52:13 Loading updated app package /home/lucas/.config/obsidian/obsidian-1.4.16.asar
2023-10-19 14:52:13 Checking for update using Github
2023-10-19 14:52:13 Success.
2023-10-19 14:52:13 Latest version is 1.4.16
2023-10-19 14:52:13 App is up to date.
2023-10-30 12:51:33 Loading main app package /usr/lib/obsidian/obsidian.asar
2023-10-30 12:51:34 Checking for update using Github
2023-10-30 12:51:34 Success.
2023-10-30 12:51:34 Latest version is 1.4.16
2023-10-30 12:51:34 App is up to date.
2023-10-30 14:44:22 Checking for update using Github
2023-10-30 14:44:22 Success.
2023-10-30 14:44:22 Latest version is 1.4.16
2023-10-30 14:44:22 App is up to date.
2023-10-30 17:22:22 Checking for update using Github
2023-10-30 17:22:23 Success.
2023-10-30 17:22:23 Latest version is 1.4.16
2023-10-30 17:22:23 App is up to date.
2023-10-30 23:17:11 Checking for update using Github
2023-10-30 23:17:11 Success.
2023-10-30 23:17:11 Latest version is 1.4.16
2023-10-30 23:17:11 App is up to date.
2023-10-31 11:45:25 Checking for update using Github
2023-10-31 11:45:26 Success.
2023-10-31 11:45:26 Latest version is 1.4.16
2023-10-31 11:45:26 App is up to date.
2023-11-01 13:42:49 Checking for update using Github
2023-11-01 13:42:49 Success.
2023-11-01 13:42:49 Latest version is 1.4.16
2023-11-01 13:42:49 App is up to date.
2023-11-01 14:42:49 Checking for update using Github
2023-11-01 14:42:49 Success.
2023-11-01 14:42:49 Latest version is 1.4.16
2023-11-01 14:42:49 App is up to date.
2023-11-01 15:42:49 Checking for update using Github
2023-11-01 15:42:49 Success.
2023-11-01 15:42:49 Latest version is 1.4.16
2023-11-01 15:42:49 App is up to date.
2023-11-01 16:42:49 Checking for update using Github
2023-11-01 16:42:50 Success.
2023-11-01 16:42:50 Latest version is 1.4.16
2023-11-01 16:42:50 App is up to date.
2023-11-01 20:57:14 Checking for update using Github
2023-11-01 20:57:14 Success.
2023-11-01 20:57:14 Latest version is 1.4.16
2023-11-01 20:57:14 App is up to date.
2023-11-02 01:42:34 Checking for update using Github
2023-11-02 01:42:34 Success.
2023-11-02 01:42:34 Latest version is 1.4.16
2023-11-02 01:42:34 App is up to date.
2023-11-02 02:42:34 Checking for update using Github
2023-11-02 02:42:34 Success.
2023-11-02 02:42:34 Latest version is 1.4.16
2023-11-02 02:42:34 App is up to date.
2023-11-02 03:42:34 Checking for update using Github
2023-11-02 03:42:34 Success.
2023-11-02 03:42:34 Latest version is 1.4.16
2023-11-02 03:42:34 App is up to date.
2023-11-03 18:12:51 Loading main app package /usr/lib/obsidian/obsidian.asar
2023-11-03 18:12:51 Checking for update using Github
2023-11-03 18:12:51 Success.
2023-11-03 18:12:51 Latest version is 1.4.16
2023-11-03 18:12:51 App is up to date.
2023-11-03 19:12:51 Checking for update using Github
2023-11-03 19:12:51 Success.
2023-11-03 19:12:51 Latest version is 1.4.16
2023-11-03 19:12:51 App is up to date.
2023-11-03 22:43:18 Checking for update using Github
2023-11-03 22:43:18 Success.
2023-11-03 22:43:18 Latest version is 1.4.16
2023-11-03 22:43:18 App is up to date.
2023-11-03 23:43:18 Checking for update using Github
2023-11-03 23:43:19 Success.
2023-11-03 23:43:19 Latest version is 1.4.16
2023-11-03 23:43:19 App is up to date.
2023-11-04 12:52:38 Checking for update using Github
2023-11-04 12:52:38 Success.
2023-11-04 12:52:38 Latest version is 1.4.16
2023-11-04 12:52:38 App is up to date.
2023-11-04 13:52:40 Checking for update using Github
2023-11-04 13:52:40 Success.
2023-11-04 13:52:40 Latest version is 1.4.16
2023-11-04 13:52:40 App is up to date.
2023-11-04 14:52:40 Checking for update using Github
2023-11-04 14:52:40 Success.
2023-11-04 14:52:40 Latest version is 1.4.16
2023-11-04 14:52:40 App is up to date.
2023-11-05 15:24:44 Checking for update using Github
2023-11-05 15:24:44 Success.
2023-11-05 15:24:44 Latest version is 1.4.16
2023-11-05 15:24:44 App is up to date.
2023-11-05 16:25:06 Checking for update using Github
2023-11-05 16:25:06 Success.
2023-11-05 16:25:06 Latest version is 1.4.16
2023-11-05 16:25:06 App is up to date.
2023-11-05 22:07:53 Loading main app package /usr/lib/obsidian/obsidian.asar
2023-11-05 22:07:53 Checking for update using Github
2023-11-05 22:07:54 Success.
2023-11-05 22:07:54 Latest version is 1.4.16
2023-11-05 22:07:54 App is up to date.
2023-11-05 23:07:56 Checking for update using Github
2023-11-05 23:07:56 Success.
2023-11-05 23:07:56 Latest version is 1.4.16
2023-11-05 23:07:56 App is up to date.
2023-11-06 00:07:56 Checking for update using Github
2023-11-06 00:07:56 Success.
2023-11-06 00:07:56 Latest version is 1.4.16
2023-11-06 00:07:56 App is up to date.
2023-11-12 03:11:04 Loading main app package /usr/lib/obsidian/obsidian.asar
2023-11-12 03:11:04 Checking for update using Github
2023-11-12 03:11:05 Success.
2023-11-12 03:11:05 Latest version is 1.4.16
2023-11-12 03:11:05 App is up to date.
2023-11-12 04:11:04 Checking for update using Github
2023-11-12 04:11:09 Success.
2023-11-12 04:11:09 Latest version is 1.4.16
2023-11-12 04:11:09 App is up to date.
2023-11-12 05:11:04 Checking for update using Github
2023-11-12 05:11:04 Success.
2023-11-12 05:11:04 Latest version is 1.4.16
2023-11-12 05:11:04 App is up to date.
2023-11-12 15:33:45 Checking for update using Github
2023-11-12 15:33:45 Success.
2023-11-12 15:33:45 Latest version is 1.4.16
2023-11-12 15:33:45 App is up to date.
2023-11-12 18:10:35 Checking for update using Github
2023-11-12 18:10:35 Success.
2023-11-12 18:10:35 Latest version is 1.4.16
2023-11-12 18:10:35 App is up to date.
2023-11-12 22:57:34 Checking for update using Github
2023-11-12 22:57:34 Success.
2023-11-12 22:57:34 Latest version is 1.4.16
2023-11-12 22:57:34 App is up to date.
2023-11-13 13:49:19 Loading main app package /usr/lib/obsidian/obsidian.asar
2023-11-13 13:49:20 Checking for update using Github
2023-11-13 13:49:20 Success.
2023-11-13 13:49:20 Latest version is 1.4.16
2023-11-13 13:49:20 App is up to date.
2023-11-15 14:51:22 Loading main app package /usr/lib/obsidian/obsidian.asar
2023-11-15 14:51:22 Checking for update using Github
2023-11-15 14:51:22 Success.
2023-11-15 14:51:22 Latest version is 1.4.16
2023-11-15 14:51:22 App is up to date.
2023-11-15 16:31:06 Checking for update using Github
2023-11-15 16:31:06 Success.
2023-11-15 16:31:06 Latest version is 1.4.16
2023-11-15 16:31:06 App is up to date.
2023-11-15 17:31:06 Checking for update using Github
2023-11-15 17:31:07 Success.
2023-11-15 17:31:07 Latest version is 1.4.16
2023-11-15 17:31:07 App is up to date.
2023-11-15 21:46:08 Checking for update using Github
2023-11-15 21:46:08 Success.
2023-11-15 21:46:08 Latest version is 1.4.16
2023-11-15 21:46:08 App is up to date.
2023-11-15 22:46:07 Checking for update using Github
2023-11-15 22:46:08 Success.
2023-11-15 22:46:08 Latest version is 1.4.16
2023-11-15 22:46:08 App is up to date.
2023-11-15 23:37:15 Loading main app package /usr/lib/obsidian/obsidian.asar
2023-11-15 23:37:15 Checking for update using Github
2023-11-15 23:37:15 Success.
2023-11-15 23:37:15 Latest version is 1.4.16
2023-11-15 23:37:15 App is up to date.
2023-11-16 00:37:15 Checking for update using Github
2023-11-16 00:37:15 Success.
2023-11-16 00:37:15 Latest version is 1.4.16
2023-11-16 00:37:15 App is up to date.
2023-11-20 13:50:19 Loading main app package /usr/lib/obsidian/obsidian.asar
2023-11-20 13:50:20 Checking for update using Github
2023-11-20 13:50:20 Success.
2023-11-20 13:50:20 Latest version is 1.4.16
2023-11-20 13:50:20 App is up to date.
2023-11-20 15:57:37 Checking for update using Github
2023-11-20 15:57:37 Success.
2023-11-20 15:57:37 Latest version is 1.4.16
2023-11-20 15:57:37 App is up to date.
2023-11-20 19:01:25 Checking for update using Github
2023-11-20 19:01:34 Success.
2023-11-20 19:01:34 Latest version is 1.4.16
2023-11-20 19:01:34 App is up to date.
2023-11-20 22:36:45 Checking for update using Github
2023-11-20 22:36:46 Success.
2023-11-20 22:36:46 Latest version is 1.4.16
2023-11-20 22:36:46 App is up to date.
2023-11-22 12:42:49 Checking for update using Github
2023-11-22 12:42:49 Success.
2023-11-22 12:42:49 Latest version is 1.4.16
2023-11-22 12:42:49 App is up to date.
2023-11-22 18:39:57 Checking for update using Github
2023-11-22 18:39:57 Success.
2023-11-22 18:39:57 Latest version is 1.4.16
2023-11-22 18:39:57 App is up to date.
2023-11-22 19:39:57 Checking for update using Github
2023-11-22 19:39:57 Success.
2023-11-22 19:39:57 Latest version is 1.4.16
2023-11-22 19:39:57 App is up to date.
2023-11-22 20:39:57 Checking for update using Github
2023-11-22 20:39:57 Success.
2023-11-22 20:39:57 Latest version is 1.4.16
2023-11-22 20:39:57 App is up to date.
2023-11-22 21:39:57 Checking for update using Github
2023-11-22 21:39:57 Success.
2023-11-22 21:39:57 Latest version is 1.4.16
2023-11-22 21:39:57 App is up to date.
2023-11-23 02:07:56 Checking for update using Github
2023-11-23 02:07:57 Success.
2023-11-23 02:07:57 Latest version is 1.4.16
2023-11-23 02:07:57 App is up to date.
2023-11-23 14:51:57 Checking for update using Github
2023-11-23 14:51:58 Success.
2023-11-23 14:51:58 Latest version is 1.4.16
2023-11-23 14:51:58 App is up to date.
2023-11-23 18:49:34 Checking for update using Github
2023-11-23 18:49:35 Success.
2023-11-23 18:49:35 Latest version is 1.4.16
2023-11-23 18:49:35 App is up to date.
2023-11-23 19:49:35 Checking for update using Github
2023-11-23 19:49:35 Success.
2023-11-23 19:49:35 Latest version is 1.4.16
2023-11-23 19:49:35 App is up to date.
2023-11-24 15:59:49 Checking for update using Github
2023-11-24 15:59:50 Success.
2023-11-24 15:59:50 Latest version is 1.4.16
2023-11-24 15:59:50 App is up to date.
2023-11-24 16:59:49 Checking for update using Github
2023-11-24 16:59:49 Success.
2023-11-24 16:59:49 Latest version is 1.4.16
2023-11-24 16:59:49 App is up to date.
2023-11-24 17:59:49 Checking for update using Github
2023-11-24 17:59:49 Success.
2023-11-24 17:59:49 Latest version is 1.4.16
2023-11-24 17:59:49 App is up to date.
2023-11-25 04:21:16 Checking for update using Github
2023-11-25 04:21:16 Success.
2023-11-25 04:21:16 Latest version is 1.4.16
2023-11-25 04:21:16 App is up to date.
2023-11-25 14:21:27 Checking for update using Github
2023-11-25 14:21:27 Success.
2023-11-25 14:21:27 Latest version is 1.4.16
2023-11-25 14:21:27 App is up to date.
2023-11-25 15:21:27 Checking for update using Github
2023-11-25 15:21:27 Success.
2023-11-25 15:21:27 Latest version is 1.4.16
2023-11-25 15:21:27 App is up to date.
2023-11-25 16:21:27 Checking for update using Github
2023-11-25 16:21:32 Success.
2023-11-25 16:21:32 Latest version is 1.4.16
2023-11-25 16:21:32 App is up to date.
2023-11-26 14:57:31 Checking for update using Github
2023-11-26 14:57:31 Success.
2023-11-26 14:57:31 Latest version is 1.4.16
2023-11-26 14:57:31 App is up to date.
2023-11-26 15:57:31 Checking for update using Github
2023-11-26 15:57:31 Success.
2023-11-26 15:57:31 Latest version is 1.4.16
2023-11-26 15:57:31 App is up to date.
2023-11-26 16:57:31 Checking for update using Github
2023-11-26 16:57:31 Success.
2023-11-26 16:57:31 Latest version is 1.4.16
2023-11-26 16:57:31 App is up to date.
2023-11-26 22:07:32 Checking for update using Github
2023-11-26 22:07:32 Success.
2023-11-26 22:07:32 Latest version is 1.4.16
2023-11-26 22:07:32 App is up to date.
2023-11-27 01:04:00 Checking for update using Github
2023-11-27 13:53:01 Loading main app package /usr/lib/obsidian/obsidian.asar
2023-11-27 13:53:01 Checking for update using Github
2023-11-27 13:53:01 Success.
2023-11-27 13:53:01 Latest version is 1.4.16
2023-11-27 13:53:01 App is up to date.
2023-11-27 13:53:16 Loading main app package /usr/lib/obsidian/obsidian.asar
2023-11-27 13:53:16 Checking for update using Github
2023-11-27 13:53:17 Success.
2023-11-27 13:53:17 Latest version is 1.4.16
2023-11-27 13:53:17 App is up to date.
2023-11-27 18:57:42 Checking for update using Github
2023-11-27 18:57:47 Success.
2023-11-27 18:57:47 Latest version is 1.4.16
2023-11-27 18:57:47 App is up to date.
2023-11-27 21:07:54 Checking for update using Github
2023-11-27 21:07:54 Success.
2023-11-27 21:07:54 Latest version is 1.4.16
2023-11-27 21:07:54 App is up to date.
2023-11-27 22:07:54 Checking for update using Github
2023-11-27 22:07:54 Success.
2023-11-27 22:07:54 Latest version is 1.4.16
2023-11-27 22:07:54 App is up to date.
2023-11-27 23:07:54 Checking for update using Github
2023-11-27 23:07:54 Success.
2023-11-27 23:07:54 Latest version is 1.4.16
2023-11-27 23:07:54 App is up to date.
2023-11-28 00:07:54 Checking for update using Github
2023-11-28 00:07:54 Success.
2023-11-28 00:07:54 Latest version is 1.4.16
2023-11-28 00:07:54 App is up to date.
2023-11-28 21:43:18 Checking for update using Github
2023-11-28 21:43:18 Success.
2023-11-28 21:43:18 Latest version is 1.4.16
2023-11-28 21:43:18 App is up to date.
2023-11-30 13:54:12 Loading main app package /usr/lib/obsidian/obsidian.asar
2023-11-30 13:54:12 Checking for update using Github
2023-11-30 13:54:12 Success.
2023-11-30 13:54:12 Latest version is 1.4.16
2023-11-30 13:54:12 App is up to date.
2023-11-30 21:17:59 Checking for update using Github
2023-11-30 21:17:59 Success.
2023-11-30 21:17:59 Latest version is 1.4.16
2023-11-30 21:17:59 App is up to date.
2023-12-03 21:54:56 Loading main app package /usr/lib/obsidian/obsidian.asar
2023-12-03 21:54:57 Checking for update using Github
2023-12-03 21:54:57 Failed to check for update using Github (net::ERR_INTERNET_DISCONNECTED)
2023-12-03 21:54:57 Checking for update using obsidian.md
2023-12-03 21:54:57 Failed to check for update using obsidian.md (net::ERR_INTERNET_DISCONNECTED)
2023-12-03 22:54:57 Checking for update using Github
2023-12-03 22:54:59 Success.
2023-12-03 22:54:59 Latest version is 1.4.16
2023-12-03 22:54:59 App is up to date.
2023-12-03 23:54:58 Checking for update using Github
2023-12-03 23:54:59 Success.
2023-12-03 23:54:59 Latest version is 1.4.16
2023-12-03 23:54:59 App is up to date.
2023-12-04 13:52:24 Loading main app package /usr/lib/obsidian/obsidian.asar
2023-12-04 13:52:24 Checking for update using Github
2023-12-04 13:52:24 Success.
2023-12-04 13:52:24 Latest version is 1.4.16
2023-12-04 13:52:24 App is up to date.
2023-12-06 21:52:57 Loading main app package /usr/lib/obsidian/obsidian.asar
2023-12-06 21:52:57 Checking for update using Github
2023-12-06 21:52:57 Success.
2023-12-06 21:52:57 Latest version is 1.4.16
2023-12-06 21:52:57 App is up to date.
2023-12-06 22:52:57 Checking for update using Github
2023-12-06 22:52:57 Success.
2023-12-06 22:52:57 Latest version is 1.4.16
2023-12-06 22:52:57 App is up to date.
2023-12-06 23:52:57 Checking for update using Github
2023-12-06 23:53:02 Success.
2023-12-06 23:53:02 Latest version is 1.4.16
2023-12-06 23:53:02 App is up to date.
2023-12-07 00:52:57 Checking for update using Github
2023-12-07 00:52:57 Success.
2023-12-07 00:52:57 Latest version is 1.4.16
2023-12-07 00:52:57 App is up to date.
2023-12-07 01:52:57 Checking for update using Github
2023-12-07 01:52:57 Success.
2023-12-07 01:52:57 Latest version is 1.4.16
2023-12-07 01:52:57 App is up to date.
2023-12-07 02:52:57 Checking for update using Github
2023-12-07 02:52:57 Success.
2023-12-07 02:52:57 Latest version is 1.4.16
2023-12-07 02:52:57 App is up to date.
2023-12-10 23:01:44 Loading main app package /usr/lib/obsidian/obsidian.asar
2023-12-10 23:01:44 Checking for update using Github
2023-12-10 23:01:44 Success.
2023-12-10 23:01:44 Latest version is 1.4.16
2023-12-10 23:01:44 App is up to date.
2023-12-11 00:01:44 Checking for update using Github
2023-12-11 00:01:44 Success.
2023-12-11 00:01:44 Latest version is 1.4.16
2023-12-11 00:01:44 App is up to date.
2023-12-11 01:01:44 Checking for update using Github
2023-12-11 01:01:44 Success.
2023-12-11 01:01:44 Latest version is 1.4.16
2023-12-11 01:01:44 App is up to date.
2023-12-24 19:55:27 Loading main app package /usr/lib/obsidian/obsidian.asar
2023-12-24 19:55:27 Checking for update using Github
2023-12-24 19:55:28 Success.
2023-12-24 19:55:28 Latest version is 1.4.16
2023-12-24 19:55:28 App is up to date.
2023-12-24 21:11:41 Loading main app package /usr/lib/obsidian/obsidian.asar
2023-12-24 21:11:41 Checking for update using Github
2023-12-24 21:11:41 Success.
2023-12-24 21:11:41 Latest version is 1.4.16
2023-12-24 21:11:41 App is up to date.
2023-12-25 02:09:45 Loading main app package /usr/lib/obsidian/obsidian.asar
2023-12-25 02:09:45 Checking for update using Github
2023-12-25 02:09:46 Success.
2023-12-25 02:09:46 Latest version is 1.4.16
2023-12-25 02:09:46 App is up to date.
2023-12-25 03:09:45 Checking for update using Github
2023-12-25 03:09:45 Success.
2023-12-25 03:09:45 Latest version is 1.4.16
2023-12-25 03:09:45 App is up to date.
2023-12-25 04:09:45 Checking for update using Github
2023-12-25 04:09:45 Success.
2023-12-25 04:09:45 Latest version is 1.4.16
2023-12-25 04:09:45 App is up to date.
2023-12-26 16:23:52 Loading main app package /usr/lib/obsidian/obsidian.asar
2023-12-26 16:23:52 Checking for update using Github
2023-12-26 16:23:52 Success.
2023-12-26 16:23:52 Latest version is 1.5.3
2023-12-26 16:23:52 Downloading update from https://github.com/obsidianmd/obsidian-releases/releases/download/v1.5.3/obsidian-1.5.3.asar.gz
2023-12-26 16:23:53 Verifying hash & signature. Size= 8515395
2023-12-26 16:23:53 Saving file
2023-12-26 16:23:53 Update complete.
2023-12-26 17:23:52 Checking for update using Github
2023-12-26 17:23:52 Success.
2023-12-26 17:23:52 Latest version is 1.5.3
2023-12-26 17:23:52 An update is already downloaded.
2023-12-26 18:23:52 Checking for update using Github
2023-12-26 18:23:52 Success.
2023-12-26 18:23:52 Latest version is 1.5.3
2023-12-26 18:23:52 An update is already downloaded.
2023-12-26 19:59:51 Checking for update using Github
2023-12-26 19:59:51 Success.
2023-12-26 19:59:51 Latest version is 1.5.3
2023-12-26 19:59:51 An update is already downloaded.
2024-01-03 22:18:01 Loading updated app package /home/lucas/.config/obsidian/obsidian-1.5.3.asar
2024-01-03 22:18:01 Checking for update using Github
2024-01-03 22:18:02 Success.
2024-01-03 22:18:02 Latest version is 1.5.3
2024-01-03 22:18:02 App is up to date.
2024-01-03 23:18:01 Checking for update using Github
2024-01-03 23:18:01 Success.
2024-01-03 23:18:01 Latest version is 1.5.3
2024-01-03 23:18:01 App is up to date.
2024-01-04 00:18:01 Checking for update using Github
2024-01-04 00:18:01 Success.
2024-01-04 00:18:01 Latest version is 1.5.3
2024-01-04 00:18:01 App is up to date.
2024-01-04 01:18:01 Checking for update using Github
2024-01-04 01:18:01 Success.
2024-01-04 01:18:01 Latest version is 1.5.3
2024-01-04 01:18:01 App is up to date.
2024-01-08 14:14:27 Loading updated app package /home/lucas/.config/obsidian/obsidian-1.5.3.asar
2024-01-08 14:14:28 Checking for update using Github
2024-01-08 14:14:28 Failed to check for update using Github (net::ERR_INTERNET_DISCONNECTED)
2024-01-08 14:14:28 Checking for update using obsidian.md
2024-01-08 14:14:28 Failed to check for update using obsidian.md (net::ERR_INTERNET_DISCONNECTED)
2024-01-11 15:34:25 Loading updated app package /home/lucas/.config/obsidian/obsidian-1.5.3.asar
2024-01-11 15:34:26 Checking for update using Github
2024-01-11 15:34:26 Success.
2024-01-11 15:34:26 Latest version is 1.5.3
2024-01-11 15:34:26 App is up to date.
2024-01-11 20:15:00 Checking for update using Github
2024-01-11 20:15:00 Success.
2024-01-11 20:15:00 Latest version is 1.5.3
2024-01-11 20:15:00 App is up to date.
2024-01-31 00:19:15 Loading main app package /usr/lib/obsidian/obsidian.asar
2024-01-31 00:19:16 Checking for update using Github
2024-01-31 00:19:16 Success.
2024-01-31 00:19:16 Latest version is 1.5.3
2024-01-31 00:19:16 App is up to date.
2024-02-02 00:07:20 Loading main app package /usr/lib/obsidian/obsidian.asar
2024-02-02 00:07:20 Checking for update using Github
2024-02-02 00:07:20 Success.
2024-02-02 00:07:20 Latest version is 1.5.3
2024-02-02 00:07:20 App is up to date.
2024-02-02 01:07:20 Checking for update using Github
2024-02-02 01:07:20 Success.
2024-02-02 01:07:20 Latest version is 1.5.3
2024-02-02 01:07:20 App is up to date.
2024-02-02 22:53:20 Loading main app package /usr/lib/obsidian/obsidian.asar
2024-02-02 22:53:20 Checking for update using Github
2024-02-02 22:53:21 Success.
2024-02-02 22:53:21 Latest version is 1.5.3
2024-02-02 22:53:21 App is up to date.
2024-02-02 23:53:21 Checking for update using Github
2024-02-02 23:53:22 Success.
2024-02-02 23:53:22 Latest version is 1.5.3
2024-02-02 23:53:22 App is up to date.
2024-02-03 00:53:21 Checking for update using Github
2024-02-03 00:53:22 Success.
2024-02-03 00:53:22 Latest version is 1.5.3
2024-02-03 00:53:22 App is up to date.
2024-02-11 22:38:26 Loading main app package /usr/lib/obsidian/obsidian.asar
2024-02-11 22:38:26 Checking for update using Github
2024-02-11 22:38:26 Success.
2024-02-11 22:38:26 Latest version is 1.5.3
2024-02-11 22:38:26 App is up to date.
2024-02-11 23:38:26 Checking for update using Github
2024-02-11 23:38:26 Success.
2024-02-11 23:38:26 Latest version is 1.5.3
2024-02-11 23:38:26 App is up to date.
2024-02-12 00:38:26 Checking for update using Github
2024-02-12 00:38:26 Success.
2024-02-12 00:38:26 Latest version is 1.5.3
2024-02-12 00:38:26 App is up to date.
2024-02-12 01:38:26 Checking for update using Github
2024-02-12 01:38:26 Success.
2024-02-12 01:38:26 Latest version is 1.5.3
2024-02-12 01:38:26 App is up to date.
2024-03-04 13:54:49 Loading main app package /usr/lib/obsidian/obsidian.asar
2024-03-04 13:54:49 Checking for update using Github
2024-03-04 13:54:49 Failed to check for update using Github (net::ERR_INTERNET_DISCONNECTED)
2024-03-04 13:54:49 Checking for update using obsidian.md
2024-03-04 13:54:49 Failed to check for update using obsidian.md (net::ERR_INTERNET_DISCONNECTED)
2024-03-11 12:49:01 Loading main app package /usr/lib/obsidian/obsidian.asar
2024-03-11 12:49:01 Checking for update using Github
2024-03-11 12:49:02 Success.
2024-03-11 12:49:02 Latest version is 1.5.8
2024-03-11 12:49:02 App is up to date.
2024-03-12 13:22:47 Loading main app package /usr/lib/obsidian/obsidian.asar
2024-03-12 13:22:47 Checking for update using Github
2024-03-12 13:22:48 Success.
2024-03-12 13:22:48 Latest version is 1.5.8
2024-03-12 13:22:48 App is up to date.
2024-03-12 13:28:47 Checking for update using Github
2024-03-12 13:28:47 Success.
2024-03-12 13:28:47 Latest version is 1.5.8
2024-03-12 13:28:47 App is up to date.
2024-03-13 12:31:58 Loading main app package /usr/lib/obsidian/obsidian.asar
2024-03-13 12:31:58 Checking for update using Github
2024-03-13 12:31:58 Success.
2024-03-13 12:31:58 Latest version is 1.5.8
2024-03-13 12:31:58 App is up to date.
2024-03-13 21:43:13 Checking for update using Github
2024-03-13 21:43:13 Success.
2024-03-13 21:43:13 Latest version is 1.5.8
2024-03-13 21:43:13 App is up to date.
2024-03-16 13:22:06 Loading main app package /usr/lib/obsidian/obsidian.asar
2024-03-16 13:22:06 Checking for update using Github
2024-03-16 13:22:12 Success.
2024-03-16 13:22:12 Latest version is 1.5.8
2024-03-16 13:22:12 App is up to date.
2024-03-16 14:02:23 Loading main app package /usr/lib/obsidian/obsidian.asar
2024-03-16 14:02:23 Checking for update using Github
2024-03-16 14:02:23 Success.
2024-03-16 14:02:23 Latest version is 1.5.8
2024-03-16 14:02:23 App is up to date.
2024-03-19 13:02:55 Loading main app package /usr/lib/obsidian/obsidian.asar
2024-03-19 13:02:55 Checking for update using Github
2024-03-19 13:02:55 Success.
2024-03-19 13:02:55 Latest version is 1.5.8
2024-03-19 13:02:55 App is up to date.
2024-03-19 14:49:48 Checking for update using Github
2024-03-19 14:49:48 Success.
2024-03-19 14:49:48 Latest version is 1.5.8
2024-03-19 14:49:48 App is up to date.
2024-04-02 12:47:43 Loading main app package /usr/lib/obsidian/obsidian.asar
2024-04-02 12:47:43 Checking for update using Github
2024-04-02 12:47:44 Success.
2024-04-02 12:47:44 Latest version is 1.5.12
2024-04-02 12:47:44 Downloading update from https://github.com/obsidianmd/obsidian-releases/releases/download/v1.5.12/obsidian-1.5.12.asar.gz
2024-04-02 12:47:45 Verifying hash & signature. Size= 8781526
2024-04-02 12:47:45 Saving file
2024-04-02 12:47:45 Update complete.
2024-04-02 15:04:59 Checking for update using Github
2024-04-02 15:05:00 Success.
2024-04-02 15:05:00 Latest version is 1.5.12
2024-04-02 15:05:00 An update is already downloaded.
2024-04-03 13:10:30 Loading updated app package /home/lucas/.config/obsidian/obsidian-1.5.12.asar
2024-04-03 13:10:31 Checking for update using Github
2024-04-03 13:10:31 Success.
2024-04-03 13:10:31 Latest version is 1.5.12
2024-04-03 13:10:31 App is up to date.
2024-04-03 14:18:35 Checking for update using Github
2024-04-03 14:18:35 Success.
2024-04-03 14:18:35 Latest version is 1.5.12
2024-04-03 14:18:35 App is up to date.
2024-04-04 13:05:05 Loading updated app package /home/lucas/.config/obsidian/obsidian-1.5.12.asar
2024-04-04 13:05:05 Checking for update using Github
2024-04-04 13:05:06 Success.
2024-04-04 13:05:06 Latest version is 1.5.12
2024-04-04 13:05:06 App is up to date.
2024-04-04 23:02:24 Checking for update using Github
2024-04-10 13:16:56 Loading updated app package /home/lucas/.config/obsidian/obsidian-1.5.12.asar
2024-04-10 13:16:57 Checking for update using Github
2024-04-10 13:16:57 Success.
2024-04-10 13:16:57 Latest version is 1.5.12
2024-04-10 13:16:57 App is up to date.
2024-04-14 20:31:53 Loading main app package /usr/lib/obsidian/obsidian.asar
2024-04-14 20:31:54 Checking for update using Github
2024-04-14 20:31:54 Failed to check for update using Github (net::ERR_NAME_NOT_RESOLVED)
2024-04-14 20:31:54 Checking for update using obsidian.md
2024-04-14 20:31:54 Failed to check for update using obsidian.md (net::ERR_NAME_NOT_RESOLVED)
2024-04-14 21:31:53 Checking for update using Github
2024-04-14 21:31:54 Success.
2024-04-14 21:31:54 Latest version is 1.5.12
2024-04-14 21:31:54 App is up to date.
2024-04-14 22:31:53 Checking for update using Github
2024-04-14 22:31:54 Success.
2024-04-14 22:31:54 Latest version is 1.5.12
2024-04-14 22:31:54 App is up to date.
2024-04-14 23:31:53 Checking for update using Github
2024-04-14 23:31:54 Failed to check for update using Github (net::ERR_NAME_NOT_RESOLVED)
2024-04-14 23:31:54 Checking for update using obsidian.md
2024-04-14 23:31:54 Failed to check for update using obsidian.md (net::ERR_NAME_NOT_RESOLVED)
2024-04-15 12:47:59 Checking for update using Github
2024-04-15 12:51:23 Loading main app package /usr/lib/obsidian/obsidian.asar
2024-04-15 12:51:23 Checking for update using Github
2024-04-15 12:51:23 Success.
2024-04-15 12:51:23 Latest version is 1.5.12
2024-04-15 12:51:23 App is up to date.
2024-04-15 14:01:05 Checking for update using Github
2024-04-18 12:47:39 Loading main app package /usr/lib/obsidian/obsidian.asar
2024-04-18 12:47:39 Checking for update using Github
2024-04-18 12:47:40 Success.
2024-04-18 12:47:40 Latest version is 1.5.12
2024-04-18 12:47:40 App is up to date.
2024-04-18 22:16:45 Checking for update using Github
2024-04-18 22:16:46 Success.
2024-04-18 22:16:46 Latest version is 1.5.12
2024-04-18 22:16:46 App is up to date.
2024-04-19 12:49:48 Loading main app package /usr/lib/obsidian/obsidian.asar
2024-04-19 12:49:48 Checking for update using Github
2024-04-19 12:49:53 Success.
2024-04-19 12:49:53 Latest version is 1.5.12
2024-04-19 12:49:53 App is up to date.
2024-04-19 18:52:50 Checking for update using Github
2024-04-19 18:52:51 Success.
2024-04-19 18:52:51 Latest version is 1.5.12
2024-04-19 18:52:51 App is up to date.
2024-04-26 12:41:49 Loading main app package /usr/lib/obsidian/obsidian.asar
2024-04-26 12:41:50 Checking for update using Github
2024-04-26 12:41:50 Success.
2024-04-26 12:41:50 Latest version is 1.5.12
2024-04-26 12:41:50 App is up to date.
2024-04-26 21:00:59 Checking for update using Github
2024-04-26 21:00:59 Success.
2024-04-26 21:00:59 Latest version is 1.5.12
2024-04-26 21:00:59 App is up to date.
2024-04-26 22:00:59 Checking for update using Github
2024-04-26 22:00:59 Success.
2024-04-26 22:00:59 Latest version is 1.5.12
2024-04-26 22:00:59 App is up to date.
2024-04-26 23:00:59 Checking for update using Github
2024-04-26 23:00:59 Success.
2024-04-26 23:00:59 Latest version is 1.5.12
2024-04-26 23:00:59 App is up to date.
2024-04-27 00:00:59 Checking for update using Github
2024-04-27 00:00:59 Success.
2024-04-27 00:00:59 Latest version is 1.5.12
2024-04-27 00:00:59 App is up to date.
2024-04-27 15:53:49 Loading main app package /usr/lib/obsidian/obsidian.asar
2024-04-27 15:53:49 Checking for update using Github
2024-04-27 15:53:50 Success.
2024-04-27 15:53:50 Latest version is 1.5.12
2024-04-27 15:53:50 App is up to date.
2024-04-27 16:53:49 Checking for update using Github
2024-04-27 16:53:49 Success.
2024-04-27 16:53:49 Latest version is 1.5.12
2024-04-27 16:53:49 App is up to date.
2024-04-27 20:37:02 Checking for update using Github
2024-04-27 20:37:02 Success.
2024-04-27 20:37:02 Latest version is 1.5.12
2024-04-27 20:37:02 App is up to date.
2024-04-27 21:37:02 Checking for update using Github
2024-04-27 21:37:02 Success.
2024-04-27 21:37:02 Latest version is 1.5.12
2024-04-27 21:37:02 App is up to date.
2024-04-27 22:37:02 Checking for update using Github
2024-04-27 22:37:02 Success.
2024-04-27 22:37:02 Latest version is 1.5.12
2024-04-27 22:37:02 App is up to date.
2024-04-27 23:37:02 Checking for update using Github
2024-04-27 23:37:02 Success.
2024-04-27 23:37:02 Latest version is 1.5.12
2024-04-27 23:37:02 App is up to date.
2024-04-30 12:51:20 Loading main app package /usr/lib/obsidian/obsidian.asar
2024-04-30 12:51:21 Checking for update using Github
2024-04-30 12:51:21 Success.
2024-04-30 12:51:21 Latest version is 1.5.12
2024-04-30 12:51:21 App is up to date.
2024-05-04 14:06:05 Loading main app package /usr/lib/obsidian/obsidian.asar
2024-05-04 14:06:05 Checking for update using Github
2024-05-04 14:06:05 Success.
2024-05-04 14:06:05 Latest version is 1.5.12
2024-05-04 14:06:05 App is up to date.
2024-05-04 17:56:35 Loading main app package /usr/lib/obsidian/obsidian.asar
2024-05-04 17:56:35 Checking for update using Github
2024-05-04 17:56:35 Success.
2024-05-04 17:56:35 Latest version is 1.5.12
2024-05-04 17:56:35 App is up to date.
2024-05-08 12:48:18 Loading main app package /usr/lib/obsidian/obsidian.asar
2024-05-08 12:48:19 Checking for update using Github
2024-05-08 12:48:19 Success.
2024-05-08 12:48:19 Latest version is 1.5.12
2024-05-08 12:48:19 App is up to date.
2024-05-09 12:20:15 Loading main app package /usr/lib/obsidian/obsidian.asar
2024-05-09 12:20:15 Checking for update using Github
2024-05-09 12:20:15 Success.
2024-05-09 12:20:15 Latest version is 1.5.12
2024-05-09 12:20:15 App is up to date.
2024-05-09 15:27:20 Checking for update using Github
2024-05-14 23:05:26 Loading main app package /usr/lib/obsidian/obsidian.asar
2024-05-14 23:05:26 Checking for update using Github
2024-05-14 23:05:26 Success.
2024-05-14 23:05:26 Latest version is 1.5.12
2024-05-14 23:05:26 App is up to date.
2024-05-15 12:49:55 Checking for update using Github
2024-05-15 12:49:56 Success.
2024-05-15 12:49:56 Latest version is 1.5.12
2024-05-15 12:49:56 App is up to date.
2024-05-15 14:15:23 Checking for update using Github
2024-05-15 14:15:28 Success.
2024-05-15 14:15:28 Latest version is 1.5.12
2024-05-15 14:15:28 App is up to date.
2024-05-16 18:30:44 Checking for update using Github
2024-05-16 18:30:44 Success.
2024-05-16 18:30:44 Latest version is 1.5.12
2024-05-16 18:30:44 App is up to date.
2024-05-16 19:30:44 Checking for update using Github
2024-05-16 19:30:44 Success.
2024-05-16 19:30:44 Latest version is 1.5.12
2024-05-16 19:30:44 App is up to date.
2024-05-17 03:16:56 Checking for update using Github
2024-05-17 03:16:56 Success.
2024-05-17 03:16:56 Latest version is 1.5.12
2024-05-17 03:16:56 App is up to date.
2024-05-17 04:16:57 Checking for update using Github
2024-05-17 04:16:57 Success.
2024-05-17 04:16:57 Latest version is 1.5.12
2024-05-17 04:16:57 App is up to date.
