2024-01-22 08:03:59.569 [info] Added views:workbench.panel.markers.view in workbench.panel.markers
2024-01-22 08:03:59.569 [info] Added views:workbench.panel.output in workbench.panel.output
2024-01-22 08:03:59.569 [info] Added views:terminal in terminal
2024-01-22 08:03:59.569 [info] Added views:outline in workbench.view.explorer
2024-01-22 08:03:59.569 [info] Added views:workbench.scm in workbench.view.scm
2024-01-22 08:03:59.569 [info] Added views:workbench.view.search in workbench.view.search
2024-01-22 08:03:59.569 [info] Added views:timeline in workbench.view.explorer
2024-01-22 08:03:59.570 [info] Added views:workbench.explorer.emptyView in workbench.view.explorer
2024-01-22 08:03:59.747 [info] Added views:workbench.debug.variablesView,workbench.debug.watchExpressionsView,workbench.debug.callStackView,workbench.debug.breakPointsView in workbench.view.debug
2024-01-22 08:03:59.973 [info] Added views:gitlens.views.home,gitlens.views.contributors in workbench.view.extension.gitlens
2024-01-22 08:03:59.974 [info] Added views:gitlens.views.commits,gitlens.views.commitDetails,gitlens.views.fileHistory,gitlens.views.branches,gitlens.views.remotes,gitlens.views.stashes,gitlens.views.tags,gitlens.views.searchAndCompare in workbench.view.scm
2024-01-22 08:03:59.975 [info] Added views:cm_view in workbench.view.extension.color_manager_webview_container
2024-01-22 08:04:00.346 [info] Added views:workbench.panel.repl.view in workbench.panel.repl
2024-01-22 08:04:00.348 [info] Removed views:workbench.debug.breakPointsView,workbench.debug.callStackView,workbench.debug.watchExpressionsView,workbench.debug.variablesView from workbench.view.debug
2024-01-22 08:04:00.349 [info] Added views:workbench.debug.welcome in workbench.view.debug
2024-01-22 08:04:00.681 [info] Added views:workbench.view.testing in workbench.view.extension.test
2024-01-22 08:04:01.036 [info] Removed views:gitlens.views.searchAndCompare,gitlens.views.tags,gitlens.views.stashes,gitlens.views.remotes,gitlens.views.branches,gitlens.views.fileHistory,gitlens.views.commitDetails,gitlens.views.commits from workbench.view.scm
2024-01-22 08:04:01.037 [info] Removed views:gitlens.views.contributors from workbench.view.extension.gitlens
2024-01-22 08:04:01.172 [info] Added views:gitlens.views.contributors in workbench.view.extension.gitlens
2024-01-22 08:04:01.173 [info] Added views:gitlens.views.commits,gitlens.views.commitDetails,gitlens.views.fileHistory,gitlens.views.branches,gitlens.views.remotes,gitlens.views.stashes,gitlens.views.tags,gitlens.views.searchAndCompare in workbench.view.scm
2024-01-22 08:04:01.653 [info] Added views:gitlens.views.timeline in workbench.view.extension.gitlensPanel
2024-01-22 08:04:01.653 [info] Added views:gitlens.views.worktrees in workbench.view.scm
2024-01-22 08:04:06.311 [info] Removed views:workbench.view.testing from workbench.view.extension.test
