06:26:09 PM ERROR: On line 664 
06:26:09 PM ERROR: On line 1126 
06:26:09 PM ERROR: On line 665 
06:26:09 PM ERROR: On line 1968 
06:26:09 PM ERROR: On line 666 
06:26:09 PM ERROR: On line 659 
06:26:09 PM ERROR: On line 659 
06:26:09 PM ERROR: On line 664 
06:26:09 PM ERROR: On line 1126 
06:26:09 PM ERROR: On line 665 
06:26:09 PM ERROR: On line 1968 
06:26:09 PM ERROR: On line 666 
06:26:09 PM ERROR: On line 659 
06:26:09 PM ERROR: On line 659 
06:26:09 PM ERROR: On line 664 
06:26:09 PM ERROR: On line 1126 
06:26:09 PM ERROR: On line 665 
06:26:09 PM ERROR: On line 1968 
06:26:09 PM ERROR: On line 666 
06:26:09 PM ERROR: On line 659 
06:26:09 PM ERROR: On line 659 
06:26:09 PM ERROR: On line 664 
06:26:09 PM ERROR: On line 1126 
06:26:09 PM ERROR: On line 665 
06:26:09 PM ERROR: On line 1968 
06:26:09 PM ERROR: On line 666 
06:26:10 PM ERROR: On line 659 
06:26:10 PM ERROR: On line 659 
06:26:10 PM ERROR: On line 664 
06:26:10 PM ERROR: On line 1126 
06:26:10 PM ERROR: On line 665 
06:26:10 PM ERROR: On line 1968 
06:26:10 PM ERROR: On line 666 
06:26:10 PM ERROR: On line 659 
06:26:10 PM ERROR: On line 659 
06:26:10 PM ERROR: On line 664 
06:26:10 PM ERROR: On line 1126 
06:26:10 PM ERROR: On line 665 
06:26:10 PM ERROR: On line 1968 
06:26:10 PM ERROR: On line 666 
06:26:10 PM ERROR: On line 659 
06:26:10 PM ERROR: On line 659 
06:26:10 PM ERROR: On line 664 
06:26:10 PM ERROR: On line 1126 
06:26:10 PM ERROR: On line 665 
06:26:10 PM ERROR: On line 1968 
06:26:10 PM ERROR: On line 666 
06:26:10 PM ERROR: On line 659 
06:26:10 PM ERROR: On line 659 
06:26:10 PM ERROR: On line 664 
06:26:10 PM ERROR: On line 1126 
06:26:10 PM ERROR: On line 665 
06:26:10 PM ERROR: On line 1968 
06:26:10 PM ERROR: On line 666 
06:26:11 PM ERROR: On line 659 
06:26:11 PM ERROR: On line 659 
06:26:11 PM ERROR: On line 664 
06:26:11 PM ERROR: On line 1126 
06:26:11 PM ERROR: On line 665 
06:26:11 PM ERROR: On line 1968 
06:26:11 PM ERROR: On line 666 
06:26:11 PM ERROR: On line 659 
06:26:11 PM ERROR: On line 659 
06:26:11 PM ERROR: On line 664 
06:26:11 PM ERROR: On line 1126 
06:26:11 PM ERROR: On line 665 
06:26:11 PM ERROR: On line 1968 
06:26:11 PM ERROR: On line 666 
06:26:11 PM ERROR: On line 659 
06:26:11 PM ERROR: On line 659 
06:26:11 PM ERROR: On line 664 
06:26:11 PM ERROR: On line 1126 
06:26:11 PM ERROR: On line 665 
06:26:11 PM ERROR: On line 1968 
06:26:11 PM ERROR: On line 666 
06:26:11 PM ERROR: On line 659 
06:26:11 PM ERROR: On line 659 
06:26:11 PM ERROR: On line 664 
06:26:11 PM ERROR: On line 1126 
06:26:11 PM ERROR: On line 665 
06:26:11 PM ERROR: On line 1968 
06:26:11 PM ERROR: On line 666 
06:26:11 PM ERROR: On line 659 
06:26:11 PM ERROR: On line 659 
06:26:11 PM ERROR: On line 664 
06:26:11 PM ERROR: On line 1126 
06:26:11 PM ERROR: On line 665 
06:26:11 PM ERROR: On line 1968 
06:26:11 PM ERROR: On line 666 
06:26:12 PM ERROR: On line 659 
06:26:12 PM ERROR: On line 659 
06:26:12 PM ERROR: On line 664 
06:26:12 PM ERROR: On line 1126 
06:26:12 PM ERROR: On line 665 
06:26:12 PM ERROR: On line 1968 
06:26:12 PM ERROR: On line 666 
06:26:12 PM ERROR: On line 659 
06:26:12 PM ERROR: On line 659 
06:26:12 PM ERROR: On line 664 
06:26:12 PM ERROR: On line 1126 
06:26:12 PM ERROR: On line 665 
06:26:12 PM ERROR: On line 1968 
06:26:12 PM ERROR: On line 666 
06:26:12 PM ERROR: On line 659 
06:26:12 PM ERROR: On line 659 
06:26:12 PM ERROR: On line 664 
06:26:12 PM ERROR: On line 1126 
06:26:12 PM ERROR: On line 665 
06:26:12 PM ERROR: On line 1968 
06:26:12 PM ERROR: On line 666 
06:26:12 PM ERROR: On line 659 
06:26:12 PM ERROR: On line 659 
06:26:12 PM ERROR: On line 664 
06:26:12 PM ERROR: On line 1126 
06:26:12 PM ERROR: On line 665 
06:26:12 PM ERROR: On line 1968 
06:26:12 PM ERROR: On line 666 
06:26:13 PM ERROR: On line 659 
06:26:13 PM ERROR: On line 659 
06:26:13 PM ERROR: On line 664 
06:26:13 PM ERROR: On line 1126 
06:26:13 PM ERROR: On line 665 
06:26:13 PM ERROR: On line 1968 
06:26:13 PM ERROR: On line 666 
06:26:13 PM ERROR: On line 659 
06:26:13 PM ERROR: On line 659 
06:26:13 PM ERROR: On line 664 
06:26:13 PM ERROR: On line 1126 
06:26:13 PM ERROR: On line 665 
06:26:13 PM ERROR: On line 1968 
06:26:13 PM ERROR: On line 666 
06:26:13 PM ERROR: On line 659 
06:26:13 PM ERROR: On line 659 
06:26:13 PM ERROR: On line 664 
06:26:13 PM ERROR: On line 1126 
06:26:13 PM ERROR: On line 665 
06:26:13 PM ERROR: On line 1968 
06:26:13 PM ERROR: On line 666 
06:26:13 PM ERROR: On line 659 
06:26:13 PM ERROR: On line 659 
06:26:13 PM ERROR: On line 664 
06:26:13 PM ERROR: On line 1126 
06:26:13 PM ERROR: On line 665 
06:26:13 PM ERROR: On line 1968 
06:26:13 PM ERROR: On line 666 
06:26:13 PM ERROR: On line 659 
06:26:13 PM ERROR: On line 659 
06:26:13 PM ERROR: On line 664 
06:26:13 PM ERROR: On line 1126 
06:26:13 PM ERROR: On line 665 
06:26:13 PM ERROR: On line 1968 
06:26:13 PM ERROR: On line 666 
06:26:14 PM ERROR: On line 659 
06:26:14 PM ERROR: On line 659 
06:26:14 PM ERROR: On line 664 
06:26:14 PM ERROR: On line 1126 
06:26:14 PM ERROR: On line 665 
06:26:14 PM ERROR: On line 1968 
06:26:14 PM ERROR: On line 666 
06:26:14 PM ERROR: On line 659 
06:26:14 PM ERROR: On line 659 
06:26:14 PM ERROR: On line 664 
06:26:14 PM ERROR: On line 1126 
06:26:14 PM ERROR: On line 665 
06:26:14 PM ERROR: On line 1968 
06:26:14 PM ERROR: On line 666 
06:26:14 PM ERROR: On line 659 
06:26:14 PM ERROR: On line 659 
06:26:14 PM ERROR: On line 664 
06:26:14 PM ERROR: On line 1126 
06:26:14 PM ERROR: On line 665 
06:26:14 PM ERROR: On line 1968 
06:26:14 PM ERROR: On line 666 
06:26:14 PM ERROR: On line 659 
06:26:14 PM ERROR: On line 659 
06:26:14 PM ERROR: On line 664 
06:26:14 PM ERROR: On line 1126 
06:26:14 PM ERROR: On line 665 
06:26:14 PM ERROR: On line 1968 
06:26:14 PM ERROR: On line 666 
06:26:14 PM ERROR: On line 659 
06:26:14 PM ERROR: On line 659 
06:26:14 PM ERROR: On line 664 
06:26:14 PM ERROR: On line 1126 
06:26:14 PM ERROR: On line 665 
06:26:14 PM ERROR: On line 1968 
06:26:14 PM ERROR: On line 666 
06:26:15 PM ERROR: On line 659 
06:26:15 PM ERROR: On line 659 
06:26:15 PM ERROR: On line 664 
06:26:15 PM ERROR: On line 1126 
06:26:15 PM ERROR: On line 665 
06:26:15 PM ERROR: On line 1968 
06:26:15 PM ERROR: On line 666 
06:26:15 PM ERROR: On line 659 
06:26:15 PM ERROR: On line 659 
06:26:15 PM ERROR: On line 664 
06:26:15 PM ERROR: On line 1126 
06:26:15 PM ERROR: On line 665 
06:26:15 PM ERROR: On line 1968 
06:26:15 PM ERROR: On line 666 
06:26:15 PM ERROR: On line 659 
06:26:15 PM ERROR: On line 659 
06:26:15 PM ERROR: On line 664 
06:26:15 PM ERROR: On line 1126 
06:26:15 PM ERROR: On line 665 
06:26:15 PM ERROR: On line 1968 
06:26:15 PM ERROR: On line 666 
06:26:15 PM ERROR: On line 659 
06:26:15 PM ERROR: On line 659 
06:26:15 PM ERROR: On line 664 
06:26:15 PM ERROR: On line 1126 
06:26:15 PM ERROR: On line 665 
06:26:15 PM ERROR: On line 1968 
06:26:15 PM ERROR: On line 666 
06:26:16 PM ERROR: On line 659 
06:26:16 PM ERROR: On line 659 
06:26:16 PM ERROR: On line 664 
06:26:16 PM ERROR: On line 1126 
06:26:16 PM ERROR: On line 665 
06:26:16 PM ERROR: On line 1968 
06:26:16 PM ERROR: On line 666 
06:26:16 PM ERROR: On line 659 
06:26:16 PM ERROR: On line 659 
06:26:16 PM ERROR: On line 664 
06:26:16 PM ERROR: On line 1126 
06:26:16 PM ERROR: On line 665 
06:26:16 PM ERROR: On line 1968 
06:26:16 PM ERROR: On line 666 
06:26:16 PM ERROR: On line 659 
06:26:16 PM ERROR: On line 659 
06:26:16 PM ERROR: On line 664 
06:26:16 PM ERROR: On line 1126 
06:26:16 PM ERROR: On line 665 
06:26:16 PM ERROR: On line 1968 
06:26:16 PM ERROR: On line 666 
06:26:16 PM ERROR: On line 659 
06:26:16 PM ERROR: On line 659 
06:26:16 PM ERROR: On line 664 
06:26:16 PM ERROR: On line 1126 
06:26:16 PM ERROR: On line 665 
06:26:16 PM ERROR: On line 1968 
06:26:16 PM ERROR: On line 666 
06:26:16 PM ERROR: On line 659 
06:26:16 PM ERROR: On line 659 
06:26:16 PM ERROR: On line 664 
06:26:16 PM ERROR: On line 1126 
06:26:16 PM ERROR: On line 665 
06:26:16 PM ERROR: On line 1968 
06:26:16 PM ERROR: On line 666 
06:26:17 PM ERROR: On line 659 
06:26:17 PM ERROR: On line 659 
06:26:17 PM ERROR: On line 664 
06:26:17 PM ERROR: On line 1126 
06:26:17 PM ERROR: On line 665 
06:26:17 PM ERROR: On line 1968 
06:26:17 PM ERROR: On line 666 
06:26:17 PM ERROR: On line 659 
06:26:17 PM ERROR: On line 659 
06:26:17 PM ERROR: On line 664 
06:26:17 PM ERROR: On line 1126 
06:26:17 PM ERROR: On line 665 
06:26:17 PM ERROR: On line 1968 
06:26:17 PM ERROR: On line 666 
06:26:17 PM ERROR: On line 659 
06:26:17 PM ERROR: On line 659 
06:26:17 PM ERROR: On line 664 
06:26:17 PM ERROR: On line 1126 
06:26:17 PM ERROR: On line 665 
06:26:17 PM ERROR: On line 1968 
06:26:17 PM ERROR: On line 666 
06:26:17 PM ERROR: On line 659 
06:26:17 PM ERROR: On line 659 
06:26:17 PM ERROR: On line 664 
06:26:17 PM ERROR: On line 1126 
06:26:17 PM ERROR: On line 665 
06:26:17 PM ERROR: On line 1968 
06:26:17 PM ERROR: On line 666 
06:26:18 PM ERROR: On line 659 
06:26:18 PM ERROR: On line 659 
06:26:18 PM ERROR: On line 664 
06:26:18 PM ERROR: On line 1126 
06:26:18 PM ERROR: On line 665 
06:26:18 PM ERROR: On line 1968 
06:26:18 PM ERROR: On line 666 
06:26:18 PM ERROR: On line 659 
06:26:18 PM ERROR: On line 659 
06:26:18 PM ERROR: On line 664 
06:26:18 PM ERROR: On line 1126 
06:26:18 PM ERROR: On line 665 
06:26:18 PM ERROR: On line 1968 
06:26:18 PM ERROR: On line 666 
06:26:18 PM ERROR: On line 659 
06:26:18 PM ERROR: On line 659 
06:26:18 PM ERROR: On line 664 
06:26:18 PM ERROR: On line 1126 
06:26:18 PM ERROR: On line 665 
06:26:18 PM ERROR: On line 1968 
06:26:18 PM ERROR: On line 666 
06:26:18 PM ERROR: On line 659 
06:26:18 PM ERROR: On line 659 
06:26:18 PM ERROR: On line 664 
06:26:18 PM ERROR: On line 1126 
06:26:18 PM ERROR: On line 665 
06:26:18 PM ERROR: On line 1968 
06:26:18 PM ERROR: On line 666 
06:26:18 PM ERROR: On line 659 
06:26:18 PM ERROR: On line 659 
06:26:18 PM ERROR: On line 664 
06:26:18 PM ERROR: On line 1126 
06:26:18 PM ERROR: On line 665 
06:26:18 PM ERROR: On line 1968 
06:26:18 PM ERROR: On line 666 
06:26:19 PM ERROR: On line 659 
06:26:19 PM ERROR: On line 659 
06:26:19 PM ERROR: On line 664 
06:26:19 PM ERROR: On line 1126 
06:26:19 PM ERROR: On line 665 
06:26:19 PM ERROR: On line 1968 
06:26:19 PM ERROR: On line 666 
06:26:19 PM ERROR: On line 659 
06:26:19 PM ERROR: On line 659 
06:26:19 PM ERROR: On line 664 
06:26:19 PM ERROR: On line 1126 
06:26:19 PM ERROR: On line 665 
06:26:19 PM ERROR: On line 1968 
06:26:19 PM ERROR: On line 666 
06:26:19 PM ERROR: On line 659 
06:26:19 PM ERROR: On line 659 
06:26:19 PM ERROR: On line 664 
06:26:19 PM ERROR: On line 1126 
06:26:19 PM ERROR: On line 665 
06:26:19 PM ERROR: On line 1968 
06:26:19 PM ERROR: On line 666 
06:26:19 PM ERROR: On line 659 
06:26:19 PM ERROR: On line 659 
06:26:19 PM ERROR: On line 664 
06:26:19 PM ERROR: On line 1126 
06:26:19 PM ERROR: On line 665 
06:26:19 PM ERROR: On line 1968 
06:26:19 PM ERROR: On line 666 
06:26:19 PM ERROR: On line 659 
06:26:19 PM ERROR: On line 659 
06:26:19 PM ERROR: On line 664 
06:26:19 PM ERROR: On line 1126 
06:26:19 PM ERROR: On line 665 
06:26:19 PM ERROR: On line 1968 
06:26:19 PM ERROR: On line 666 
06:26:20 PM ERROR: On line 659 
06:26:20 PM ERROR: On line 659 
06:26:20 PM ERROR: On line 664 
06:26:20 PM ERROR: On line 1126 
06:26:20 PM ERROR: On line 665 
06:26:20 PM ERROR: On line 1968 
06:26:20 PM ERROR: On line 666 
06:26:20 PM ERROR: On line 659 
06:26:20 PM ERROR: On line 659 
06:26:20 PM ERROR: On line 664 
06:26:20 PM ERROR: On line 1126 
06:26:20 PM ERROR: On line 665 
06:26:20 PM ERROR: On line 1968 
06:26:20 PM ERROR: On line 666 
06:26:20 PM ERROR: On line 659 
06:26:20 PM ERROR: On line 659 
06:26:20 PM ERROR: On line 664 
06:26:20 PM ERROR: On line 1126 
06:26:20 PM ERROR: On line 665 
06:26:20 PM ERROR: On line 1968 
06:26:20 PM ERROR: On line 666 
06:26:20 PM ERROR: On line 659 
06:26:20 PM ERROR: On line 659 
06:26:20 PM ERROR: On line 664 
06:26:20 PM ERROR: On line 1126 
06:26:20 PM ERROR: On line 665 
06:26:20 PM ERROR: On line 1968 
06:26:20 PM ERROR: On line 666 
 
New instance of bashtop version: 0.9.25 Pid: 37226
 
New instance of bashtop version: 0.9.25 Pid: 38690
 
New instance of bashtop version: 0.9.25 Pid: 45213
 
New instance of bashtop version: 0.9.25 Pid: 9637
 
New instance of bashtop version: 0.9.25 Pid: 34042
 
New instance of bashtop version: 0.9.25 Pid: 34846
 
New instance of bashtop version: 0.9.25 Pid: 35763
 
New instance of bashtop version: 0.9.25 Pid: 37099
 
New instance of bashtop version: 0.9.25 Pid: 37670
 
New instance of bashtop version: 0.9.25 Pid: 38560
 
New instance of bashtop version: 0.9.25 Pid: 61792
 
New instance of bashtop version: 0.9.25 Pid: 141471
 
New instance of bashtop version: 0.9.25 Pid: 360471
 
New instance of bashtop version: 0.9.25 Pid: 375571
 
New instance of bashtop version: 0.9.25 Pid: 425883
 
New instance of bashtop version: 0.9.25 Pid: 437219
 
New instance of bashtop version: 0.9.25 Pid: 535648
 
New instance of bashtop version: 0.9.25 Pid: 536098
 
New instance of bashtop version: 0.9.25 Pid: 536992
 
New instance of bashtop version: 0.9.25 Pid: 544938
 
New instance of bashtop version: 0.9.25 Pid: 4884
 
New instance of bashtop version: 0.9.25 Pid: 13993
 
New instance of bashtop version: 0.9.25 Pid: 87214
/usr/bin/bashtop: line 3405: pid_Pid:_graph: invalid variable name
 
New instance of bashtop version: 0.9.25 Pid: 87418
/usr/bin/bashtop: line 3405: pid_Pid:_graph: invalid variable name
 
New instance of bashtop version: 0.9.25 Pid: 105350
/usr/bin/bashtop: line 3405: pid_Pid:_graph: invalid variable name
 
New instance of bashtop version: 0.9.25 Pid: 27332
 
New instance of bashtop version: 0.9.25 Pid: 105835
 
New instance of bashtop version: 0.9.25 Pid: 120734
 
New instance of bashtop version: 0.9.25 Pid: 133377
/usr/bin/bashtop: line 1663: Pid: Program:       Arguments:                                   Threads: User:    Mem%       Cpu%: syntax error in expression (error token is ": Program:       Arguments:                                   Threads: User:    Mem%       Cpu%")
 
New instance of bashtop version: 0.9.25 Pid: 191369
 
New instance of bashtop version: 0.9.25 Pid: 39035
 
New instance of bashtop version: 0.9.25 Pid: 102095
stty: 'standard input': Inappropriate ioctl for device
11:27:24 AM ERROR: On line 285 
11:27:24 AM ERROR: On line 285 
stty: 'standard input': Inappropriate ioctl for device
11:27:24 AM ERROR: On line 288 
/usr/bin/bashtop: line 291: ((: <80 | <24: syntax error: operand expected (error token is "<80 | <24")
/usr/bin/bashtop: line 2856: ((: ==0: syntax error: operand expected (error token is "==0")
/usr/bin/bashtop: line 2857: ((: <50: syntax error: operand expected (error token is "<50")
/usr/bin/bashtop: line 2860: -2: substring expression < 0
stty: 'standard input': Inappropriate ioctl for device
stty: 'standard input': Inappropriate ioctl for device
11:27:24 AM ERROR: On line 659 
11:27:24 AM ERROR: On line 659 
/usr/bin/bashtop: line 660: ((: <80 | <24: syntax error: operand expected (error token is "<80 | <24")
stty: 'standard input': Inappropriate ioctl for device
stty: 'standard input': Inappropriate ioctl for device
11:27:24 AM ERROR: On line 659 (MUTED!)
11:27:24 AM ERROR: On line 659 (MUTED!)
/usr/bin/bashtop: line 660: ((: <80 | <24: syntax error: operand expected (error token is "<80 | <24")
stty: 'standard input': Inappropriate ioctl for device
stty: 'standard input': Inappropriate ioctl for device
/usr/bin/bashtop: line 660: ((: <80 | <24: syntax error: operand expected (error token is "<80 | <24")
stty: 'standard input': Inappropriate ioctl for device
stty: 'standard input': Inappropriate ioctl for device
/usr/bin/bashtop: line 660: ((: <80 | <24: syntax error: operand expected (error token is "<80 | <24")
stty: 'standard input': Inappropriate ioctl for device
stty: 'standard input': Inappropriate ioctl for device
/usr/bin/bashtop: line 660: ((: <80 | <24: syntax error: operand expected (error token is "<80 | <24")
stty: 'standard input': Inappropriate ioctl for device
stty: 'standard input': Inappropriate ioctl for device
/usr/bin/bashtop: line 660: ((: <80 | <24: syntax error: operand expected (error token is "<80 | <24")
stty: 'standard input': Inappropriate ioctl for device
stty: 'standard input': Inappropriate ioctl for device
/usr/bin/bashtop: line 660: ((: <80 | <24: syntax error: operand expected (error token is "<80 | <24")
stty: 'standard input': Inappropriate ioctl for device
stty: 'standard input': Inappropriate ioctl for device
/usr/bin/bashtop: line 660: ((: <80 | <24: syntax error: operand expected (error token is "<80 | <24")
stty: 'standard input': Inappropriate ioctl for device
stty: 'standard input': Inappropriate ioctl for device
/usr/bin/bashtop: line 660: ((: <80 | <24: syntax error: operand expected (error token is "<80 | <24")
stty: 'standard input': Inappropriate ioctl for device
stty: 'standard input': Inappropriate ioctl for device
/usr/bin/bashtop: line 660: ((: <80 | <24: syntax error: operand expected (error token is "<80 | <24")
stty: 'standard input': Inappropriate ioctl for device
stty: 'standard input': Inappropriate ioctl for device
/usr/bin/bashtop: line 660: ((: <80 | <24: syntax error: operand expected (error token is "<80 | <24")
stty: 'standard input': Inappropriate ioctl for device
stty: 'standard input': Inappropriate ioctl for device
/usr/bin/bashtop: line 660: ((: <80 | <24: syntax error: operand expected (error token is "<80 | <24")
stty: 'standard input': Inappropriate ioctl for device
stty: 'standard input': Inappropriate ioctl for device
/usr/bin/bashtop: line 660: ((: <80 | <24: syntax error: operand expected (error token is "<80 | <24")
 
New instance of bashtop version: 0.9.25 Pid: 102266
 
New instance of bashtop version: 0.9.25 Pid: 89730
 
New instance of bashtop version: 0.9.25 Pid: 18330
/usr/bin/bashtop: line 1663: Pid: Program:    Tr: User:    Mem%       Cpu%: syntax error in expression (error token is ": Program:    Tr: User:    Mem%       Cpu%")
/usr/bin/bashtop: line 1663: Pid: Program:    Tr: User:    Mem%       Cpu%: syntax error in expression (error token is ": Program:    Tr: User:    Mem%       Cpu%")
