2024-01-18 18:37:59.864 [info] Added views:workbench.panel.markers.view in workbench.panel.markers
2024-01-18 18:37:59.864 [info] Added views:workbench.panel.output in workbench.panel.output
2024-01-18 18:37:59.864 [info] Added views:terminal in terminal
2024-01-18 18:37:59.864 [info] Added views:outline in workbench.view.explorer
2024-01-18 18:37:59.864 [info] Added views:workbench.scm in workbench.view.scm
2024-01-18 18:37:59.864 [info] Added views:workbench.view.search in workbench.view.search
2024-01-18 18:37:59.864 [info] Added views:timeline in workbench.view.explorer
2024-01-18 18:37:59.865 [info] Added views:workbench.explorer.emptyView in workbench.view.explorer
2024-01-18 18:38:00.255 [info] Added views:workbench.debug.variablesView,workbench.debug.watchExpressionsView,workbench.debug.callStackView,workbench.debug.breakPointsView in workbench.view.debug
2024-01-18 18:38:00.475 [info] Added views:gitlens.views.home,gitlens.views.contributors in workbench.view.extension.gitlens
2024-01-18 18:38:00.477 [info] Added views:gitlens.views.commits,gitlens.views.commitDetails,gitlens.views.fileHistory,gitlens.views.branches,gitlens.views.remotes,gitlens.views.stashes,gitlens.views.tags,gitlens.views.searchAndCompare in workbench.view.scm
2024-01-18 18:38:00.479 [info] Added views:cm_view in workbench.view.extension.color_manager_webview_container
2024-01-18 18:38:01.201 [info] Added views:workbench.panel.repl.view in workbench.panel.repl
2024-01-18 18:38:01.202 [info] Removed views:workbench.debug.breakPointsView,workbench.debug.callStackView,workbench.debug.watchExpressionsView,workbench.debug.variablesView from workbench.view.debug
2024-01-18 18:38:01.203 [info] Added views:workbench.debug.welcome in workbench.view.debug
2024-01-18 18:38:02.380 [info] Added views:workbench.view.testing in workbench.view.extension.test
2024-01-18 18:38:02.711 [info] Removed views:gitlens.views.searchAndCompare,gitlens.views.tags,gitlens.views.stashes,gitlens.views.remotes,gitlens.views.branches,gitlens.views.fileHistory,gitlens.views.commitDetails,gitlens.views.commits from workbench.view.scm
2024-01-18 18:38:02.712 [info] Removed views:gitlens.views.contributors from workbench.view.extension.gitlens
2024-01-18 18:38:02.930 [info] Added views:gitlens.views.contributors in workbench.view.extension.gitlens
2024-01-18 18:38:02.932 [info] Added views:gitlens.views.commits,gitlens.views.commitDetails,gitlens.views.fileHistory,gitlens.views.branches,gitlens.views.remotes,gitlens.views.stashes,gitlens.views.tags,gitlens.views.searchAndCompare in workbench.view.scm
2024-01-18 18:38:03.454 [info] Added views:gitlens.views.timeline in workbench.view.extension.gitlensPanel
2024-01-18 18:38:03.454 [info] Added views:gitlens.views.worktrees in workbench.view.scm
2024-01-18 18:38:08.612 [info] Removed views:workbench.view.testing from workbench.view.extension.test
