Mono path[0] = '/home/lucas/.local/share/Steam/steamapps/common/Caves of Qud/CoQ_Data/Managed'
Mono config path = '/home/lucas/.local/share/Steam/steamapps/common/Caves of Qud/CoQ_Data/MonoBleedingEdge/etc'
Preloaded 'libStandaloneFileBrowser.so'
Preloaded 'libsteam_api.so'
Preloaded 'libzipw.so'
Display 0 'eDP-1 15"': 1920x1080 (primary device).
Unable to load player prefs
Desktop is 1920 x 1080 @ 60 Hz
Initialize engine version: 2022.3.2f1 (d74737c6db50)
[Subsystems] Discovering subsystems at path /home/lucas/.local/share/Steam/steamapps/common/Caves of Qud/CoQ_Data/UnitySubsystems
GfxDevice: creating device client; threaded=1; jobified=0
Renderer: Mesa Intel(R) Graphics (ADL GT2)
Vendor:   Intel
Version:  4.6 (Core Profile) Mesa 24.0.5-arch1.1
GLES:     0
 GL_3DFX_texture_compression_FXT1 GL_AMD_conservative_depth GL_AMD_depth_clamp_separate GL_AMD_draw_buffers_blend GL_AMD_gpu_shader_int64 GL_AMD_multi_draw_indirect GL_AMD_performance_monitor GL_AMD_pinned_memory GL_AMD_query_buffer_object GL_AMD_seamless_cubemap_per_texture GL_AMD_shader_stencil_export GL_AMD_shader_trinary_minmax GL_AMD_texture_texture4 GL_AMD_vertex_shader_layer GL_AMD_vertex_shader_viewport_index GL_ANGLE_texture_compression_dxt3 GL_ANGLE_texture_compression_dxt5 GL_ARB_ES2_compatibility GL_ARB_ES3_1_compatibility GL_ARB_ES3_2_compatibility GL_ARB_ES3_compatibility GL_ARB_arrays_of_arrays GL_ARB_base_instance GL_ARB_blend_func_extended GL_ARB_buffer_storage GL_ARB_clear_buffer_object GL_ARB_clear_texture GL_ARB_clip_control GL_ARB_compressed_texture_pixel_storage GL_ARB_compute_shader GL_ARB_compute_variable_group_size GL_ARB_conditional_render_inverted GL_ARB_conservative_depth GL_ARB_copy_buffer GL_ARB_copy_image GL_ARB_cull_distance GL_ARB_debug_output GL_ARB_depth_buffer_float GL_ARB
_depth_clamp GL_ARB_derivative_control GL_ARB_direct_state_access GL_ARB_draw_buffers GL_ARB_draw_buffers_blend GL_ARB_draw_elements_base_vertex GL_ARB_draw_indirect GL_ARB_draw_instanced GL_ARB_enhanced_layouts GL_ARB_explicit_attrib_location GL_ARB_explicit_uniform_location GL_ARB_fragment_coord_conventions GL_ARB_fragment_layer_viewport GL_ARB_fragment_shader GL_ARB_fragment_shader_interlock GL_ARB_framebuffer_no_attachments GL_ARB_framebuffer_object GL_ARB_framebuffer_sRGB GL_ARB_get_program_binary GL_ARB_get_texture_sub_image GL_ARB_gl_spirv GL_ARB_gpu_shader5 GL_ARB_gpu_shader_fp64 GL_ARB_gpu_shader_int64 GL_ARB_half_float_pixel GL_ARB_half_float_vertex GL_ARB_indirect_parameters GL_ARB_instanced_arrays GL_ARB_internalformat_query GL_ARB_internalformat_query2 GL_ARB_invalidate_subdata GL_ARB_map_buffer_alignment GL_ARB_map_buffer_range GL_ARB_multi_bind GL_ARB_multi_draw_indirect GL_ARB_occlusion_query2 GL_ARB_parallel_shader_compile GL_ARB_pipeline_statistics_query GL_ARB_pixel_buffer_object GL_ARB_po
int_sprite GL_ARB_polygon_offset_clamp GL_ARB_post_depth_coverage GL_ARB_program_interface_query GL_ARB_provoking_vertex GL_ARB_query_buffer_object GL_ARB_robust_buffer_access_behavior GL_ARB_robustness GL_ARB_sample_shading GL_ARB_sampler_objects GL_ARB_seamless_cube_map GL_ARB_seamless_cubemap_per_texture GL_ARB_separate_shader_objects GL_ARB_shader_atomic_counter_ops GL_ARB_shader_atomic_counters GL_ARB_shader_ballot GL_ARB_shader_bit_encoding GL_ARB_shader_clock GL_ARB_shader_draw_parameters GL_ARB_shader_group_vote GL_ARB_shader_image_load_store GL_ARB_shader_image_size GL_ARB_shader_objects GL_ARB_shader_precision GL_ARB_shader_stencil_export GL_ARB_shader_storage_buffer_object GL_ARB_shader_subroutine GL_ARB_shader_texture_image_samples GL_ARB_shader_texture_lod GL_ARB_shader_viewport_layer_array GL_ARB_shading_language_420pack GL_ARB_shading_language_include GL_ARB_shading_language_packing GL_ARB_spirv_extensions GL_ARB_stencil_texturing GL_ARB_sync GL_ARB_tessellation_shader GL_ARB_texture_barrier G
L_ARB_texture_border_clamp GL_ARB_texture_buffer_object GL_ARB_texture_buffer_object_rgb32 GL_ARB_texture_buffer_range GL_ARB_texture_compression_bptc GL_ARB_texture_compression_rgtc GL_ARB_texture_cube_map_array GL_ARB_texture_filter_anisotropic GL_ARB_texture_float GL_ARB_texture_gather GL_ARB_texture_mirror_clamp_to_edge GL_ARB_texture_multisample GL_ARB_texture_non_power_of_two GL_ARB_texture_query_levels GL_ARB_texture_query_lod GL_ARB_texture_rectangle GL_ARB_texture_rg GL_ARB_texture_rgb10_a2ui GL_ARB_texture_stencil8 GL_ARB_texture_storage GL_ARB_texture_storage_multisample GL_ARB_texture_swizzle GL_ARB_texture_view GL_ARB_timer_query GL_ARB_transform_feedback2 GL_ARB_transform_feedback3 GL_ARB_transform_feedback_instanced GL_ARB_transform_feedback_overflow_query GL_ARB_uniform_buffer_object GL_ARB_vertex_array_bgra GL_ARB_vertex_array_object GL_ARB_vertex_attrib_64bit GL_ARB_vertex_attrib_binding GL_ARB_vertex_buffer_object GL_ARB_vertex_shader GL_ARB_vertex_type_10f_11f_11f_rev GL_ARB_vertex_type_2
_10_10_10_rev GL_ARB_viewport_array GL_ATI_blend_equation_separate GL_ATI_texture_float GL_EXT_EGL_image_storage GL_EXT_EGL_sync GL_EXT_abgr GL_EXT_blend_equation_separate GL_EXT_debug_label GL_EXT_demote_to_helper_invocation GL_EXT_depth_bounds_test GL_EXT_draw_buffers2 GL_EXT_draw_instanced GL_EXT_framebuffer_blit GL_EXT_framebuffer_multisample GL_EXT_framebuffer_multisample_blit_scaled GL_EXT_framebuffer_object GL_EXT_framebuffer_sRGB GL_EXT_memory_object GL_EXT_memory_object_fd GL_EXT_packed_depth_stencil GL_EXT_packed_float GL_EXT_pixel_buffer_object GL_EXT_polygon_offset_clamp GL_EXT_provoking_vertex GL_EXT_semaphore GL_EXT_semaphore_fd GL_EXT_shader_framebuffer_fetch GL_EXT_shader_framebuffer_fetch_non_coherent GL_EXT_shader_integer_mix GL_EXT_shader_samples_identical GL_EXT_texture_array GL_EXT_texture_compression_dxt1 GL_EXT_texture_compression_rgtc GL_EXT_texture_compression_s3tc GL_EXT_texture_filter_anisotropic GL_EXT_texture_integer GL_EXT_texture_sRGB GL_EXT_texture_sRGB_R8 GL_EXT_texture_sRGB_
decode GL_EXT_texture_shadow_lod GL_EXT_texture_shared_exponent GL_EXT_texture_snorm GL_EXT_texture_swizzle GL_EXT_timer_query GL_EXT_transform_feedback GL_EXT_vertex_array_bgra GL_EXT_vertex_attrib_64bit GL_IBM_multimode_draw_arrays GL_INTEL_blackhole_render GL_INTEL_conservative_rasterization GL_INTEL_performance_query GL_INTEL_shader_atomic_float_minmax GL_INTEL_shader_integer_functions2 GL_KHR_blend_equation_advanced GL_KHR_blend_equation_advanced_coherent GL_KHR_context_flush_control GL_KHR_debug GL_KHR_no_error GL_KHR_parallel_shader_compile GL_KHR_robust_buffer_access_behavior GL_KHR_robustness GL_KHR_texture_compression_astc_ldr GL_KHR_texture_compression_astc_sliced_3d GL_MESA_framebuffer_flip_y GL_MESA_pack_invert GL_MESA_shader_integer_functions GL_MESA_texture_const_bandwidth GL_MESA_texture_signed_rgba GL_NV_alpha_to_coverage_dither_control GL_NV_compute_shader_derivatives GL_NV_conditional_render GL_NV_copy_image GL_NV_depth_clamp GL_NV_fragment_shader_interlock GL_NV_packed_depth_stencil GL_NV
_texture_barrier GL_OES_EGL_image GL_S3_s3tc
OPENGL LOG: Creating OpenGL 4.6 graphics device ; Context level  <OpenGL 4.5> ; Context handle 13462640
Begin MonoManager ReloadAssembly
- Loaded All Assemblies, in  0.152 seconds
- Finished resetting the current domain, in  0.001 seconds
Default vsync count 0
requesting resize 1920 x 1080
Using native desktop resolution 1920 x 1080
requesting fullscreen 1920 x 1080 at 0/1 Hz
Desktop is 1920 x 1080 @ 60 Hz
accessign options pre-init: OptionModernUI
accessign options pre-init: OptionModernUI
accessign options pre-init: OptionModernUI
UnloadTime: 0.815389 ms
<color=#AAAAAA>[Info] GameLogger initialized...</color>
<color=orange>Logger..cctor</color>
<color=red></color>
<color=#AAAAAA>[Info] TraceLogger initialized...</color>
<color=orange>Logger..cctor</color>
<color=red></color>
<color=#AAAAAA>[Info] Starting up logger...</color>
<color=orange>GameManager.Awake</color>
<color=red></color>
<color=#AAAAAA>[Info] Getting player 0...</color>
<color=orange>GameManager.Awake</color>
<color=red></color>
<color=#AAAAAA>[Info] Got player 0...</color>
<color=orange>GameManager.Awake</color>
<color=red></color>
Startup time: Sunday, 12 May 2024 at 09:19:29
Version: 2.0.206.77
Platform: LinuxPlayer
System Language: English
Unity Version: 2022.3.2f1
Unity Reported Version: 2.0.4
[S_API] SteamAPI_Init(): Loaded '/home/lucas/.local/share/Steam/linux64/steamclient.so' OK.
Setting breakpad minidump AppID = 333640
SteamInternal_SetMinidumpSteamID:  Caching Steam ID:  76561199002068787 [API loaded no]
STEAM - Requesting user stats.
sound request pool was empty for request 
sound request pool was empty for request 
sound request pool was empty for request 
INFO - Detected device: Mouse
INFO - Detected device: Keyboard
INFO - Subscribed workshop items: 4
INFO - Building script mods
Fallback handler could not load library /home/lucas/.local/share/Steam/steamapps/common/Caves of Qud/CoQ_Data/MonoBleedingEdge/x86_64/data-0x3284bf0.so
ERROR: ld.so: object '/home/lucas/.local/share/Steam/ubuntu12_32/gameoverlayrenderer.so' from LD_PRELOAD cannot be preloaded (wrong ELF class: ELFCLASS32): ignored.
INFO - Done Building script mods in 96ms
INFO - Resetting static caches
INFO - Loading Compat.xml
INFO - Done Loading Compat.xml in 0ms
INFO - Loading Compat.xml
INFO - Done Loading Compat.xml in 0ms
INFO - Loading SparkingBaetyls.xml
INFO - Done Loading SparkingBaetyls.xml in 0ms
INFO - Loading genders
INFO - Done Loading genders in 2ms
INFO - Loading PronounSets.xml
INFO - Done Loading PronounSets.xml in 2ms
INFO - Loading Relics.xml
INFO - Done Loading Relics.xml in 0ms
adding Accept subaction: <Keyboard>/enter with modifiers 0
adding Accept subaction: <Keyboard>/numpadenter with modifiers 0
adding Accept subaction: <Keyboard>/space with modifiers 0
adding Accept subaction: <Gamepad>/buttonSouth with modifiers 0
adding Cancel subaction: <Keyboard>/escape with modifiers 0
adding Cancel subaction: <Gamepad>/buttonEast with modifiers 0
adding UI:Navigate subaction: <Gamepad>/leftStick with modifiers 0
adding UI:Navigate/up subaction: <Keyboard>/upArrow with modifiers 0
adding UI:Navigate/up subaction: <Keyboard>/numpad8 with modifiers 0
adding UI:Navigate/up subaction: <Gamepad>/dpad/up with modifiers 0
adding UI:Navigate/down subaction: <Keyboard>/downArrow with modifiers 0
adding UI:Navigate/down subaction: <Keyboard>/numpad2 with modifiers 0
adding UI:Navigate/down subaction: <Gamepad>/dpad/down with modifiers 0
adding UI:Navigate/left subaction: <Keyboard>/leftArrow with modifiers 0
adding UI:Navigate/left subaction: <Keyboard>/numpad4 with modifiers 0
adding UI:Navigate/left subaction: <Gamepad>/dpad/left with modifiers 0
adding UI:Navigate/right subaction: <Keyboard>/rightArrow with modifiers 0
adding UI:Navigate/right subaction: <Keyboard>/numpad6 with modifiers 0
adding UI:Navigate/right subaction: <Gamepad>/dpad/right with modifiers 0
adding Submit subaction: <Keyboard>/enter with modifiers 0
adding Submit subaction: <Keyboard>/numpadenter with modifiers 0
adding CmdHelp subaction: <Keyboard>/F1 with modifiers 0
adding CmdHelp subaction: <Gamepad>/start with modifiers 8
adding Page Up subaction: <Keyboard>/pageUp with modifiers 0
adding Page Up subaction: <Keyboard>/upArrow with modifiers 1
adding Page Up subaction: <Keyboard>/numpad9 with modifiers 1
adding Page Up subaction: <Gamepad>/dpad/up with modifiers 8
adding Page Up subaction: <Gamepad>/leftStick/up with modifiers 8
adding Page Up subaction: <Gamepad>/rightStick/up with modifiers 0
adding Page Down subaction: <Keyboard>/pageDown with modifiers 0
adding Page Down subaction: <Keyboard>/downArrow with modifiers 1
adding Page Down subaction: <Keyboard>/numpad3 with modifiers 1
adding Page Down subaction: <Gamepad>/dpad/down with modifiers 8
adding Page Down subaction: <Gamepad>/leftStick/down with modifiers 8
adding Page Down subaction: <Gamepad>/rightStick/down with modifiers 0
adding Page Left subaction: <Keyboard>/home with modifiers 0
adding Page Left subaction: <Keyboard>/numpad7 with modifiers 0
adding Page Left subaction: <Gamepad>/leftShoulder with modifiers 0
adding Page Right subaction: <Keyboard>/numpad9 with modifiers 0
adding Page Right subaction: <Keyboard>/end with modifiers 0
adding Page Right subaction: <Gamepad>/rightShoulder with modifiers 0
adding CmdInsert subaction: <Keyboard>/insert with modifiers 0
adding CmdInsert subaction: <Gamepad>/buttonNorth with modifiers 8
adding CmdDelete subaction: <Keyboard>/delete with modifiers 0
adding CmdDelete subaction: <Keyboard>/backspace with modifiers 0
adding CmdDelete subaction: <Gamepad>/buttonWest with modifiers 8
adding CmdFilter subaction: <Keyboard>/f with modifiers 1
adding V Positive subaction: <Keyboard>/numpadPlus with modifiers 0
adding V Positive subaction: <Keyboard>/equals with modifiers 0
adding V Positive subaction: <Gamepad>/buttonWest with modifiers 0
adding V Negative subaction: <Keyboard>/numpadMinus with modifiers 0
adding V Negative subaction: <Keyboard>/minus with modifiers 0
adding V Negative subaction: <Gamepad>/buttonNorth with modifiers 0
adding Toggle subaction: <Keyboard>/tab with modifiers 0
adding Toggle subaction: <Gamepad>/selectButton with modifiers 0
adding IndicateDirection subaction: <Gamepad>/leftStick with modifiers 0
adding Take A Step subaction: <Gamepad>/rightTrigger with modifiers 0
adding LookDirection subaction: <Gamepad>/rightStick with modifiers 0
adding Highlight subaction: <Gamepad>/rightTrigger with modifiers 8
adding ForceAttack subaction: <Gamepad>/leftShoulder with modifiers 8
adding Take All subaction: <Keyboard>/tab with modifiers 0
adding Take All subaction: <Gamepad>/rightTrigger with modifiers 0
adding Store Items subaction: <Keyboard>/F2 with modifiers 0
adding Store Items subaction: <Keyboard>/numpadMultiply with modifiers 0
adding Store Items subaction: <Gamepad>/rightShoulder with modifiers 0
adding CmdUse subaction: <Keyboard>/space with modifiers 0
adding CmdUse subaction: <Gamepad>/buttonSouth with modifiers 0
adding CmdTalk subaction: <Keyboard>/c with modifiers 0
adding CmdLook subaction: <Keyboard>/l with modifiers 0
adding CmdLook subaction: <Gamepad>/leftStickPress with modifiers 0
adding CmdGet subaction: <Keyboard>/g with modifiers 0
adding CmdGetFrom subaction: <Keyboard>/space with modifiers 1
adding CmdGetFrom subaction: <Keyboard>/g with modifiers 1
adding CmdGetFrom subaction: <Gamepad>/buttonSouth with modifiers 8
adding CmdOpen subaction: <Keyboard>/o with modifiers 0
adding CmdAbilities subaction: <Keyboard>/a with modifiers 0
adding CmdAbilities subaction: <Gamepad>/buttonWest with modifiers 8
adding CmdFire subaction: <Keyboard>/f with modifiers 0
adding CmdFire subaction: <Gamepad>/rightShoulder with modifiers 0
adding CmdReload subaction: <Keyboard>/r with modifiers 0
adding CmdReload subaction: <Gamepad>/rightStickPress with modifiers 0
adding CmdReplaceCell subaction: <Keyboard>/r with modifiers 1
adding CmdReplaceCell subaction: <Gamepad>/rightStickPress with modifiers 8
adding CmdThrow subaction: <Keyboard>/t with modifiers 0
adding CmdThrow subaction: <Gamepad>/rightShoulder with modifiers 8
adding CmdTarget subaction: <Keyboard>/t with modifiers 1
adding CmdWait subaction: <Keyboard>/numpad5 with modifiers 0
adding CmdWait subaction: <Keyboard>/space with modifiers 4
adding CmdWait subaction: <Gamepad>/leftShoulder with modifiers 0
adding CmdWait20 subaction: <Keyboard>/numpadPeriod with modifiers 0
adding CmdWait100 subaction: <Keyboard>/numpadPeriod with modifiers 1
adding CmdWaitUntilHealed subaction: <Gamepad>/buttonEast with modifiers 0
adding CmdWaitMenu subaction: <Gamepad>/buttonEast with modifiers 8
adding CmdMoveMenu subaction: <Keyboard>/m with modifiers 4
adding CmdAutoExplore subaction: <Keyboard>/numpad0 with modifiers 0
adding CmdAutoExplore subaction: <Gamepad>/buttonNorth with modifiers 8
adding CmdWalk subaction: <Keyboard>/w with modifiers 0
adding CmdAutoAttack subaction: <Keyboard>/a with modifiers 1
adding Use Ability subaction: <Gamepad>/buttonWest with modifiers 0
adding CmdCompanions subaction: <Keyboard>/c with modifiers 1
adding Next Ability subaction: <Gamepad>/dpad/right with modifiers 0
adding Previous Ability subaction: <Gamepad>/dpad/left with modifiers 0
adding CmdStartTrade subaction: <Keyboard>/tab with modifiers 0
adding CmdStartTrade subaction: <Keyboard>/T with modifiers 0
adding CmdStartTrade subaction: <Gamepad>/start with modifiers 0
adding CmdTradeAdd subaction: <Keyboard>/equals with modifiers 0
adding CmdTradeAdd subaction: <Keyboard>/numpadPlus with modifiers 0
adding CmdTradeAdd subaction: <Keyboard>/numpad9 with modifiers 0
adding CmdTradeAdd subaction: <Gamepad>/rightShoulder with modifiers 0
adding CmdTradeRemove subaction: <Keyboard>/minus with modifiers 0
adding CmdTradeRemove subaction: <Keyboard>/numpadMinus with modifiers 0
adding CmdTradeRemove subaction: <Keyboard>/numpad7 with modifiers 0
adding CmdTradeRemove subaction: <Gamepad>/leftShoulder with modifiers 0
adding CmdTradeAllItems subaction: <Keyboard>/enter with modifiers 0
adding CmdTradeAllItems subaction: <Keyboard>/numpadEnter with modifiers 0
adding CmdTradeAllItems subaction: <Keyboard>/space with modifiers 1
adding CmdTradeAllItems subaction: <Gamepad>/rightTrigger with modifiers 0
adding CmdTradeAllItems subaction: <Gamepad>/buttonSouth with modifiers 0
adding CmdTradeToggleAll subaction: <Keyboard>/tab with modifiers 0
adding CmdTradeOffer subaction: <Keyboard>/o with modifiers 0
adding CmdTradeOffer subaction: <Gamepad>/buttonWest with modifiers 0
adding CmdVendorActions subaction: <Keyboard>/space with modifiers 0
adding CmdVendorActions subaction: <Gamepad>/buttonNorth with modifiers 0
adding CmdVendorRepair subaction: <Keyboard>/r with modifiers 0
adding CmdVendorLook subaction: <Keyboard>/l with modifiers 0
adding CmdVendorRecharge subaction: <Keyboard>/c with modifiers 0
adding CmdVendorRead subaction: <Keyboard>/b with modifiers 0
adding CmdVendorExamine subaction: <Keyboard>/i with modifiers 0
adding CmdInventory subaction: <Keyboard>/i with modifiers 0
adding CmdEquipment subaction: <Keyboard>/e with modifiers 0
adding CmdSkillsPowers subaction: <Keyboard>/k with modifiers 0
adding CmdCharacter subaction: <Keyboard>/tab with modifiers 0
adding CmdCharacter subaction: <Keyboard>/x with modifiers 0
adding CmdCharacter subaction: <Gamepad>/start with modifiers 0
adding CmdQuests subaction: <Keyboard>/q with modifiers 0
adding CmdFactions subaction: <Keyboard>/f with modifiers 1
adding CmdTinkering subaction: <Keyboard>/n with modifiers 0
adding CmdJournal subaction: <Keyboard>/j with modifiers 0
adding CmdActiveEffects subaction: <Keyboard>/e with modifiers 1
adding CmdMissileWeaponMenu subaction: <Gamepad>/buttonNorth with modifiers 0
adding CmdTargetSelf subaction: <Keyboard>/numpad5 with modifiers 0
adding CmdTargetSelf subaction: <Keyboard>/period with modifiers 0
adding CmdTargetSelf subaction: <Gamepad>/leftShoulder with modifiers 0
adding CmdMarkTarget subaction: <Keyboard>/m with modifiers 0
adding CmdLockUnlock subaction: <Keyboard>/F1 with modifiers 0
adding CmdLockUnlock subaction: <Gamepad>/rightStickPress with modifiers 0
adding CmdAltFire1 subaction: <Keyboard>/1 with modifiers 0
adding CmdAltFire2 subaction: <Keyboard>/2 with modifiers 0
adding CmdAltFire3 subaction: <Keyboard>/3 with modifiers 0
adding CmdAltFire4 subaction: <Keyboard>/4 with modifiers 0
adding CmdAltFire5 subaction: <Keyboard>/5 with modifiers 0
adding CmdMoveNW subaction: <Keyboard>/numpad7 with modifiers 0
adding CmdMoveNW subaction: <Keyboard>/upArrow with modifiers 4
adding CmdMoveN subaction: <Keyboard>/numpad8 with modifiers 0
adding CmdMoveN subaction: <Keyboard>/upArrow with modifiers 0
adding CmdMoveNE subaction: <Keyboard>/numpad9 with modifiers 0
adding CmdMoveNE subaction: <Keyboard>/rightArrow with modifiers 4
adding CmdMoveW subaction: <Keyboard>/numpad4 with modifiers 0
adding CmdMoveW subaction: <Keyboard>/leftArrow with modifiers 0
adding CmdMoveE subaction: <Keyboard>/numpad6 with modifiers 0
adding CmdMoveE subaction: <Keyboard>/rightArrow with modifiers 0
adding CmdMoveSW subaction: <Keyboard>/numpad1 with modifiers 0
adding CmdMoveSW subaction: <Keyboard>/leftArrow with modifiers 4
adding CmdMoveS subaction: <Keyboard>/numpad2 with modifiers 0
adding CmdMoveS subaction: <Keyboard>/downArrow with modifiers 0
adding CmdMoveSE subaction: <Keyboard>/numpad3 with modifiers 0
adding CmdMoveSE subaction: <Keyboard>/downArrow with modifiers 4
adding CmdMoveU subaction: <Keyboard>/numpadMinus with modifiers 0
adding CmdMoveU subaction: <Keyboard>/comma with modifiers 4
adding CmdMoveU subaction: <Gamepad>/dpad/up with modifiers 0
adding CmdMoveD subaction: <Keyboard>/numpadPlus with modifiers 0
adding CmdMoveD subaction: <Keyboard>/period with modifiers 4
adding CmdMoveD subaction: <Gamepad>/dpad/down with modifiers 0
adding CmdMoveTo subaction: <Keyboard>/enter with modifiers 1
adding CmdMoveToEdge subaction: <Keyboard>/enter with modifiers 4
adding CmdMoveToPointOfInterest subaction: <Keyboard>/backspace with modifiers 0
adding CmdMoveToPointOfInterest subaction: <Gamepad>/buttonNorth with modifiers 0
adding CmdAttackNW subaction: <Keyboard>/numpad7 with modifiers 1
adding CmdAttackNW subaction: <Keyboard>/upArrow with modifiers 5
adding CmdAttackN subaction: <Keyboard>/numpad8 with modifiers 1
adding CmdAttackN subaction: <Keyboard>/upArrow with modifiers 1
adding CmdAttackNE subaction: <Keyboard>/numpad9 with modifiers 1
adding CmdAttackNE subaction: <Keyboard>/rightArrow with modifiers 5
adding CmdAttackW subaction: <Keyboard>/numpad4 with modifiers 1
adding CmdAttackW subaction: <Keyboard>/leftArrow with modifiers 1
adding CmdAttackE subaction: <Keyboard>/numpad6 with modifiers 1
adding CmdAttackE subaction: <Keyboard>/rightArrow with modifiers 1
adding CmdAttackSW subaction: <Keyboard>/numpad1 with modifiers 1
adding CmdAttackSW subaction: <Keyboard>/leftArrow with modifiers 5
adding CmdAttackS subaction: <Keyboard>/numpad2 with modifiers 1
adding CmdAttackS subaction: <Keyboard>/downArrow with modifiers 1
adding CmdAttackSE subaction: <Keyboard>/numpad3 with modifiers 1
adding CmdAttackSE subaction: <Keyboard>/downArrow with modifiers 5
adding CmdAttackU subaction: <Keyboard>/numpadMinus with modifiers 1
adding CmdAttackU subaction: <Keyboard>/period with modifiers 5
adding CmdAttackD subaction: <Keyboard>/numpadPlus with modifiers 1
adding CmdAttackD subaction: <Keyboard>/comma with modifiers 5
adding CmdAttackDirection subaction: <Keyboard>/backslash with modifiers 0
adding CmdAttackCell subaction: <Keyboard>/backslash with modifiers 1
adding CmdAbility1 subaction: <Keyboard>/1 with modifiers 0
adding CmdAbility2 subaction: <Keyboard>/2 with modifiers 0
adding CmdAbility3 subaction: <Keyboard>/3 with modifiers 0
adding CmdAbility4 subaction: <Keyboard>/4 with modifiers 0
adding CmdAbility5 subaction: <Keyboard>/5 with modifiers 0
adding CmdAbility6 subaction: <Keyboard>/6 with modifiers 0
adding CmdAbility7 subaction: <Keyboard>/7 with modifiers 0
adding CmdAbility8 subaction: <Keyboard>/8 with modifiers 0
adding CmdAbility9 subaction: <Keyboard>/9 with modifiers 0
adding CmdAbility10 subaction: <Keyboard>/0 with modifiers 0
adding CmdAbilityBar1 subaction: <Keyboard>/1 with modifiers 1
adding CmdAbilityBar2 subaction: <Keyboard>/2 with modifiers 1
adding CmdAbilityBar3 subaction: <Keyboard>/3 with modifiers 1
adding CmdAbilityBar4 subaction: <Keyboard>/4 with modifiers 1
adding CmdAbilityBar5 subaction: <Keyboard>/5 with modifiers 1
adding CmdAbilityNextPage subaction: <Keyboard>/tab with modifiers 1
adding CmdAbilityPrevPage subaction: <Keyboard>/tab with modifiers 5
adding CmdShowSidebar subaction: <Keyboard>/numpadDivide with modifiers 0
adding CmdShowSidebarMessages subaction: <Keyboard>/numpadMultiply with modifiers 0
adding CmdChargenRandom subaction: <Keyboard>/r with modifiers 0
adding CmdChargenRandom subaction: <Gamepad>/buttonWest with modifiers 0
adding CmdChargenReset subaction: <Keyboard>/delete with modifiers 0
adding CmdChargenReset subaction: <Gamepad>/buttonNorth with modifiers 0
adding CmdChargenItemOptions subaction: <Keyboard>/o with modifiers 0
adding CmdChargenItemOptions subaction: <Gamepad>/dpad/left with modifiers 0
adding CmdChargenMutationVariant subaction: <Keyboard>/v with modifiers 0
adding CmdQuit subaction: <Keyboard>/q with modifiers 1
adding CmdLoad subaction: <Keyboard>/F9 with modifiers 0
adding CmdSave subaction: <Keyboard>/F5 with modifiers 0
adding CmdSystemMenu subaction: <Keyboard>/escape with modifiers 0
adding CmdSystemMenu subaction: <Gamepad>/select with modifiers 0
adding CmdWish subaction: <Keyboard>/w with modifiers 1
UnityEngine.InputSystem.InputActionAsset must be instantiated using the ScriptableObject.CreateInstance method instead of new InputActionAsset.
INFO - Loading Colors.xml
INFO - Done Loading Colors.xml in 22ms
INFO - Done Resetting static caches in 204ms
INFO - Enabled mods: Your Own Personal Relics, Collection of Castes and Callings
adding Accept subaction: <Keyboard>/enter with modifiers 0
adding Accept subaction: <Keyboard>/numpadenter with modifiers 0
adding Accept subaction: <Keyboard>/space with modifiers 0
adding Accept subaction: <Gamepad>/buttonSouth with modifiers 0
adding Cancel subaction: <Keyboard>/escape with modifiers 0
adding Cancel subaction: <Gamepad>/buttonEast with modifiers 0
adding UI:Navigate subaction: <Gamepad>/leftStick with modifiers 0
adding UI:Navigate/up subaction: <Keyboard>/upArrow with modifiers 0
adding UI:Navigate/up subaction: <Keyboard>/numpad8 with modifiers 0
adding UI:Navigate/up subaction: <Gamepad>/dpad/up with modifiers 0
adding UI:Navigate/down subaction: <Keyboard>/downArrow with modifiers 0
adding UI:Navigate/down subaction: <Keyboard>/numpad2 with modifiers 0
adding UI:Navigate/down subaction: <Gamepad>/dpad/down with modifiers 0
adding UI:Navigate/left subaction: <Keyboard>/leftArrow with modifiers 0
adding UI:Navigate/left subaction: <Keyboard>/numpad4 with modifiers 0
adding UI:Navigate/left subaction: <Gamepad>/dpad/left with modifiers 0
adding UI:Navigate/right subaction: <Keyboard>/rightArrow with modifiers 0
adding UI:Navigate/right subaction: <Keyboard>/numpad6 with modifiers 0
adding UI:Navigate/right subaction: <Gamepad>/dpad/right with modifiers 0
adding Submit subaction: <Keyboard>/enter with modifiers 0
adding Submit subaction: <Keyboard>/numpadenter with modifiers 0
adding CmdHelp subaction: <Keyboard>/F1 with modifiers 0
adding CmdHelp subaction: <Gamepad>/start with modifiers 8
adding Page Up subaction: <Keyboard>/pageUp with modifiers 0
adding Page Up subaction: <Keyboard>/upArrow with modifiers 1
adding Page Up subaction: <Keyboard>/numpad9 with modifiers 1
adding Page Up subaction: <Gamepad>/dpad/up with modifiers 8
adding Page Up subaction: <Gamepad>/leftStick/up with modifiers 8
adding Page Up subaction: <Gamepad>/rightStick/up with modifiers 0
adding Page Down subaction: <Keyboard>/pageDown with modifiers 0
adding Page Down subaction: <Keyboard>/downArrow with modifiers 1
adding Page Down subaction: <Keyboard>/numpad3 with modifiers 1
adding Page Down subaction: <Gamepad>/dpad/down with modifiers 8
adding Page Down subaction: <Gamepad>/leftStick/down with modifiers 8
adding Page Down subaction: <Gamepad>/rightStick/down with modifiers 0
adding Page Left subaction: <Keyboard>/home with modifiers 0
adding Page Left subaction: <Keyboard>/numpad7 with modifiers 0
adding Page Left subaction: <Gamepad>/leftShoulder with modifiers 0
adding Page Right subaction: <Keyboard>/numpad9 with modifiers 0
adding Page Right subaction: <Keyboard>/end with modifiers 0
adding Page Right subaction: <Gamepad>/rightShoulder with modifiers 0
adding CmdInsert subaction: <Keyboard>/insert with modifiers 0
adding CmdInsert subaction: <Gamepad>/buttonNorth with modifiers 8
adding CmdDelete subaction: <Keyboard>/delete with modifiers 0
adding CmdDelete subaction: <Keyboard>/backspace with modifiers 0
adding CmdDelete subaction: <Gamepad>/buttonWest with modifiers 8
adding CmdFilter subaction: <Keyboard>/f with modifiers 1
adding V Positive subaction: <Keyboard>/numpadPlus with modifiers 0
adding V Positive subaction: <Keyboard>/equals with modifiers 0
adding V Positive subaction: <Gamepad>/buttonWest with modifiers 0
adding V Negative subaction: <Keyboard>/numpadMinus with modifiers 0
adding V Negative subaction: <Keyboard>/minus with modifiers 0
adding V Negative subaction: <Gamepad>/buttonNorth with modifiers 0
adding Toggle subaction: <Keyboard>/tab with modifiers 0
adding Toggle subaction: <Gamepad>/selectButton with modifiers 0
adding IndicateDirection subaction: <Gamepad>/leftStick with modifiers 0
adding Take A Step subaction: <Gamepad>/rightTrigger with modifiers 0
adding LookDirection subaction: <Gamepad>/rightStick with modifiers 0
adding Highlight subaction: <Gamepad>/rightTrigger with modifiers 8
adding ForceAttack subaction: <Gamepad>/leftShoulder with modifiers 8
adding Take All subaction: <Keyboard>/tab with modifiers 0
adding Take All subaction: <Gamepad>/rightTrigger with modifiers 0
adding Store Items subaction: <Keyboard>/F2 with modifiers 0
adding Store Items subaction: <Keyboard>/numpadMultiply with modifiers 0
adding Store Items subaction: <Gamepad>/rightShoulder with modifiers 0
adding CmdUse subaction: <Keyboard>/space with modifiers 0
adding CmdUse subaction: <Gamepad>/buttonSouth with modifiers 0
adding CmdTalk subaction: <Keyboard>/c with modifiers 0
adding CmdLook subaction: <Keyboard>/l with modifiers 0
adding CmdLook subaction: <Gamepad>/leftStickPress with modifiers 0
adding CmdGet subaction: <Keyboard>/g with modifiers 0
adding CmdGetFrom subaction: <Keyboard>/space with modifiers 1
adding CmdGetFrom subaction: <Keyboard>/g with modifiers 1
adding CmdGetFrom subaction: <Gamepad>/buttonSouth with modifiers 8
adding CmdOpen subaction: <Keyboard>/o with modifiers 0
adding CmdAbilities subaction: <Keyboard>/a with modifiers 0
adding CmdAbilities subaction: <Gamepad>/buttonWest with modifiers 8
adding CmdFire subaction: <Keyboard>/f with modifiers 0
adding CmdFire subaction: <Gamepad>/rightShoulder with modifiers 0
adding CmdReload subaction: <Keyboard>/r with modifiers 0
adding CmdReload subaction: <Gamepad>/rightStickPress with modifiers 0
adding CmdReplaceCell subaction: <Keyboard>/r with modifiers 1
adding CmdReplaceCell subaction: <Gamepad>/rightStickPress with modifiers 8
adding CmdThrow subaction: <Keyboard>/t with modifiers 0
adding CmdThrow subaction: <Gamepad>/rightShoulder with modifiers 8
adding CmdTarget subaction: <Keyboard>/t with modifiers 1
adding CmdWait subaction: <Keyboard>/numpad5 with modifiers 0
adding CmdWait subaction: <Keyboard>/space with modifiers 4
adding CmdWait subaction: <Gamepad>/leftShoulder with modifiers 0
adding CmdWait20 subaction: <Keyboard>/numpadPeriod with modifiers 0
adding CmdWait100 subaction: <Keyboard>/numpadPeriod with modifiers 1
adding CmdWaitUntilHealed subaction: <Gamepad>/buttonEast with modifiers 0
adding CmdWaitMenu subaction: <Gamepad>/buttonEast with modifiers 8
adding CmdMoveMenu subaction: <Keyboard>/m with modifiers 4
adding CmdAutoExplore subaction: <Keyboard>/numpad0 with modifiers 0
adding CmdAutoExplore subaction: <Gamepad>/buttonNorth with modifiers 8
adding CmdWalk subaction: <Keyboard>/w with modifiers 0
adding CmdAutoAttack subaction: <Keyboard>/a with modifiers 1
adding Use Ability subaction: <Gamepad>/buttonWest with modifiers 0
adding CmdCompanions subaction: <Keyboard>/c with modifiers 1
adding Next Ability subaction: <Gamepad>/dpad/right with modifiers 0
adding Previous Ability subaction: <Gamepad>/dpad/left with modifiers 0
adding CmdStartTrade subaction: <Keyboard>/tab with modifiers 0
adding CmdStartTrade subaction: <Keyboard>/T with modifiers 0
adding CmdStartTrade subaction: <Gamepad>/start with modifiers 0
adding CmdTradeAdd subaction: <Keyboard>/equals with modifiers 0
adding CmdTradeAdd subaction: <Keyboard>/numpadPlus with modifiers 0
adding CmdTradeAdd subaction: <Keyboard>/numpad9 with modifiers 0
adding CmdTradeAdd subaction: <Gamepad>/rightShoulder with modifiers 0
adding CmdTradeRemove subaction: <Keyboard>/minus with modifiers 0
adding CmdTradeRemove subaction: <Keyboard>/numpadMinus with modifiers 0
adding CmdTradeRemove subaction: <Keyboard>/numpad7 with modifiers 0
adding CmdTradeRemove subaction: <Gamepad>/leftShoulder with modifiers 0
adding CmdTradeAllItems subaction: <Keyboard>/enter with modifiers 0
adding CmdTradeAllItems subaction: <Keyboard>/numpadEnter with modifiers 0
adding CmdTradeAllItems subaction: <Keyboard>/space with modifiers 1
adding CmdTradeAllItems subaction: <Gamepad>/rightTrigger with modifiers 0
adding CmdTradeAllItems subaction: <Gamepad>/buttonSouth with modifiers 0
adding CmdTradeToggleAll subaction: <Keyboard>/tab with modifiers 0
adding CmdTradeOffer subaction: <Keyboard>/o with modifiers 0
adding CmdTradeOffer subaction: <Gamepad>/buttonWest with modifiers 0
adding CmdVendorActions subaction: <Keyboard>/space with modifiers 0
adding CmdVendorActions subaction: <Gamepad>/buttonNorth with modifiers 0
adding CmdVendorRepair subaction: <Keyboard>/r with modifiers 0
adding CmdVendorLook subaction: <Keyboard>/l with modifiers 0
adding CmdVendorRecharge subaction: <Keyboard>/c with modifiers 0
adding CmdVendorRead subaction: <Keyboard>/b with modifiers 0
adding CmdVendorExamine subaction: <Keyboard>/i with modifiers 0
adding CmdInventory subaction: <Keyboard>/i with modifiers 0
adding CmdEquipment subaction: <Keyboard>/e with modifiers 0
adding CmdSkillsPowers subaction: <Keyboard>/k with modifiers 0
adding CmdCharacter subaction: <Keyboard>/tab with modifiers 0
adding CmdCharacter subaction: <Keyboard>/x with modifiers 0
adding CmdCharacter subaction: <Gamepad>/start with modifiers 0
adding CmdQuests subaction: <Keyboard>/q with modifiers 0
adding CmdFactions subaction: <Keyboard>/f with modifiers 1
adding CmdTinkering subaction: <Keyboard>/n with modifiers 0
adding CmdJournal subaction: <Keyboard>/j with modifiers 0
adding CmdActiveEffects subaction: <Keyboard>/e with modifiers 1
adding CmdMissileWeaponMenu subaction: <Gamepad>/buttonNorth with modifiers 0
adding CmdTargetSelf subaction: <Keyboard>/numpad5 with modifiers 0
adding CmdTargetSelf subaction: <Keyboard>/period with modifiers 0
adding CmdTargetSelf subaction: <Gamepad>/leftShoulder with modifiers 0
adding CmdMarkTarget subaction: <Keyboard>/m with modifiers 0
adding CmdLockUnlock subaction: <Keyboard>/F1 with modifiers 0
adding CmdLockUnlock subaction: <Gamepad>/rightStickPress with modifiers 0
adding CmdAltFire1 subaction: <Keyboard>/1 with modifiers 0
adding CmdAltFire2 subaction: <Keyboard>/2 with modifiers 0
adding CmdAltFire3 subaction: <Keyboard>/3 with modifiers 0
adding CmdAltFire4 subaction: <Keyboard>/4 with modifiers 0
adding CmdAltFire5 subaction: <Keyboard>/5 with modifiers 0
adding CmdMoveNW subaction: <Keyboard>/numpad7 with modifiers 0
adding CmdMoveNW subaction: <Keyboard>/upArrow with modifiers 4
adding CmdMoveN subaction: <Keyboard>/numpad8 with modifiers 0
adding CmdMoveN subaction: <Keyboard>/upArrow with modifiers 0
adding CmdMoveNE subaction: <Keyboard>/numpad9 with modifiers 0
adding CmdMoveNE subaction: <Keyboard>/rightArrow with modifiers 4
adding CmdMoveW subaction: <Keyboard>/numpad4 with modifiers 0
adding CmdMoveW subaction: <Keyboard>/leftArrow with modifiers 0
adding CmdMoveE subaction: <Keyboard>/numpad6 with modifiers 0
adding CmdMoveE subaction: <Keyboard>/rightArrow with modifiers 0
adding CmdMoveSW subaction: <Keyboard>/numpad1 with modifiers 0
adding CmdMoveSW subaction: <Keyboard>/leftArrow with modifiers 4
adding CmdMoveS subaction: <Keyboard>/numpad2 with modifiers 0
adding CmdMoveS subaction: <Keyboard>/downArrow with modifiers 0
adding CmdMoveSE subaction: <Keyboard>/numpad3 with modifiers 0
adding CmdMoveSE subaction: <Keyboard>/downArrow with modifiers 4
adding CmdMoveU subaction: <Keyboard>/numpadMinus with modifiers 0
adding CmdMoveU subaction: <Keyboard>/comma with modifiers 4
adding CmdMoveU subaction: <Gamepad>/dpad/up with modifiers 0
adding CmdMoveD subaction: <Keyboard>/numpadPlus with modifiers 0
adding CmdMoveD subaction: <Keyboard>/period with modifiers 4
adding CmdMoveD subaction: <Gamepad>/dpad/down with modifiers 0
adding CmdMoveTo subaction: <Keyboard>/enter with modifiers 1
adding CmdMoveToEdge subaction: <Keyboard>/enter with modifiers 4
adding CmdMoveToPointOfInterest subaction: <Keyboard>/backspace with modifiers 0
adding CmdMoveToPointOfInterest subaction: <Gamepad>/buttonNorth with modifiers 0
adding CmdAttackNW subaction: <Keyboard>/numpad7 with modifiers 1
adding CmdAttackNW subaction: <Keyboard>/upArrow with modifiers 5
adding CmdAttackN subaction: <Keyboard>/numpad8 with modifiers 1
adding CmdAttackN subaction: <Keyboard>/upArrow with modifiers 1
adding CmdAttackNE subaction: <Keyboard>/numpad9 with modifiers 1
adding CmdAttackNE subaction: <Keyboard>/rightArrow with modifiers 5
adding CmdAttackW subaction: <Keyboard>/numpad4 with modifiers 1
adding CmdAttackW subaction: <Keyboard>/leftArrow with modifiers 1
adding CmdAttackE subaction: <Keyboard>/numpad6 with modifiers 1
adding CmdAttackE subaction: <Keyboard>/rightArrow with modifiers 1
adding CmdAttackSW subaction: <Keyboard>/numpad1 with modifiers 1
adding CmdAttackSW subaction: <Keyboard>/leftArrow with modifiers 5
adding CmdAttackS subaction: <Keyboard>/numpad2 with modifiers 1
adding CmdAttackS subaction: <Keyboard>/downArrow with modifiers 1
adding CmdAttackSE subaction: <Keyboard>/numpad3 with modifiers 1
adding CmdAttackSE subaction: <Keyboard>/downArrow with modifiers 5
adding CmdAttackU subaction: <Keyboard>/numpadMinus with modifiers 1
adding CmdAttackU subaction: <Keyboard>/period with modifiers 5
adding CmdAttackD subaction: <Keyboard>/numpadPlus with modifiers 1
adding CmdAttackD subaction: <Keyboard>/comma with modifiers 5
adding CmdAttackDirection subaction: <Keyboard>/backslash with modifiers 0
adding CmdAttackCell subaction: <Keyboard>/backslash with modifiers 1
adding CmdAbility1 subaction: <Keyboard>/1 with modifiers 0
adding CmdAbility2 subaction: <Keyboard>/2 with modifiers 0
adding CmdAbility3 subaction: <Keyboard>/3 with modifiers 0
adding CmdAbility4 subaction: <Keyboard>/4 with modifiers 0
adding CmdAbility5 subaction: <Keyboard>/5 with modifiers 0
adding CmdAbility6 subaction: <Keyboard>/6 with modifiers 0
adding CmdAbility7 subaction: <Keyboard>/7 with modifiers 0
adding CmdAbility8 subaction: <Keyboard>/8 with modifiers 0
adding CmdAbility9 subaction: <Keyboard>/9 with modifiers 0
adding CmdAbility10 subaction: <Keyboard>/0 with modifiers 0
adding CmdAbilityBar1 subaction: <Keyboard>/1 with modifiers 1
adding CmdAbilityBar2 subaction: <Keyboard>/2 with modifiers 1
adding CmdAbilityBar3 subaction: <Keyboard>/3 with modifiers 1
adding CmdAbilityBar4 subaction: <Keyboard>/4 with modifiers 1
adding CmdAbilityBar5 subaction: <Keyboard>/5 with modifiers 1
adding CmdAbilityNextPage subaction: <Keyboard>/tab with modifiers 1
adding CmdAbilityPrevPage subaction: <Keyboard>/tab with modifiers 5
adding CmdShowSidebar subaction: <Keyboard>/numpadDivide with modifiers 0
adding CmdShowSidebarMessages subaction: <Keyboard>/numpadMultiply with modifiers 0
adding CmdChargenRandom subaction: <Keyboard>/r with modifiers 0
adding CmdChargenRandom subaction: <Gamepad>/buttonWest with modifiers 0
adding CmdChargenReset subaction: <Keyboard>/delete with modifiers 0
adding CmdChargenReset subaction: <Gamepad>/buttonNorth with modifiers 0
adding CmdChargenItemOptions subaction: <Keyboard>/o with modifiers 0
adding CmdChargenItemOptions subaction: <Gamepad>/dpad/left with modifiers 0
adding CmdChargenMutationVariant subaction: <Keyboard>/v with modifiers 0
adding CmdQuit subaction: <Keyboard>/q with modifiers 1
adding CmdLoad subaction: <Keyboard>/F9 with modifiers 0
adding CmdSave subaction: <Keyboard>/F5 with modifiers 0
adding CmdSystemMenu subaction: <Keyboard>/escape with modifiers 0
adding CmdSystemMenu subaction: <Gamepad>/select with modifiers 0
adding CmdWish subaction: <Keyboard>/w with modifiers 1
Starting game thread...
Data path: /home/lucas/.local/share/Steam/steamapps/common/Caves of Qud/CoQ_Data/StreamingAssets/Base
Save path: /home/lucas/.config/unity3d/Freehold Games/CavesOfQud
Starting core...
Started!
Cleaning up...
Starting up XRL...
Initialize Genders and Pronoun Sets...
Initialize Name Styles...
INFO - Loading Naming.xml
Initilization complete...
PlayFab player id: 15780eee-6c0b-44fe-9462-9b26b39bfed2
STEAM - User stats retrieved.
INFO - Done Loading Naming.xml in 9ms
Loading World Blueprints...
Loading Help...
Init Pathfinder...
Init Console UIs...
INFO - Loading ObjectBlueprints.xml
INFO - Loading Mutations.xml
INFO - Done Loading Mutations.xml in 14ms
PlayFab login success.
PlayFab token expires 05/13/2024 13:19:31
INFO - Initialize tinkering
INFO - Done Initialize tinkering in 12ms
MODERROR [Collection of Castes and Callings] - System.Exception: File: file:///home/lucas/.local/share/Steam/steamapps/workshop/content/333640/2827636222/ObjectBlueprints.xml, Line: 45:6 Could not find XRL.World.Parts.ModRazored, element ignored.
INFO - Cleared 0 orphaned part reflection caches.
WARN - Unnamed part nodes detected in wandererlongsword
INFO - Done Loading ObjectBlueprints.xml in 2523ms
INFO - Dispatch LoadBlueprint
INFO - Loading Mods.xml
INFO - Done Loading Mods.xml in 3ms
INFO - Loading Bodies.xml
INFO - Done Loading Bodies.xml in 8ms
INFO - Loading Skills.xml
MODWARN [Your Own Personal Relics] - XmlDataHelper:: file:///home/lucas/.local/share/Steam/steamapps/workshop/content/333640/2145199174/Skills.xml line 3 char 38
Unused attribute "Load" detected.
INFO - Done Loading Skills.xml in 4ms
INFO - Initialize liquids
INFO - Done Initialize liquids in 25ms
INFO - Loading PopulationTables.xml
MODWARN [Collection of Castes and Callings] - XmlDataHelper:: file:///home/lucas/.local/share/Steam/steamapps/workshop/content/333640/2827636222/PopulationTables.xml line 5 char 6
Required attribute "Name" missing
MODWARN [Collection of Castes and Callings] - XmlDataHelper:: file:///home/lucas/.local/share/Steam/steamapps/workshop/content/333640/2827636222/PopulationTables.xml line 50 char 6
Required attribute "Name" missing
MODWARN [Collection of Castes and Callings] - XmlDataHelper:: file:///home/lucas/.local/share/Steam/steamapps/workshop/content/333640/2827636222/PopulationTables.xml line 73 char 6
Required attribute "Name" missing
MODWARN [Collection of Castes and Callings] - XmlDataHelper:: file:///home/lucas/.local/share/Steam/steamapps/workshop/content/333640/2827636222/PopulationTables.xml line 95 char 6
Required attribute "Name" missing
MODWARN [Collection of Castes and Callings] - XmlDataHelper:: file:///home/lucas/.local/share/Steam/steamapps/workshop/content/333640/2827636222/PopulationTables.xml line 116 char 6
Required attribute "Name" missing
MODWARN [Collection of Castes and Callings] - XmlDataHelper:: file:///home/lucas/.local/share/Steam/steamapps/workshop/content/333640/2827636222/PopulationTables.xml line 162 char 6
Required attribute "Name" missing
MODWARN [Collection of Castes and Callings] - XmlDataHelper:: file:///home/lucas/.local/share/Steam/steamapps/workshop/content/333640/2827636222/PopulationTables.xml line 186 char 6
Required attribute "Name" missing
MODWARN [Collection of Castes and Callings] - XmlDataHelper:: file:///home/lucas/.local/share/Steam/steamapps/workshop/content/333640/2827636222/PopulationTables.xml line 206 char 6
Required attribute "Name" missing
MODWARN [Collection of Castes and Callings] - XmlDataHelper:: file:///home/lucas/.local/share/Steam/steamapps/workshop/content/333640/2827636222/PopulationTables.xml line 219 char 6
Required attribute "Name" missing
MODWARN [Collection of Castes and Callings] - XmlDataHelper:: file:///home/lucas/.local/share/Steam/steamapps/workshop/content/333640/2827636222/PopulationTables.xml line 236 char 6
Required attribute "Name" missing
MODWARN [Collection of Castes and Callings] - XmlDataHelper:: file:///home/lucas/.local/share/Steam/steamapps/workshop/content/333640/2827636222/PopulationTables.xml line 253 char 6
Required attribute "Name" missing
MODWARN [Collection of Castes and Callings] - XmlDataHelper:: file:///home/lucas/.local/share/Steam/steamapps/workshop/content/333640/2827636222/PopulationTables.xml line 271 char 6
Required attribute "Name" missing
MODWARN [Collection of Castes and Callings] - XmlDataHelper:: file:///home/lucas/.local/share/Steam/steamapps/workshop/content/333640/2827636222/PopulationTables.xml line 286 char 6
Required attribute "Name" missing
MODWARN [Collection of Castes and Callings] - XmlDataHelper:: file:///home/lucas/.local/share/Steam/steamapps/workshop/content/333640/2827636222/PopulationTables.xml line 303 char 6
Required attribute "Name" missing
INFO - Done Loading PopulationTables.xml in 24ms
INFO - Done Dispatch LoadBlueprint in 572ms
INFO - Loading ZoneTemplates.xml
INFO - Done Loading ZoneTemplates.xml in 3ms
INFO - Loading Quests.xml
INFO - Done Loading Quests.xml in 4ms
INFO - Loading BuildingTiles.txt
INFO - Done Loading BuildingTiles.txt in 3ms
INFO - Loading Conversations.xml
INFO - Done Loading Conversations.xml in 51ms
Starting Game...
UI Manager
INFO - Loading Factions.xml
INFO - Done Loading Factions.xml in 8ms
INFO - Loading PronounSets.xml
INFO - Done Loading PronounSets.xml in 0ms
UI Manager
UI Manager
UI Manager
UI Manager
UI Manager
UI Manager
UI Manager
UI Manager
UI Manager
UI Manager
exiting with info
INFO - Beginning world build for seed: 0cedb6ed-0786-40f4-86a0-606419c08344
INFO - Loading HistorySpice.json
INFO - Done Loading HistorySpice.json in 31ms
INFO - Loading Factions.xml
INFO - Done Loading Factions.xml in 2ms
INFO - Building zone...
INFO - Done Building zone... in 83ms
INFO - Placing canyons
INFO - Placing rivers
INFO - Placing roads
INFO - Placing forts
INFO - Placing farms
INFO - Placing static encounters
INFO - Placing Bey Lah
INFO - Placing Hydropon
INFO - Placing Oboroqoru's lair
INFO - Placing waterways
INFO - Creating sultan entries
INFO - Recording sultan aliases
INFO - Placing historic sites
INFO - Renaming sultan tombs
INFO - Placing lairs
INFO - Placing lairs
INFO - Placing villages
INFO - Placing secrets
INFO - Generating dynamic quests
Couldn't find enemy settlement for village: Qanip at 12 to 18
Couldn't find enemy settlement for village: Ushur at 12 to 18
Couldn't find village for village: Nanepad at 12 to 18
Couldn't find village for village: Sappir at 12 to 18
Couldn't find village for village: Mabal at 12 to 18
Couldn't find friendly settlement for village: Mabal at 9 to 21
INFO - Placing clams
INFO - Requiring faction heirlooms
INFO - Creating gossip
INFO - Creating observations
INFO - Placing teleport gates
INFO - Cached objects: 1527
INFO - Building zone...
INFO - Done Building zone... in 107ms
Queueing suspendzone JoppaWorld for 40
Attempting to suspend zone
INFO - Building zone...
INFO - Done Building zone... in 617ms
Queueing suspendzone JoppaWorld.11.22.1.0.10 for 40
Attempting to suspend zone
Parent of RectTransform is being set with parent property. Consider using the SetParent method instead, with the worldPositionStays argument set to false. This will retain local orientation and scale rather than world orientation and scale, which can prevent common UI scaling issues.
Parent of RectTransform is being set with parent property. Consider using the SetParent method instead, with the worldPositionStays argument set to false. This will retain local orientation and scale rather than world orientation and scale, which can prevent common UI scaling issues.
INFO - Building zone...
INFO - Done Building zone... in 19ms
Queueing suspendzone JoppaWorld for 40
INFO - Saving game
INFO - Done Saving game in 222ms
Attempting to suspend zone
INFO - Building zone...
INFO - Done Building zone... in 58ms
Queueing suspendzone JoppaWorld.11.22.1.1.10 for 40
Attempting to suspend zone
Queueing suspendzone JoppaWorld.11.22.1.0.10 for 40
Attempting to suspend zone
Queueing suspendzone JoppaWorld.11.22.0.2.10 for 40
INFO - Building zone...
INFO - Done Building zone... in 33ms
INFO - Freezing zone...
INFO - Done Freezing zone... in 35ms
INFO - Freezing zone...
INFO - Done Freezing zone... in 112ms
Attempting to suspend zone
INFO - Building zone...
INFO - Done Building zone... in 251ms
INFO - Freezing zone...
INFO - Done Freezing zone... in 5ms
Queueing suspendzone JoppaWorld.11.22.0.1.10 for 40
Attempting to suspend zone
INFO - Building zone...
*** T= 178 using sample: vaults3 16x16 pi:True po:False s:8 g:0
Init T=178
Reinitializing weightLogWeights to T=350
Reinitializing stack to T=350
INFO - Done Building zone... in 4676ms
INFO - Freezing zone...
INFO - Done Freezing zone... in 10ms
Queueing suspendzone JoppaWorld.11.22.0.0.10 for 40
Attempting to suspend zone
Queueing suspendzone JoppaWorld.11.21.0.2.10 for 40
Attempting to suspend zone
INFO - Building zone...
INFO - Done Building zone... in 389ms
INFO - Freezing zone...
INFO - Done Freezing zone... in 36ms
INFO - Freezing zone...
INFO - Done Freezing zone... in 4ms
INFO - Saving game
INFO - Done Saving game in 224ms
Queueing suspendzone JoppaWorld.11.21.0.1.10 for 40
Attempting to suspend zone
INFO - Building zone...
INFO - Done Building zone... in 15ms
INFO - Freezing zone...
INFO - Done Freezing zone... in 35ms
Queueing suspendzone JoppaWorld.11.21.0.0.10 for 40
Attempting to suspend zone
INFO - Building zone...
INFO - Done Building zone... in 15ms
INFO - Freezing zone...
INFO - Done Freezing zone... in 40ms
INFO - Building zone...
INFO - Done Building zone... in 38ms
Loading user prefs
Queueing suspendzone JoppaWorld for 40
Queueing suspendzone JoppaWorld.11.20.0.1.10 for 40
Queueing suspendzone JoppaWorld.11.20.0.2.10 for 40
Attempting to suspend zone
Attempting to suspend zone
Attempting to suspend zone
Base Menu:Navigate Right Pressed
deathCategory: bitten to death
UI Manager
INFO - Loading Factions.xml
INFO - Done Loading Factions.xml in 1ms
Parent of RectTransform is being set with parent property. Consider using the SetParent method instead, with the worldPositionStays argument set to false. This will retain local orientation and scale rather than world orientation and scale, which can prevent common UI scaling issues.
Parent of RectTransform is being set with parent property. Consider using the SetParent method instead, with the worldPositionStays argument set to false. This will retain local orientation and scale rather than world orientation and scale, which can prevent common UI scaling issues.
Parent of RectTransform is being set with parent property. Consider using the SetParent method instead, with the worldPositionStays argument set to false. This will retain local orientation and scale rather than world orientation and scale, which can prevent common UI scaling issues.
Parent of RectTransform is being set with parent property. Consider using the SetParent method instead, with the worldPositionStays argument set to false. This will retain local orientation and scale rather than world orientation and scale, which can prevent common UI scaling issues.
Parent of RectTransform is being set with parent property. Consider using the SetParent method instead, with the worldPositionStays argument set to false. This will retain local orientation and scale rather than world orientation and scale, which can prevent common UI scaling issues.
Parent of RectTransform is being set with parent property. Consider using the SetParent method instead, with the worldPositionStays argument set to false. This will retain local orientation and scale rather than world orientation and scale, which can prevent common UI scaling issues.
Parent of RectTransform is being set with parent property. Consider using the SetParent method instead, with the worldPositionStays argument set to false. This will retain local orientation and scale rather than world orientation and scale, which can prevent common UI scaling issues.
Parent of RectTransform is being set with parent property. Consider using the SetParent method instead, with the worldPositionStays argument set to false. This will retain local orientation and scale rather than world orientation and scale, which can prevent common UI scaling issues.
Parent of RectTransform is being set with parent property. Consider using the SetParent method instead, with the worldPositionStays argument set to false. This will retain local orientation and scale rather than world orientation and scale, which can prevent common UI scaling issues.
Parent of RectTransform is being set with parent property. Consider using the SetParent method instead, with the worldPositionStays argument set to false. This will retain local orientation and scale rather than world orientation and scale, which can prevent common UI scaling issues.
Parent of RectTransform is being set with parent property. Consider using the SetParent method instead, with the worldPositionStays argument set to false. This will retain local orientation and scale rather than world orientation and scale, which can prevent common UI scaling issues.
Parent of RectTransform is being set with parent property. Consider using the SetParent method instead, with the worldPositionStays argument set to false. This will retain local orientation and scale rather than world orientation and scale, which can prevent common UI scaling issues.
Parent of RectTransform is being set with parent property. Consider using the SetParent method instead, with the worldPositionStays argument set to false. This will retain local orientation and scale rather than world orientation and scale, which can prevent common UI scaling issues.
Parent of RectTransform is being set with parent property. Consider using the SetParent method instead, with the worldPositionStays argument set to false. This will retain local orientation and scale rather than world orientation and scale, which can prevent common UI scaling issues.
Parent of RectTransform is being set with parent property. Consider using the SetParent method instead, with the worldPositionStays argument set to false. This will retain local orientation and scale rather than world orientation and scale, which can prevent common UI scaling issues.
Parent of RectTransform is being set with parent property. Consider using the SetParent method instead, with the worldPositionStays argument set to false. This will retain local orientation and scale rather than world orientation and scale, which can prevent common UI scaling issues.
Parent of RectTransform is being set with parent property. Consider using the SetParent method instead, with the worldPositionStays argument set to false. This will retain local orientation and scale rather than world orientation and scale, which can prevent common UI scaling issues.
Parent of RectTransform is being set with parent property. Consider using the SetParent method instead, with the worldPositionStays argument set to false. This will retain local orientation and scale rather than world orientation and scale, which can prevent common UI scaling issues.
Parent of RectTransform is being set with parent property. Consider using the SetParent method instead, with the worldPositionStays argument set to false. This will retain local orientation and scale rather than world orientation and scale, which can prevent common UI scaling issues.
Parent of RectTransform is being set with parent property. Consider using the SetParent method instead, with the worldPositionStays argument set to false. This will retain local orientation and scale rather than world orientation and scale, which can prevent common UI scaling issues.
Parent of RectTransform is being set with parent property. Consider using the SetParent method instead, with the worldPositionStays argument set to false. This will retain local orientation and scale rather than world orientation and scale, which can prevent common UI scaling issues.
Parent of RectTransform is being set with parent property. Consider using the SetParent method instead, with the worldPositionStays argument set to false. This will retain local orientation and scale rather than world orientation and scale, which can prevent common UI scaling issues.
Parent of RectTransform is being set with parent property. Consider using the SetParent method instead, with the worldPositionStays argument set to false. This will retain local orientation and scale rather than world orientation and scale, which can prevent common UI scaling issues.
Parent of RectTransform is being set with parent property. Consider using the SetParent method instead, with the worldPositionStays argument set to false. This will retain local orientation and scale rather than world orientation and scale, which can prevent common UI scaling issues.
Parent of RectTransform is being set with parent property. Consider using the SetParent method instead, with the worldPositionStays argument set to false. This will retain local orientation and scale rather than world orientation and scale, which can prevent common UI scaling issues.
Parent of RectTransform is being set with parent property. Consider using the SetParent method instead, with the worldPositionStays argument set to false. This will retain local orientation and scale rather than world orientation and scale, which can prevent common UI scaling issues.
Parent of RectTransform is being set with parent property. Consider using the SetParent method instead, with the worldPositionStays argument set to false. This will retain local orientation and scale rather than world orientation and scale, which can prevent common UI scaling issues.
Parent of RectTransform is being set with parent property. Consider using the SetParent method instead, with the worldPositionStays argument set to false. This will retain local orientation and scale rather than world orientation and scale, which can prevent common UI scaling issues.
Parent of RectTransform is being set with parent property. Consider using the SetParent method instead, with the worldPositionStays argument set to false. This will retain local orientation and scale rather than world orientation and scale, which can prevent common UI scaling issues.
Parent of RectTransform is being set with parent property. Consider using the SetParent method instead, with the worldPositionStays argument set to false. This will retain local orientation and scale rather than world orientation and scale, which can prevent common UI scaling issues.
Parent of RectTransform is being set with parent property. Consider using the SetParent method instead, with the worldPositionStays argument set to false. This will retain local orientation and scale rather than world orientation and scale, which can prevent common UI scaling issues.
Parent of RectTransform is being set with parent property. Consider using the SetParent method instead, with the worldPositionStays argument set to false. This will retain local orientation and scale rather than world orientation and scale, which can prevent common UI scaling issues.
Parent of RectTransform is being set with parent property. Consider using the SetParent method instead, with the worldPositionStays argument set to false. This will retain local orientation and scale rather than world orientation and scale, which can prevent common UI scaling issues.
Parent of RectTransform is being set with parent property. Consider using the SetParent method instead, with the worldPositionStays argument set to false. This will retain local orientation and scale rather than world orientation and scale, which can prevent common UI scaling issues.
Parent of RectTransform is being set with parent property. Consider using the SetParent method instead, with the worldPositionStays argument set to false. This will retain local orientation and scale rather than world orientation and scale, which can prevent common UI scaling issues.
Parent of RectTransform is being set with parent property. Consider using the SetParent method instead, with the worldPositionStays argument set to false. This will retain local orientation and scale rather than world orientation and scale, which can prevent common UI scaling issues.
Parent of RectTransform is being set with parent property. Consider using the SetParent method instead, with the worldPositionStays argument set to false. This will retain local orientation and scale rather than world orientation and scale, which can prevent common UI scaling issues.
Parent of RectTransform is being set with parent property. Consider using the SetParent method instead, with the worldPositionStays argument set to false. This will retain local orientation and scale rather than world orientation and scale, which can prevent common UI scaling issues.
Parent of RectTransform is being set with parent property. Consider using the SetParent method instead, with the worldPositionStays argument set to false. This will retain local orientation and scale rather than world orientation and scale, which can prevent common UI scaling issues.
Parent of RectTransform is being set with parent property. Consider using the SetParent method instead, with the worldPositionStays argument set to false. This will retain local orientation and scale rather than world orientation and scale, which can prevent common UI scaling issues.
Parent of RectTransform is being set with parent property. Consider using the SetParent method instead, with the worldPositionStays argument set to false. This will retain local orientation and scale rather than world orientation and scale, which can prevent common UI scaling issues.
Parent of RectTransform is being set with parent property. Consider using the SetParent method instead, with the worldPositionStays argument set to false. This will retain local orientation and scale rather than world orientation and scale, which can prevent common UI scaling issues.
Parent of RectTransform is being set with parent property. Consider using the SetParent method instead, with the worldPositionStays argument set to false. This will retain local orientation and scale rather than world orientation and scale, which can prevent common UI scaling issues.
Parent of RectTransform is being set with parent property. Consider using the SetParent method instead, with the worldPositionStays argument set to false. This will retain local orientation and scale rather than world orientation and scale, which can prevent common UI scaling issues.
Parent of RectTransform is being set with parent property. Consider using the SetParent method instead, with the worldPositionStays argument set to false. This will retain local orientation and scale rather than world orientation and scale, which can prevent common UI scaling issues.
Parent of RectTransform is being set with parent property. Consider using the SetParent method instead, with the worldPositionStays argument set to false. This will retain local orientation and scale rather than world orientation and scale, which can prevent common UI scaling issues.
Parent of RectTransform is being set with parent property. Consider using the SetParent method instead, with the worldPositionStays argument set to false. This will retain local orientation and scale rather than world orientation and scale, which can prevent common UI scaling issues.
Parent of RectTransform is being set with parent property. Consider using the SetParent method instead, with the worldPositionStays argument set to false. This will retain local orientation and scale rather than world orientation and scale, which can prevent common UI scaling issues.
Parent of RectTransform is being set with parent property. Consider using the SetParent method instead, with the worldPositionStays argument set to false. This will retain local orientation and scale rather than world orientation and scale, which can prevent common UI scaling issues.
Parent of RectTransform is being set with parent property. Consider using the SetParent method instead, with the worldPositionStays argument set to false. This will retain local orientation and scale rather than world orientation and scale, which can prevent common UI scaling issues.
Parent of RectTransform is being set with parent property. Consider using the SetParent method instead, with the worldPositionStays argument set to false. This will retain local orientation and scale rather than world orientation and scale, which can prevent common UI scaling issues.
Parent of RectTransform is being set with parent property. Consider using the SetParent method instead, with the worldPositionStays argument set to false. This will retain local orientation and scale rather than world orientation and scale, which can prevent common UI scaling issues.
Parent of RectTransform is being set with parent property. Consider using the SetParent method instead, with the worldPositionStays argument set to false. This will retain local orientation and scale rather than world orientation and scale, which can prevent common UI scaling issues.
Parent of RectTransform is being set with parent property. Consider using the SetParent method instead, with the worldPositionStays argument set to false. This will retain local orientation and scale rather than world orientation and scale, which can prevent common UI scaling issues.
Parent of RectTransform is being set with parent property. Consider using the SetParent method instead, with the worldPositionStays argument set to false. This will retain local orientation and scale rather than world orientation and scale, which can prevent common UI scaling issues.
Parent of RectTransform is being set with parent property. Consider using the SetParent method instead, with the worldPositionStays argument set to false. This will retain local orientation and scale rather than world orientation and scale, which can prevent common UI scaling issues.
Parent of RectTransform is being set with parent property. Consider using the SetParent method instead, with the worldPositionStays argument set to false. This will retain local orientation and scale rather than world orientation and scale, which can prevent common UI scaling issues.
Parent of RectTransform is being set with parent property. Consider using the SetParent method instead, with the worldPositionStays argument set to false. This will retain local orientation and scale rather than world orientation and scale, which can prevent common UI scaling issues.
Parent of RectTransform is being set with parent property. Consider using the SetParent method instead, with the worldPositionStays argument set to false. This will retain local orientation and scale rather than world orientation and scale, which can prevent common UI scaling issues.
Parent of RectTransform is being set with parent property. Consider using the SetParent method instead, with the worldPositionStays argument set to false. This will retain local orientation and scale rather than world orientation and scale, which can prevent common UI scaling issues.
Parent of RectTransform is being set with parent property. Consider using the SetParent method instead, with the worldPositionStays argument set to false. This will retain local orientation and scale rather than world orientation and scale, which can prevent common UI scaling issues.
Parent of RectTransform is being set with parent property. Consider using the SetParent method instead, with the worldPositionStays argument set to false. This will retain local orientation and scale rather than world orientation and scale, which can prevent common UI scaling issues.
Parent of RectTransform is being set with parent property. Consider using the SetParent method instead, with the worldPositionStays argument set to false. This will retain local orientation and scale rather than world orientation and scale, which can prevent common UI scaling issues.
Parent of RectTransform is being set with parent property. Consider using the SetParent method instead, with the worldPositionStays argument set to false. This will retain local orientation and scale rather than world orientation and scale, which can prevent common UI scaling issues.
Parent of RectTransform is being set with parent property. Consider using the SetParent method instead, with the worldPositionStays argument set to false. This will retain local orientation and scale rather than world orientation and scale, which can prevent common UI scaling issues.
Parent of RectTransform is being set with parent property. Consider using the SetParent method instead, with the worldPositionStays argument set to false. This will retain local orientation and scale rather than world orientation and scale, which can prevent common UI scaling issues.
Parent of RectTransform is being set with parent property. Consider using the SetParent method instead, with the worldPositionStays argument set to false. This will retain local orientation and scale rather than world orientation and scale, which can prevent common UI scaling issues.
Parent of RectTransform is being set with parent property. Consider using the SetParent method instead, with the worldPositionStays argument set to false. This will retain local orientation and scale rather than world orientation and scale, which can prevent common UI scaling issues.
Parent of RectTransform is being set with parent property. Consider using the SetParent method instead, with the worldPositionStays argument set to false. This will retain local orientation and scale rather than world orientation and scale, which can prevent common UI scaling issues.
Parent of RectTransform is being set with parent property. Consider using the SetParent method instead, with the worldPositionStays argument set to false. This will retain local orientation and scale rather than world orientation and scale, which can prevent common UI scaling issues.
INFO - Loading PronounSets.xml
INFO - Done Loading PronounSets.xml in 0ms
UI Manager
UI Manager
UI Manager
UI Manager
UI Manager
UI Manager
UI Manager
exiting with info
INFO - Beginning world build for seed: a064bf27-9ece-41ae-bf68-a926b83f4e68
INFO - Loading Factions.xml
INFO - Done Loading Factions.xml in 1ms
Failed to get faction: 
Failed to get faction: 
INFO - Building zone...
INFO - Done Building zone... in 34ms
INFO - Placing canyons
INFO - Placing rivers
INFO - Placing roads
INFO - Placing forts
INFO - Placing farms
INFO - Placing static encounters
INFO - Placing Bey Lah
INFO - Placing Hydropon
INFO - Placing Oboroqoru's lair
INFO - Placing waterways
INFO - Creating sultan entries
INFO - Recording sultan aliases
INFO - Placing historic sites
INFO - Renaming sultan tombs
INFO - Placing lairs
INFO - Placing lairs
INFO - Placing villages
INFO - Placing secrets
INFO - Generating dynamic quests
Couldn't find village for village: Dushan at 12 to 18
Couldn't find village for village: Irqawar at 12 to 18
Couldn't find friendly settlement for village: Bish at 12 to 18
Couldn't find lair for village: Subyr at 12 to 18
Couldn't find friendly settlement for village: Durashan at 12 to 18
Couldn't find friendly settlement for village: Karappur at 12 to 18
INFO - Placing clams
INFO - Requiring faction heirlooms
INFO - Creating gossip
INFO - Creating observations
INFO - Placing teleport gates
INFO - Cached objects: 1561
INFO - Building zone...
*** T= 337 using sample: huts12 14x15 pi:True po:False s:8 g:0
Init T=337
INFO - Done Building zone... in 1016ms
Queueing suspendzone JoppaWorld for 40
Attempting to suspend zone
0 / 924
INFO - Building zone...
INFO - Done Building zone... in 454ms
InvalidOperationException: Collection was modified; enumeration operation may not execute.
  at System.Collections.Generic.Stack`1+Enumerator[T].MoveNext () [0x00013] in <8f02bdf82edc4309b57af878cc7723ff>:0 
  at GameManager.AnyViewInStackForcefullscreenInModernOrLegacy () [0x00088] in <afeb0cf8b9c041228be58cfff2dae0c3>:0 
  at GameManager.RefreshLayout (System.Boolean updateForceFullscreenIfSwapped) [0x00020] in <afeb0cf8b9c041228be58cfff2dae0c3>:0 
  at GameManager.OnUpdate () [0x007b3] in <afeb0cf8b9c041228be58cfff2dae0c3>:0 
  at QupKit.BaseGameController`1[T].Update () [0x00000] in <afeb0cf8b9c041228be58cfff2dae0c3>:0 

INFO - Building zone...
INFO - Done Building zone... in 209ms
Queueing suspendzone JoppaWorld for 40
Queueing suspendzone JoppaWorld.9.20.1.1.10 for 40
Queueing suspendzone JoppaWorld.9.20.1.2.10 for 40
Attempting to suspend zone
Attempting to suspend zone
Attempting to suspend zone
INFO - Building zone...
INFO - Done Building zone... in 174ms
INFO - Freezing zone...
INFO - Done Freezing zone... in 51ms
INFO - Freezing zone...
INFO - Done Freezing zone... in 11ms
INFO - Building zone...
INFO - Done Building zone... in 24ms
INFO - Saving game
INFO - Done Saving game in 192ms
Queueing suspendzone JoppaWorld.11.23.2.1.10 for 40
Attempting to suspend zone
INFO - Building zone...
INFO - Done Building zone... in 37ms
INFO - Freezing zone...
INFO - Done Freezing zone... in 26ms
Queueing suspendzone JoppaWorld.11.23.2.0.10 for 40
Attempting to suspend zone
INFO - Building zone...
INFO - Done Building zone... in 42ms
INFO - Freezing zone...
INFO - Done Freezing zone... in 27ms
INFO - Building zone...
INFO - Done Building zone... in 408ms
Queueing suspendzone JoppaWorld for 40
Queueing suspendzone JoppaWorld.11.22.2.1.10 for 40
Queueing suspendzone JoppaWorld.11.22.2.2.10 for 40
Queueing suspendzone JoppaWorld.11.22.2.0.10 for 40
INFO - Building zone...
INFO - Done Building zone... in 255ms
INFO - Saving game
INFO - Done Saving game in 269ms
Attempting to suspend zone
Attempting to suspend zone
Attempting to suspend zone
Attempting to suspend zone
Queueing suspendzone JoppaWorld.11.21.0.1.10 for 40
Attempting to suspend zone
INFO - Building zone...
INFO - Done Building zone... in 284ms
INFO - Freezing zone...
INFO - Done Freezing zone... in 21ms
INFO - Freezing zone...
INFO - Done Freezing zone... in 15ms
INFO - Freezing zone...
INFO - Done Freezing zone... in 37ms
INFO - Freezing zone...
INFO - Done Freezing zone... in 54ms
INFO - Building zone...
INFO - Done Building zone... in 739ms
Queueing suspendzone JoppaWorld for 40
Queueing suspendzone JoppaWorld.11.21.0.2.10 for 40
Queueing suspendzone JoppaWorld.10.21.2.2.10 for 40
Attempting to suspend zone
Attempting to suspend zone
Attempting to suspend zone
Caught fatal signal - signo:11 code:1 errno:0 addr:0x2d4
Obtained 10 stack frames.
#0  0x007f201756e770 in __sigaction
#1  0x007f2018a1fa87 in PlayerMain(int, char**)
#2  0x007f2018a20922 in PlayerMain(int, char**)
#3  0x007f20183cbfc7 in (Unknown)
#4  0x007f20183cbf82 in (Unknown)
#5  0x007f20183cc288 in (Unknown)
#6  0x007f2018635d52 in PlayerMain(int, char**)
#7  0x007f2017557cd0 in __libc_init_first
#8  0x007f2017557d8a in __libc_start_main
#9  0x00000000201029 in (Unknown)
