2024-01-24 19:48:50.017 [info] Added views:workbench.panel.markers.view in workbench.panel.markers
2024-01-24 19:48:50.017 [info] Added views:workbench.panel.output in workbench.panel.output
2024-01-24 19:48:50.017 [info] Added views:terminal in terminal
2024-01-24 19:48:50.017 [info] Added views:outline in workbench.view.explorer
2024-01-24 19:48:50.017 [info] Added views:workbench.scm in workbench.view.scm
2024-01-24 19:48:50.017 [info] Added views:workbench.view.search in workbench.view.search
2024-01-24 19:48:50.017 [info] Added views:timeline in workbench.view.explorer
2024-01-24 19:48:50.017 [info] Added views:workbench.explorer.emptyView in workbench.view.explorer
2024-01-24 19:48:50.374 [info] Added views:workbench.debug.variablesView,workbench.debug.watchExpressionsView,workbench.debug.callStackView,workbench.debug.breakPointsView in workbench.view.debug
2024-01-24 19:48:50.567 [info] Added views:gitlens.views.home,gitlens.views.contributors in workbench.view.extension.gitlens
2024-01-24 19:48:50.572 [info] Added views:gitlens.views.commits,gitlens.views.commitDetails,gitlens.views.fileHistory,gitlens.views.branches,gitlens.views.remotes,gitlens.views.stashes,gitlens.views.tags,gitlens.views.searchAndCompare in workbench.view.scm
2024-01-24 19:48:50.573 [info] Added views:cm_view in workbench.view.extension.color_manager_webview_container
2024-01-24 19:48:50.963 [info] Added views:workbench.panel.repl.view in workbench.panel.repl
2024-01-24 19:48:50.966 [info] Removed views:workbench.debug.breakPointsView,workbench.debug.callStackView,workbench.debug.watchExpressionsView,workbench.debug.variablesView from workbench.view.debug
2024-01-24 19:48:50.967 [info] Added views:workbench.debug.welcome in workbench.view.debug
2024-01-24 19:48:51.459 [info] Removed views:gitlens.views.searchAndCompare,gitlens.views.tags,gitlens.views.stashes,gitlens.views.remotes,gitlens.views.branches,gitlens.views.fileHistory,gitlens.views.commitDetails,gitlens.views.commits from workbench.view.scm
2024-01-24 19:48:51.459 [info] Removed views:gitlens.views.contributors from workbench.view.extension.gitlens
2024-01-24 19:48:51.655 [info] Added views:gitlens.views.contributors in workbench.view.extension.gitlens
2024-01-24 19:48:51.656 [info] Added views:gitlens.views.commits,gitlens.views.commitDetails,gitlens.views.fileHistory,gitlens.views.branches,gitlens.views.remotes,gitlens.views.stashes,gitlens.views.tags,gitlens.views.searchAndCompare in workbench.view.scm
2024-01-24 19:48:52.087 [info] Added views:gitlens.views.timeline in workbench.view.extension.gitlensPanel
2024-01-24 19:48:52.089 [info] Added views:gitlens.views.worktrees in workbench.view.scm
